<?xml version="1.0" encoding="UTF-8"?>
<coverage generated="1737549312153" clover="3.2.0">
  <project timestamp="1737549312153" name="All files">
    <metrics statements="442" coveredstatements="342" conditionals="200" coveredconditionals="147" methods="72" coveredmethods="54" elements="714" coveredelements="543" complexity="0" loc="442" ncloc="442" packages="4" files="9" classes="9"/>
    <package name="src">
      <metrics statements="302" coveredstatements="212" conditionals="163" coveredconditionals="120" methods="53" coveredmethods="35"/>
      <file name="AudioVisualizer.js" path="/Users/tlynch/prog/lasers/src/AudioVisualizer.js">
        <metrics statements="281" coveredstatements="192" conditionals="147" coveredconditionals="105" methods="46" coveredmethods="28"/>
        <line num="24" count="51" type="stmt"/>
        <line num="25" count="51" type="stmt"/>
        <line num="26" count="51" type="stmt"/>
        <line num="27" count="51" type="stmt"/>
        <line num="28" count="51" type="stmt"/>
        <line num="29" count="51" type="stmt"/>
        <line num="30" count="51" type="stmt"/>
        <line num="33" count="51" type="stmt"/>
        <line num="44" count="51" type="stmt"/>
        <line num="45" count="51" type="stmt"/>
        <line num="48" count="51" type="stmt"/>
        <line num="50" count="51" type="stmt"/>
        <line num="51" count="51" type="stmt"/>
        <line num="52" count="51" type="stmt"/>
        <line num="55" count="51" type="stmt"/>
        <line num="57" count="51" type="stmt"/>
        <line num="60" count="51" type="stmt"/>
        <line num="64" count="51" type="stmt"/>
        <line num="65" count="51" type="stmt"/>
        <line num="69" count="69" type="stmt"/>
        <line num="70" count="69" type="stmt"/>
        <line num="74" count="2" type="stmt"/>
        <line num="75" count="2" type="cond" truecount="1" falsecount="1"/>
        <line num="76" count="2" type="stmt"/>
        <line num="79" count="1" type="stmt"/>
        <line num="80" count="1" type="stmt"/>
        <line num="81" count="1" type="stmt"/>
        <line num="82" count="1" type="stmt"/>
        <line num="84" count="1" type="stmt"/>
        <line num="85" count="1" type="stmt"/>
        <line num="88" count="1" type="stmt"/>
        <line num="89" count="1" type="stmt"/>
        <line num="94" count="2" type="cond" truecount="2" falsecount="0"/>
        <line num="95" count="1" type="stmt"/>
        <line num="97" count="1" type="stmt"/>
        <line num="101" count="51" type="stmt"/>
        <line num="102" count="4" type="cond" truecount="2" falsecount="0"/>
        <line num="105" count="1" type="stmt"/>
        <line num="106" count="1" type="stmt"/>
        <line num="109" count="1" type="cond" truecount="1" falsecount="1"/>
        <line num="110" count="0" type="stmt"/>
        <line num="114" count="1" type="cond" truecount="1" falsecount="1"/>
        <line num="115" count="1" type="stmt"/>
        <line num="116" count="1" type="stmt"/>
        <line num="118" count="1" type="stmt"/>
        <line num="124" count="1" type="cond" truecount="1" falsecount="1"/>
        <line num="125" count="0" type="stmt"/>
        <line num="127" count="1" type="stmt"/>
        <line num="131" count="1" type="cond" truecount="1" falsecount="1"/>
        <line num="132" count="1" type="cond" truecount="1" falsecount="1"/>
        <line num="133" count="1" type="stmt"/>
        <line num="136" count="1" type="cond" truecount="1" falsecount="1"/>
        <line num="137" count="1" type="cond" truecount="1" falsecount="1"/>
        <line num="138" count="1" type="stmt"/>
        <line num="141" count="1" type="cond" truecount="1" falsecount="1"/>
        <line num="142" count="0" type="stmt"/>
        <line num="145" count="1" type="stmt"/>
        <line num="150" count="52" type="stmt"/>
        <line num="151" count="671" type="stmt"/>
        <line num="152" count="671" type="cond" truecount="1" falsecount="1"/>
        <line num="153" count="0" type="stmt"/>
        <line num="154" count="0" type="cond" truecount="0" falsecount="2"/>
        <line num="155" count="0" type="stmt"/>
        <line num="161" count="52" type="cond" truecount="1" falsecount="0"/>
        <line num="162" count="936" type="stmt"/>
        <line num="163" count="936" type="cond" truecount="2" falsecount="0"/>
        <line num="164" count="671" type="stmt"/>
        <line num="165" count="0" type="stmt"/>
        <line num="166" count="0" type="stmt"/>
        <line num="167" count="0" type="stmt"/>
        <line num="170" count="671" type="stmt"/>
        <line num="175" count="52" type="stmt"/>
        <line num="176" count="52" type="cond" truecount="2" falsecount="0"/>
        <line num="177" count="41" type="stmt"/>
        <line num="181" count="52" type="stmt"/>
        <line num="182" count="52" type="cond" truecount="2" falsecount="0"/>
        <line num="183" count="49" type="stmt"/>
        <line num="184" count="0" type="cond" truecount="0" falsecount="2"/>
        <line num="185" count="0" type="stmt"/>
        <line num="187" count="0" type="stmt"/>
        <line num="193" count="52" type="stmt"/>
        <line num="194" count="52" type="cond" truecount="2" falsecount="0"/>
        <line num="195" count="45" type="stmt"/>
        <line num="196" count="1" type="stmt"/>
        <line num="197" count="1" type="cond" truecount="1" falsecount="1"/>
        <line num="198" count="0" type="stmt"/>
        <line num="204" count="52" type="stmt"/>
        <line num="205" count="52" type="cond" truecount="2" falsecount="0"/>
        <line num="206" count="45" type="stmt"/>
        <line num="207" count="0" type="stmt"/>
        <line num="208" count="0" type="stmt"/>
        <line num="213" count="52" type="stmt"/>
        <line num="214" count="52" type="stmt"/>
        <line num="215" count="52" type="stmt"/>
        <line num="216" count="52" type="stmt"/>
        <line num="217" count="52" type="stmt"/>
        <line num="218" count="52" type="stmt"/>
        <line num="219" count="52" type="stmt"/>
        <line num="220" count="52" type="stmt"/>
        <line num="221" count="52" type="stmt"/>
        <line num="222" count="52" type="stmt"/>
        <line num="223" count="52" type="stmt"/>
        <line num="224" count="52" type="stmt"/>
        <line num="225" count="52" type="stmt"/>
        <line num="226" count="52" type="stmt"/>
        <line num="227" count="52" type="stmt"/>
        <line num="228" count="52" type="stmt"/>
        <line num="229" count="52" type="stmt"/>
        <line num="230" count="52" type="stmt"/>
        <line num="233" count="52" type="stmt"/>
        <line num="234" count="52" type="cond" truecount="2" falsecount="0"/>
        <line num="235" count="45" type="stmt"/>
        <line num="236" count="0" type="stmt"/>
        <line num="237" count="0" type="stmt"/>
        <line num="238" count="0" type="stmt"/>
        <line num="243" count="52" type="stmt"/>
        <line num="244" count="52" type="cond" truecount="2" falsecount="0"/>
        <line num="245" count="45" type="stmt"/>
        <line num="246" count="0" type="stmt"/>
        <line num="247" count="0" type="stmt"/>
        <line num="248" count="0" type="stmt"/>
        <line num="253" count="52" type="stmt"/>
        <line num="254" count="52" type="cond" truecount="2" falsecount="0"/>
        <line num="255" count="44" type="stmt"/>
        <line num="256" count="0" type="stmt"/>
        <line num="257" count="0" type="stmt"/>
        <line num="262" count="52" type="stmt"/>
        <line num="263" count="52" type="cond" truecount="2" falsecount="0"/>
        <line num="264" count="41" type="stmt"/>
        <line num="265" count="0" type="stmt"/>
        <line num="266" count="0" type="stmt"/>
        <line num="270" count="52" type="stmt"/>
        <line num="271" count="52" type="cond" truecount="2" falsecount="0"/>
        <line num="272" count="41" type="stmt"/>
        <line num="273" count="0" type="stmt"/>
        <line num="274" count="0" type="stmt"/>
        <line num="278" count="52" type="stmt"/>
        <line num="279" count="52" type="cond" truecount="2" falsecount="0"/>
        <line num="280" count="41" type="stmt"/>
        <line num="281" count="0" type="stmt"/>
        <line num="282" count="0" type="stmt"/>
        <line num="287" count="52" type="stmt"/>
        <line num="288" count="52" type="cond" truecount="2" falsecount="0"/>
        <line num="289" count="41" type="stmt"/>
        <line num="290" count="0" type="stmt"/>
        <line num="295" count="52" type="stmt"/>
        <line num="296" count="52" type="cond" truecount="2" falsecount="0"/>
        <line num="297" count="41" type="stmt"/>
        <line num="298" count="41" type="stmt"/>
        <line num="302" count="52" type="stmt"/>
        <line num="303" count="52" type="cond" truecount="2" falsecount="0"/>
        <line num="304" count="41" type="stmt"/>
        <line num="305" count="0" type="stmt"/>
        <line num="310" count="52" type="stmt"/>
        <line num="311" count="52" type="cond" truecount="2" falsecount="0"/>
        <line num="312" count="42" type="stmt"/>
        <line num="313" count="1" type="stmt"/>
        <line num="320" count="56" type="stmt"/>
        <line num="321" count="683" type="stmt"/>
        <line num="322" count="683" type="cond" truecount="1" falsecount="1"/>
        <line num="323" count="0" type="stmt"/>
        <line num="324" count="0" type="cond" truecount="0" falsecount="2"/>
        <line num="325" count="0" type="stmt"/>
        <line num="331" count="56" type="stmt"/>
        <line num="332" count="56" type="cond" truecount="2" falsecount="0"/>
        <line num="333" count="45" type="cond" truecount="2" falsecount="0"/>
        <line num="334" count="1" type="stmt"/>
        <line num="336" count="44" type="stmt"/>
        <line num="341" count="56" type="stmt"/>
        <line num="342" count="56" type="cond" truecount="2" falsecount="0"/>
        <line num="343" count="45" type="cond" truecount="2" falsecount="0"/>
        <line num="344" count="1" type="stmt"/>
        <line num="346" count="44" type="stmt"/>
        <line num="351" count="56" type="stmt"/>
        <line num="377" count="56" type="stmt"/>
        <line num="384" count="56" type="stmt"/>
        <line num="385" count="1232" type="stmt"/>
        <line num="386" count="1232" type="cond" truecount="2" falsecount="0"/>
        <line num="387" count="869" type="cond" truecount="4" falsecount="0"/>
        <line num="388" count="683" type="stmt"/>
        <line num="389" count="683" type="stmt"/>
        <line num="390" count="186" type="cond" truecount="2" falsecount="0"/>
        <line num="391" count="47" type="stmt"/>
        <line num="392" count="139" type="cond" truecount="1" falsecount="1"/>
        <line num="393" count="139" type="stmt"/>
        <line num="399" count="56" type="stmt"/>
        <line num="400" count="168" type="stmt"/>
        <line num="401" count="168" type="cond" truecount="4" falsecount="0"/>
        <line num="402" count="123" type="stmt"/>
        <line num="408" count="4" type="stmt"/>
        <line num="415" count="6" type="stmt"/>
        <line num="422" count="2" type="stmt"/>
        <line num="426" count="1" type="stmt"/>
        <line num="427" count="1" type="stmt"/>
        <line num="431" count="0" type="stmt"/>
        <line num="435" count="1" type="stmt"/>
        <line num="436" count="1" type="stmt"/>
        <line num="440" count="1" type="stmt"/>
        <line num="444" count="104" type="cond" truecount="4" falsecount="0"/>
        <line num="445" count="3" type="stmt"/>
        <line num="450" count="104" type="stmt"/>
        <line num="454" count="7" type="cond" truecount="4" falsecount="0"/>
        <line num="455" count="4" type="stmt"/>
        <line num="457" count="7" type="stmt"/>
        <line num="464" count="4" type="cond" truecount="2" falsecount="0"/>
        <line num="465" count="3" type="stmt"/>
        <line num="473" count="4" type="stmt"/>
        <line num="477" count="0" type="stmt"/>
        <line num="478" count="0" type="cond" truecount="0" falsecount="2"/>
        <line num="479" count="0" type="stmt"/>
        <line num="484" count="51" type="stmt"/>
        <line num="485" count="51" type="cond" truecount="2" falsecount="0"/>
        <line num="487" count="42" type="stmt"/>
        <line num="490" count="42" type="stmt"/>
        <line num="505" count="42" type="stmt"/>
        <line num="506" count="504" type="stmt"/>
        <line num="507" count="504" type="stmt"/>
        <line num="508" count="504" type="cond" truecount="2" falsecount="0"/>
        <line num="519" count="504" type="stmt"/>
        <line num="523" count="42" type="cond" truecount="2" falsecount="0"/>
        <line num="524" count="42" type="stmt"/>
        <line num="525" count="0" type="stmt"/>
        <line num="526" count="0" type="stmt"/>
        <line num="527" count="0" type="stmt"/>
        <line num="528" count="0" type="stmt"/>
        <line num="534" count="0" type="stmt"/>
        <line num="535" count="0" type="stmt"/>
        <line num="536" count="0" type="stmt"/>
        <line num="538" count="0" type="cond" truecount="0" falsecount="2"/>
        <line num="539" count="0" type="stmt"/>
        <line num="540" count="0" type="stmt"/>
        <line num="543" count="0" type="stmt"/>
        <line num="544" count="0" type="stmt"/>
        <line num="546" count="0" type="cond" truecount="0" falsecount="2"/>
        <line num="547" count="0" type="stmt"/>
        <line num="548" count="0" type="stmt"/>
        <line num="552" count="0" type="cond" truecount="0" falsecount="2"/>
        <line num="555" count="0" type="stmt"/>
        <line num="558" count="0" type="stmt"/>
        <line num="561" count="0" type="stmt"/>
        <line num="562" count="0" type="cond" truecount="0" falsecount="2"/>
        <line num="563" count="0" type="stmt"/>
        <line num="564" count="0" type="stmt"/>
        <line num="565" count="0" type="stmt"/>
        <line num="566" count="0" type="stmt"/>
        <line num="567" count="0" type="stmt"/>
        <line num="571" count="0" type="stmt"/>
        <line num="575" count="1" type="stmt"/>
        <line num="576" count="1" type="cond" truecount="1" falsecount="1"/>
        <line num="577" count="1" type="stmt"/>
        <line num="580" count="1" type="cond" truecount="1" falsecount="1"/>
        <line num="581" count="1" type="stmt"/>
        <line num="584" count="0" type="cond" truecount="0" falsecount="2"/>
        <line num="585" count="0" type="cond" truecount="0" falsecount="2"/>
        <line num="586" count="0" type="stmt"/>
        <line num="591" count="1" type="stmt"/>
        <line num="592" count="1" type="stmt"/>
        <line num="595" count="1" type="stmt"/>
        <line num="600" count="1" type="cond" truecount="1" falsecount="1"/>
        <line num="601" count="0" type="stmt"/>
        <line num="602" count="0" type="stmt"/>
        <line num="608" count="0" type="stmt"/>
        <line num="609" count="0" type="stmt"/>
        <line num="610" count="0" type="stmt"/>
        <line num="613" count="0" type="stmt"/>
        <line num="614" count="0" type="stmt"/>
        <line num="615" count="0" type="stmt"/>
        <line num="616" count="0" type="stmt"/>
        <line num="619" count="0" type="stmt"/>
        <line num="620" count="0" type="stmt"/>
        <line num="621" count="0" type="stmt"/>
        <line num="622" count="0" type="stmt"/>
        <line num="625" count="0" type="stmt"/>
        <line num="626" count="0" type="stmt"/>
        <line num="627" count="0" type="stmt"/>
        <line num="628" count="0" type="stmt"/>
        <line num="631" count="0" type="cond" truecount="0" falsecount="2"/>
        <line num="632" count="0" type="cond" truecount="0" falsecount="2"/>
        <line num="633" count="0" type="cond" truecount="0" falsecount="2"/>
        <line num="636" count="0" type="stmt"/>
        <line num="637" count="0" type="stmt"/>
      </file>
      <file name="Settings.js" path="/Users/tlynch/prog/lasers/src/Settings.js">
        <metrics statements="21" coveredstatements="20" conditionals="16" coveredconditionals="15" methods="7" coveredmethods="7"/>
        <line num="10" count="4" type="stmt"/>
        <line num="56" count="4" type="stmt"/>
        <line num="296" count="54" type="stmt"/>
        <line num="297" count="54" type="stmt"/>
        <line num="299" count="54" type="stmt"/>
        <line num="301" count="54" type="cond" truecount="2" falsecount="0"/>
        <line num="302" count="2" type="stmt"/>
        <line num="305" count="54" type="cond" truecount="1" falsecount="1"/>
        <line num="306" count="0" type="stmt"/>
        <line num="309" count="54" type="stmt"/>
        <line num="317" count="7" type="stmt"/>
        <line num="318" count="7" type="stmt"/>
        <line num="327" count="3" type="cond" truecount="2" falsecount="0"/>
        <line num="336" count="3" type="stmt"/>
        <line num="337" count="3" type="stmt"/>
        <line num="345" count="5" type="cond" truecount="1" falsecount="0"/>
        <line num="346" count="80" type="stmt"/>
        <line num="347" count="80" type="cond" truecount="2" falsecount="0"/>
        <line num="350" count="30" type="cond" truecount="1" falsecount="0"/>
        <line num="352" count="5" type="stmt"/>
        <line num="354" count="5" type="stmt"/>
      </file>
    </package>
    <package name="src.effects">
      <metrics statements="36" coveredstatements="35" conditionals="4" coveredconditionals="3" methods="7" coveredmethods="7"/>
      <file name="FrequencyBars.js" path="/Users/tlynch/prog/lasers/src/effects/FrequencyBars.js">
        <metrics statements="9" coveredstatements="9" conditionals="0" coveredconditionals="0" methods="1" coveredmethods="1"/>
        <line num="13" count="3" type="stmt"/>
        <line num="14" count="3" type="stmt"/>
        <line num="15" count="3" type="stmt"/>
        <line num="17" count="3" type="stmt"/>
        <line num="18" count="192" type="stmt"/>
        <line num="19" count="192" type="stmt"/>
        <line num="20" count="192" type="stmt"/>
        <line num="22" count="192" type="stmt"/>
        <line num="23" count="192" type="stmt"/>
      </file>
      <file name="ParticleEffect.js" path="/Users/tlynch/prog/lasers/src/effects/ParticleEffect.js">
        <metrics statements="15" coveredstatements="15" conditionals="2" coveredconditionals="2" methods="3" coveredmethods="3"/>
        <line num="12" count="4" type="stmt"/>
        <line num="13" count="4" type="stmt"/>
        <line num="14" count="20" type="stmt"/>
        <line num="23" count="4" type="stmt"/>
        <line num="34" count="105" type="stmt"/>
        <line num="35" count="265" type="stmt"/>
        <line num="36" count="265" type="stmt"/>
        <line num="37" count="265" type="stmt"/>
        <line num="39" count="265" type="cond" truecount="2" falsecount="0"/>
        <line num="40" count="260" type="stmt"/>
        <line num="41" count="260" type="stmt"/>
        <line num="42" count="260" type="stmt"/>
        <line num="46" count="260" type="stmt"/>
        <line num="47" count="260" type="stmt"/>
        <line num="49" count="5" type="stmt"/>
      </file>
      <file name="WaveEffect.js" path="/Users/tlynch/prog/lasers/src/effects/WaveEffect.js">
        <metrics statements="12" coveredstatements="11" conditionals="2" coveredconditionals="1" methods="3" coveredmethods="3"/>
        <line num="10" count="8" type="stmt"/>
        <line num="25" count="11" type="stmt"/>
        <line num="26" count="10" type="stmt"/>
        <line num="27" count="10" type="stmt"/>
        <line num="29" count="10" type="cond" truecount="1" falsecount="1"/>
        <line num="30" count="10" type="stmt"/>
        <line num="31" count="10" type="stmt"/>
        <line num="32" count="10" type="stmt"/>
        <line num="33" count="10" type="stmt"/>
        <line num="37" count="10" type="stmt"/>
        <line num="38" count="10" type="stmt"/>
        <line num="40" count="0" type="stmt"/>
      </file>
    </package>
    <package name="src.patterns">
      <metrics statements="39" coveredstatements="39" conditionals="8" coveredconditionals="8" methods="2" coveredmethods="2"/>
      <file name="HorizontalPattern.js" path="/Users/tlynch/prog/lasers/src/patterns/HorizontalPattern.js">
        <metrics statements="23" coveredstatements="23" conditionals="6" coveredconditionals="6" methods="1" coveredmethods="1"/>
        <line num="14" count="15" type="stmt"/>
        <line num="15" count="15" type="stmt"/>
        <line num="16" count="15" type="stmt"/>
        <line num="19" count="15" type="stmt"/>
        <line num="20" count="15" type="stmt"/>
        <line num="23" count="15" type="stmt"/>
        <line num="24" count="15" type="cond" truecount="2" falsecount="0"/>
        <line num="25" count="1" type="stmt"/>
        <line num="29" count="15" type="stmt"/>
        <line num="30" count="57" type="stmt"/>
        <line num="34" count="57" type="stmt"/>
        <line num="37" count="57" type="stmt"/>
        <line num="38" count="23136" type="stmt"/>
        <line num="39" count="23136" type="stmt"/>
        <line num="42" count="23136" type="stmt"/>
        <line num="43" count="23136" type="cond" truecount="2" falsecount="0"/>
        <line num="44" count="1200" type="stmt"/>
        <line num="47" count="23136" type="stmt"/>
        <line num="48" count="23136" type="stmt"/>
        <line num="50" count="23136" type="cond" truecount="2" falsecount="0"/>
        <line num="51" count="57" type="stmt"/>
        <line num="53" count="23079" type="stmt"/>
        <line num="57" count="57" type="stmt"/>
      </file>
      <file name="RadialPattern.js" path="/Users/tlynch/prog/lasers/src/patterns/RadialPattern.js">
        <metrics statements="16" coveredstatements="16" conditionals="2" coveredconditionals="2" methods="1" coveredmethods="1"/>
        <line num="14" count="5" type="stmt"/>
        <line num="15" count="5" type="stmt"/>
        <line num="18" count="5" type="stmt"/>
        <line num="19" count="5" type="stmt"/>
        <line num="21" count="5" type="stmt"/>
        <line num="22" count="40" type="stmt"/>
        <line num="23" count="40" type="stmt"/>
        <line num="26" count="40" type="stmt"/>
        <line num="27" count="40" type="cond" truecount="2" falsecount="0"/>
        <line num="28" count="16" type="stmt"/>
        <line num="31" count="40" type="stmt"/>
        <line num="32" count="40" type="stmt"/>
        <line num="34" count="40" type="stmt"/>
        <line num="35" count="40" type="stmt"/>
        <line num="36" count="40" type="stmt"/>
        <line num="37" count="40" type="stmt"/>
      </file>
    </package>
    <package name="src.utils">
      <metrics statements="65" coveredstatements="56" conditionals="25" coveredconditionals="16" methods="10" coveredmethods="10"/>
      <file name="AudioUtils.js" path="/Users/tlynch/prog/lasers/src/utils/AudioUtils.js">
        <metrics statements="47" coveredstatements="38" conditionals="21" coveredconditionals="12" methods="5" coveredmethods="5"/>
        <line num="12" count="4" type="cond" truecount="1" falsecount="1"/>
        <line num="13" count="4" type="stmt"/>
        <line num="16" count="4" type="stmt"/>
        <line num="17" count="4" type="stmt"/>
        <line num="18" count="4" type="stmt"/>
        <line num="19" count="4" type="stmt"/>
        <line num="21" count="4" type="stmt"/>
        <line num="22" count="4" type="stmt"/>
        <line num="23" count="4" type="stmt"/>
        <line num="26" count="4" type="stmt"/>
        <line num="27" count="4" type="stmt"/>
        <line num="29" count="4" type="stmt"/>
        <line num="45" count="4" type="stmt"/>
        <line num="47" count="120" type="stmt"/>
        <line num="48" count="4" type="stmt"/>
        <line num="50" count="4" type="stmt"/>
        <line num="51" count="4" type="cond" truecount="2" falsecount="0"/>
        <line num="52" count="3" type="stmt"/>
        <line num="57" count="1" type="stmt"/>
        <line num="58" count="1" type="cond" truecount="1" falsecount="1"/>
        <line num="59" count="0" type="stmt"/>
        <line num="63" count="1" type="stmt"/>
        <line num="64" count="1" type="stmt"/>
        <line num="67" count="12" type="stmt"/>
        <line num="68" count="1" type="stmt"/>
        <line num="69" count="1" type="stmt"/>
        <line num="70" count="1" type="stmt"/>
        <line num="73" count="1" type="cond" truecount="4" falsecount="1"/>
        <line num="76" count="1" type="stmt"/>
        <line num="77" count="1" type="stmt"/>
        <line num="78" count="1" type="stmt"/>
        <line num="79" count="1" type="stmt"/>
        <line num="81" count="0" type="cond" truecount="0" falsecount="2"/>
        <line num="82" count="0" type="stmt"/>
        <line num="83" count="0" type="cond" truecount="0" falsecount="2"/>
        <line num="84" count="0" type="stmt"/>
        <line num="85" count="0" type="cond" truecount="0" falsecount="2"/>
        <line num="86" count="0" type="stmt"/>
        <line num="90" count="0" type="stmt"/>
        <line num="91" count="0" type="stmt"/>
        <line num="99" count="6" type="stmt"/>
        <line num="100" count="6" type="stmt"/>
        <line num="102" count="5" type="cond" truecount="4" falsecount="0"/>
        <line num="103" count="4" type="stmt"/>
        <line num="105" count="1" type="stmt"/>
        <line num="108" count="4" type="stmt"/>
        <line num="109" count="4" type="stmt"/>
      </file>
      <file name="ColorUtils.js" path="/Users/tlynch/prog/lasers/src/utils/ColorUtils.js">
        <metrics statements="18" coveredstatements="18" conditionals="4" coveredconditionals="4" methods="5" coveredmethods="5"/>
        <line num="13" count="13" type="stmt"/>
        <line num="14" count="13" type="stmt"/>
        <line num="15" count="13" type="stmt"/>
        <line num="16" count="39" type="stmt"/>
        <line num="17" count="39" type="stmt"/>
        <line num="18" count="39" type="stmt"/>
        <line num="20" count="13" type="stmt"/>
        <line num="28" count="8" type="stmt"/>
        <line num="41" count="4" type="cond" truecount="2" falsecount="0"/>
        <line num="42" count="3" type="stmt"/>
        <line num="43" count="3" type="stmt"/>
        <line num="45" count="1" type="stmt"/>
        <line num="60" count="6" type="cond" truecount="2" falsecount="0"/>
        <line num="61" count="1" type="stmt"/>
        <line num="63" count="6" type="stmt"/>
        <line num="64" count="6" type="stmt"/>
        <line num="65" count="6" type="stmt"/>
        <line num="66" count="6" type="stmt"/>
      </file>
    </package>
  </project>
</coverage>
