<?xml version="1.0" encoding="UTF-8"?>
<coverage generated="1737506315847" clover="3.2.0">
  <project timestamp="1737506315847" name="All files">
    <metrics statements="388" coveredstatements="310" conditionals="154" coveredconditionals="124" methods="73" coveredmethods="47" elements="615" coveredelements="481" complexity="0" loc="388" ncloc="388" packages="4" files="9" classes="9"/>
    <package name="src">
      <metrics statements="258" coveredstatements="181" conditionals="126" coveredconditionals="98" methods="55" coveredmethods="29"/>
      <file name="AudioVisualizer.js" path="/Users/tlynch/prog/lasers/src/AudioVisualizer.js">
        <metrics statements="237" coveredstatements="161" conditionals="110" coveredconditionals="83" methods="48" coveredmethods="22"/>
        <line num="24" count="49" type="stmt"/>
        <line num="25" count="49" type="stmt"/>
        <line num="26" count="49" type="stmt"/>
        <line num="27" count="49" type="stmt"/>
        <line num="28" count="49" type="stmt"/>
        <line num="29" count="49" type="stmt"/>
        <line num="30" count="49" type="stmt"/>
        <line num="33" count="49" type="stmt"/>
        <line num="44" count="49" type="stmt"/>
        <line num="45" count="49" type="stmt"/>
        <line num="48" count="49" type="stmt"/>
        <line num="50" count="49" type="stmt"/>
        <line num="51" count="49" type="stmt"/>
        <line num="52" count="49" type="stmt"/>
        <line num="54" count="49" type="stmt"/>
        <line num="58" count="49" type="stmt"/>
        <line num="59" count="49" type="stmt"/>
        <line num="63" count="67" type="stmt"/>
        <line num="64" count="67" type="stmt"/>
        <line num="68" count="2" type="stmt"/>
        <line num="69" count="2" type="cond" truecount="1" falsecount="1"/>
        <line num="70" count="2" type="stmt"/>
        <line num="73" count="1" type="stmt"/>
        <line num="74" count="1" type="stmt"/>
        <line num="75" count="1" type="stmt"/>
        <line num="76" count="1" type="stmt"/>
        <line num="78" count="1" type="stmt"/>
        <line num="79" count="1" type="stmt"/>
        <line num="82" count="1" type="stmt"/>
        <line num="83" count="1" type="stmt"/>
        <line num="88" count="2" type="cond" truecount="2" falsecount="0"/>
        <line num="89" count="1" type="stmt"/>
        <line num="91" count="1" type="stmt"/>
        <line num="95" count="49" type="stmt"/>
        <line num="96" count="3" type="cond" truecount="2" falsecount="0"/>
        <line num="99" count="1" type="stmt"/>
        <line num="100" count="1" type="stmt"/>
        <line num="103" count="1" type="cond" truecount="1" falsecount="1"/>
        <line num="104" count="0" type="stmt"/>
        <line num="108" count="1" type="cond" truecount="1" falsecount="1"/>
        <line num="109" count="1" type="stmt"/>
        <line num="110" count="1" type="stmt"/>
        <line num="112" count="1" type="stmt"/>
        <line num="118" count="1" type="cond" truecount="1" falsecount="1"/>
        <line num="119" count="0" type="stmt"/>
        <line num="121" count="1" type="stmt"/>
        <line num="125" count="1" type="cond" truecount="1" falsecount="1"/>
        <line num="126" count="1" type="cond" truecount="1" falsecount="1"/>
        <line num="127" count="1" type="stmt"/>
        <line num="130" count="1" type="cond" truecount="1" falsecount="1"/>
        <line num="131" count="1" type="cond" truecount="1" falsecount="1"/>
        <line num="132" count="1" type="stmt"/>
        <line num="135" count="1" type="cond" truecount="1" falsecount="1"/>
        <line num="136" count="0" type="stmt"/>
        <line num="139" count="1" type="stmt"/>
        <line num="144" count="50" type="stmt"/>
        <line num="145" count="50" type="cond" truecount="2" falsecount="0"/>
        <line num="146" count="40" type="stmt"/>
        <line num="150" count="50" type="stmt"/>
        <line num="151" count="50" type="cond" truecount="2" falsecount="0"/>
        <line num="152" count="48" type="stmt"/>
        <line num="153" count="0" type="cond" truecount="0" falsecount="2"/>
        <line num="154" count="0" type="stmt"/>
        <line num="156" count="0" type="stmt"/>
        <line num="162" count="50" type="stmt"/>
        <line num="163" count="50" type="cond" truecount="2" falsecount="0"/>
        <line num="164" count="44" type="stmt"/>
        <line num="165" count="2" type="stmt"/>
        <line num="166" count="2" type="cond" truecount="1" falsecount="1"/>
        <line num="167" count="2" type="stmt"/>
        <line num="173" count="50" type="stmt"/>
        <line num="174" count="50" type="cond" truecount="2" falsecount="0"/>
        <line num="175" count="44" type="stmt"/>
        <line num="176" count="0" type="stmt"/>
        <line num="177" count="0" type="stmt"/>
        <line num="182" count="50" type="stmt"/>
        <line num="183" count="50" type="cond" truecount="2" falsecount="0"/>
        <line num="184" count="44" type="stmt"/>
        <line num="185" count="0" type="stmt"/>
        <line num="186" count="0" type="stmt"/>
        <line num="191" count="50" type="stmt"/>
        <line num="192" count="50" type="cond" truecount="2" falsecount="0"/>
        <line num="193" count="44" type="stmt"/>
        <line num="194" count="0" type="stmt"/>
        <line num="195" count="0" type="stmt"/>
        <line num="200" count="50" type="stmt"/>
        <line num="201" count="50" type="cond" truecount="2" falsecount="0"/>
        <line num="202" count="44" type="stmt"/>
        <line num="203" count="0" type="stmt"/>
        <line num="204" count="0" type="stmt"/>
        <line num="209" count="50" type="stmt"/>
        <line num="210" count="50" type="cond" truecount="2" falsecount="0"/>
        <line num="211" count="44" type="stmt"/>
        <line num="212" count="0" type="stmt"/>
        <line num="213" count="0" type="stmt"/>
        <line num="214" count="0" type="stmt"/>
        <line num="219" count="50" type="stmt"/>
        <line num="220" count="50" type="cond" truecount="2" falsecount="0"/>
        <line num="221" count="44" type="stmt"/>
        <line num="222" count="0" type="stmt"/>
        <line num="223" count="0" type="stmt"/>
        <line num="224" count="0" type="stmt"/>
        <line num="229" count="50" type="stmt"/>
        <line num="230" count="50" type="cond" truecount="2" falsecount="0"/>
        <line num="231" count="43" type="stmt"/>
        <line num="232" count="0" type="stmt"/>
        <line num="233" count="0" type="stmt"/>
        <line num="238" count="50" type="stmt"/>
        <line num="239" count="50" type="cond" truecount="2" falsecount="0"/>
        <line num="240" count="43" type="stmt"/>
        <line num="241" count="0" type="stmt"/>
        <line num="242" count="0" type="stmt"/>
        <line num="247" count="50" type="stmt"/>
        <line num="248" count="50" type="cond" truecount="2" falsecount="0"/>
        <line num="249" count="28" type="stmt"/>
        <line num="250" count="0" type="stmt"/>
        <line num="251" count="0" type="stmt"/>
        <line num="256" count="50" type="stmt"/>
        <line num="257" count="50" type="cond" truecount="2" falsecount="0"/>
        <line num="258" count="43" type="stmt"/>
        <line num="259" count="0" type="stmt"/>
        <line num="260" count="0" type="stmt"/>
        <line num="265" count="50" type="stmt"/>
        <line num="266" count="50" type="cond" truecount="2" falsecount="0"/>
        <line num="267" count="43" type="stmt"/>
        <line num="268" count="0" type="stmt"/>
        <line num="269" count="0" type="stmt"/>
        <line num="274" count="50" type="stmt"/>
        <line num="275" count="50" type="cond" truecount="2" falsecount="0"/>
        <line num="276" count="43" type="stmt"/>
        <line num="277" count="0" type="stmt"/>
        <line num="278" count="0" type="stmt"/>
        <line num="283" count="50" type="stmt"/>
        <line num="284" count="50" type="cond" truecount="2" falsecount="0"/>
        <line num="285" count="40" type="stmt"/>
        <line num="286" count="0" type="stmt"/>
        <line num="287" count="0" type="stmt"/>
        <line num="288" count="0" type="stmt"/>
        <line num="293" count="50" type="stmt"/>
        <line num="294" count="50" type="cond" truecount="2" falsecount="0"/>
        <line num="295" count="40" type="stmt"/>
        <line num="296" count="0" type="stmt"/>
        <line num="297" count="0" type="stmt"/>
        <line num="298" count="0" type="stmt"/>
        <line num="303" count="50" type="stmt"/>
        <line num="304" count="50" type="cond" truecount="2" falsecount="0"/>
        <line num="305" count="40" type="stmt"/>
        <line num="306" count="0" type="stmt"/>
        <line num="311" count="50" type="stmt"/>
        <line num="312" count="50" type="cond" truecount="2" falsecount="0"/>
        <line num="313" count="1" type="stmt"/>
        <line num="314" count="0" type="stmt"/>
        <line num="319" count="50" type="stmt"/>
        <line num="320" count="50" type="cond" truecount="2" falsecount="0"/>
        <line num="321" count="41" type="stmt"/>
        <line num="322" count="1" type="stmt"/>
        <line num="329" count="54" type="stmt"/>
        <line num="330" count="54" type="cond" truecount="2" falsecount="0"/>
        <line num="331" count="46" type="cond" truecount="2" falsecount="0"/>
        <line num="332" count="3" type="stmt"/>
        <line num="334" count="43" type="stmt"/>
        <line num="339" count="54" type="stmt"/>
        <line num="340" count="54" type="cond" truecount="2" falsecount="0"/>
        <line num="341" count="46" type="cond" truecount="2" falsecount="0"/>
        <line num="342" count="1" type="stmt"/>
        <line num="344" count="45" type="stmt"/>
        <line num="349" count="54" type="stmt"/>
        <line num="367" count="54" type="stmt"/>
        <line num="368" count="810" type="stmt"/>
        <line num="369" count="810" type="cond" truecount="2" falsecount="0"/>
        <line num="370" count="679" type="cond" truecount="4" falsecount="0"/>
        <line num="371" count="489" type="stmt"/>
        <line num="372" count="190" type="cond" truecount="2" falsecount="0"/>
        <line num="373" count="48" type="stmt"/>
        <line num="374" count="142" type="cond" truecount="1" falsecount="1"/>
        <line num="375" count="142" type="stmt"/>
        <line num="382" count="4" type="stmt"/>
        <line num="389" count="6" type="stmt"/>
        <line num="396" count="2" type="stmt"/>
        <line num="400" count="1" type="stmt"/>
        <line num="401" count="1" type="stmt"/>
        <line num="405" count="0" type="stmt"/>
        <line num="409" count="1" type="stmt"/>
        <line num="410" count="1" type="stmt"/>
        <line num="414" count="1" type="stmt"/>
        <line num="418" count="104" type="cond" truecount="4" falsecount="0"/>
        <line num="419" count="3" type="stmt"/>
        <line num="424" count="104" type="stmt"/>
        <line num="428" count="7" type="cond" truecount="4" falsecount="0"/>
        <line num="429" count="4" type="stmt"/>
        <line num="431" count="7" type="stmt"/>
        <line num="438" count="4" type="cond" truecount="2" falsecount="0"/>
        <line num="439" count="3" type="stmt"/>
        <line num="447" count="2" type="stmt"/>
        <line num="451" count="0" type="stmt"/>
        <line num="452" count="0" type="cond" truecount="0" falsecount="2"/>
        <line num="453" count="0" type="stmt"/>
        <line num="458" count="0" type="stmt"/>
        <line num="459" count="0" type="cond" truecount="0" falsecount="2"/>
        <line num="460" count="0" type="stmt"/>
        <line num="461" count="0" type="stmt"/>
        <line num="464" count="0" type="stmt"/>
        <line num="465" count="0" type="cond" truecount="0" falsecount="2"/>
        <line num="466" count="0" type="stmt"/>
        <line num="467" count="0" type="stmt"/>
        <line num="468" count="0" type="stmt"/>
        <line num="469" count="0" type="stmt"/>
        <line num="470" count="0" type="stmt"/>
        <line num="474" count="0" type="stmt"/>
        <line num="479" count="1" type="stmt"/>
        <line num="480" count="1" type="cond" truecount="1" falsecount="1"/>
        <line num="481" count="1" type="stmt"/>
        <line num="482" count="1" type="cond" truecount="1" falsecount="1"/>
        <line num="484" count="1" type="stmt"/>
        <line num="493" count="0" type="cond" truecount="0" falsecount="2"/>
        <line num="495" count="0" type="stmt"/>
        <line num="498" count="1" type="stmt"/>
        <line num="499" count="1" type="stmt"/>
        <line num="504" count="0" type="cond" truecount="0" falsecount="2"/>
        <line num="505" count="0" type="stmt"/>
        <line num="506" count="0" type="stmt"/>
        <line num="512" count="0" type="stmt"/>
        <line num="513" count="0" type="stmt"/>
        <line num="514" count="0" type="stmt"/>
        <line num="515" count="0" type="stmt"/>
        <line num="516" count="0" type="stmt"/>
        <line num="517" count="0" type="stmt"/>
        <line num="520" count="0" type="stmt"/>
        <line num="521" count="0" type="stmt"/>
        <line num="526" count="3" type="stmt"/>
        <line num="528" count="0" type="stmt"/>
        <line num="564" count="0" type="stmt"/>
        <line num="566" count="0" type="cond" truecount="0" falsecount="2"/>
        <line num="567" count="0" type="stmt"/>
        <line num="568" count="0" type="stmt"/>
        <line num="572" count="0" type="stmt"/>
        <line num="573" count="0" type="stmt"/>
      </file>
      <file name="Settings.js" path="/Users/tlynch/prog/lasers/src/Settings.js">
        <metrics statements="21" coveredstatements="20" conditionals="16" coveredconditionals="15" methods="7" coveredmethods="7"/>
        <line num="10" count="4" type="stmt"/>
        <line num="56" count="4" type="stmt"/>
        <line num="119" count="52" type="stmt"/>
        <line num="120" count="52" type="stmt"/>
        <line num="122" count="52" type="stmt"/>
        <line num="124" count="52" type="cond" truecount="2" falsecount="0"/>
        <line num="125" count="2" type="stmt"/>
        <line num="128" count="52" type="cond" truecount="1" falsecount="1"/>
        <line num="129" count="0" type="stmt"/>
        <line num="132" count="52" type="stmt"/>
        <line num="140" count="7" type="stmt"/>
        <line num="141" count="7" type="stmt"/>
        <line num="150" count="3" type="cond" truecount="2" falsecount="0"/>
        <line num="159" count="3" type="stmt"/>
        <line num="160" count="3" type="stmt"/>
        <line num="168" count="5" type="cond" truecount="1" falsecount="0"/>
        <line num="169" count="80" type="stmt"/>
        <line num="170" count="80" type="cond" truecount="2" falsecount="0"/>
        <line num="173" count="30" type="cond" truecount="1" falsecount="0"/>
        <line num="175" count="5" type="stmt"/>
        <line num="177" count="5" type="stmt"/>
      </file>
    </package>
    <package name="src.effects">
      <metrics statements="36" coveredstatements="35" conditionals="4" coveredconditionals="3" methods="7" coveredmethods="7"/>
      <file name="FrequencyBars.js" path="/Users/tlynch/prog/lasers/src/effects/FrequencyBars.js">
        <metrics statements="9" coveredstatements="9" conditionals="0" coveredconditionals="0" methods="1" coveredmethods="1"/>
        <line num="13" count="3" type="stmt"/>
        <line num="14" count="3" type="stmt"/>
        <line num="15" count="3" type="stmt"/>
        <line num="17" count="3" type="stmt"/>
        <line num="18" count="192" type="stmt"/>
        <line num="19" count="192" type="stmt"/>
        <line num="20" count="192" type="stmt"/>
        <line num="22" count="192" type="stmt"/>
        <line num="23" count="192" type="stmt"/>
      </file>
      <file name="ParticleEffect.js" path="/Users/tlynch/prog/lasers/src/effects/ParticleEffect.js">
        <metrics statements="15" coveredstatements="15" conditionals="2" coveredconditionals="2" methods="3" coveredmethods="3"/>
        <line num="12" count="4" type="stmt"/>
        <line num="13" count="4" type="stmt"/>
        <line num="14" count="20" type="stmt"/>
        <line num="23" count="4" type="stmt"/>
        <line num="34" count="105" type="stmt"/>
        <line num="35" count="265" type="stmt"/>
        <line num="36" count="265" type="stmt"/>
        <line num="37" count="265" type="stmt"/>
        <line num="39" count="265" type="cond" truecount="2" falsecount="0"/>
        <line num="40" count="260" type="stmt"/>
        <line num="41" count="260" type="stmt"/>
        <line num="42" count="260" type="stmt"/>
        <line num="46" count="260" type="stmt"/>
        <line num="47" count="260" type="stmt"/>
        <line num="49" count="5" type="stmt"/>
      </file>
      <file name="WaveEffect.js" path="/Users/tlynch/prog/lasers/src/effects/WaveEffect.js">
        <metrics statements="12" coveredstatements="11" conditionals="2" coveredconditionals="1" methods="3" coveredmethods="3"/>
        <line num="10" count="8" type="stmt"/>
        <line num="25" count="11" type="stmt"/>
        <line num="26" count="10" type="stmt"/>
        <line num="27" count="10" type="stmt"/>
        <line num="29" count="10" type="cond" truecount="1" falsecount="1"/>
        <line num="30" count="10" type="stmt"/>
        <line num="31" count="10" type="stmt"/>
        <line num="32" count="10" type="stmt"/>
        <line num="33" count="10" type="stmt"/>
        <line num="37" count="10" type="stmt"/>
        <line num="38" count="10" type="stmt"/>
        <line num="40" count="0" type="stmt"/>
      </file>
    </package>
    <package name="src.patterns">
      <metrics statements="39" coveredstatements="39" conditionals="8" coveredconditionals="8" methods="2" coveredmethods="2"/>
      <file name="HorizontalPattern.js" path="/Users/tlynch/prog/lasers/src/patterns/HorizontalPattern.js">
        <metrics statements="23" coveredstatements="23" conditionals="6" coveredconditionals="6" methods="1" coveredmethods="1"/>
        <line num="14" count="15" type="stmt"/>
        <line num="15" count="15" type="stmt"/>
        <line num="16" count="15" type="stmt"/>
        <line num="19" count="15" type="stmt"/>
        <line num="20" count="15" type="stmt"/>
        <line num="23" count="15" type="stmt"/>
        <line num="24" count="15" type="cond" truecount="2" falsecount="0"/>
        <line num="25" count="1" type="stmt"/>
        <line num="29" count="15" type="stmt"/>
        <line num="30" count="57" type="stmt"/>
        <line num="34" count="57" type="stmt"/>
        <line num="37" count="57" type="stmt"/>
        <line num="38" count="23136" type="stmt"/>
        <line num="39" count="23136" type="stmt"/>
        <line num="42" count="23136" type="stmt"/>
        <line num="43" count="23136" type="cond" truecount="2" falsecount="0"/>
        <line num="44" count="1200" type="stmt"/>
        <line num="47" count="23136" type="stmt"/>
        <line num="48" count="23136" type="stmt"/>
        <line num="50" count="23136" type="cond" truecount="2" falsecount="0"/>
        <line num="51" count="57" type="stmt"/>
        <line num="53" count="23079" type="stmt"/>
        <line num="57" count="57" type="stmt"/>
      </file>
      <file name="RadialPattern.js" path="/Users/tlynch/prog/lasers/src/patterns/RadialPattern.js">
        <metrics statements="16" coveredstatements="16" conditionals="2" coveredconditionals="2" methods="1" coveredmethods="1"/>
        <line num="14" count="5" type="stmt"/>
        <line num="15" count="5" type="stmt"/>
        <line num="18" count="5" type="stmt"/>
        <line num="19" count="5" type="stmt"/>
        <line num="21" count="5" type="stmt"/>
        <line num="22" count="40" type="stmt"/>
        <line num="23" count="40" type="stmt"/>
        <line num="26" count="40" type="stmt"/>
        <line num="27" count="40" type="cond" truecount="2" falsecount="0"/>
        <line num="28" count="16" type="stmt"/>
        <line num="31" count="40" type="stmt"/>
        <line num="32" count="40" type="stmt"/>
        <line num="34" count="40" type="stmt"/>
        <line num="35" count="40" type="stmt"/>
        <line num="36" count="40" type="stmt"/>
        <line num="37" count="40" type="stmt"/>
      </file>
    </package>
    <package name="src.utils">
      <metrics statements="55" coveredstatements="55" conditionals="16" coveredconditionals="15" methods="9" coveredmethods="9"/>
      <file name="AudioUtils.js" path="/Users/tlynch/prog/lasers/src/utils/AudioUtils.js">
        <metrics statements="37" coveredstatements="37" conditionals="12" coveredconditionals="11" methods="4" coveredmethods="4"/>
        <line num="12" count="4" type="cond" truecount="1" falsecount="1"/>
        <line num="13" count="4" type="stmt"/>
        <line num="16" count="4" type="stmt"/>
        <line num="17" count="4" type="stmt"/>
        <line num="18" count="4" type="stmt"/>
        <line num="19" count="4" type="stmt"/>
        <line num="21" count="4" type="stmt"/>
        <line num="22" count="4" type="stmt"/>
        <line num="23" count="4" type="stmt"/>
        <line num="26" count="4" type="stmt"/>
        <line num="27" count="4" type="stmt"/>
        <line num="29" count="4" type="stmt"/>
        <line num="45" count="6" type="stmt"/>
        <line num="46" count="6" type="stmt"/>
        <line num="47" count="60" type="stmt"/>
        <line num="49" count="6" type="stmt"/>
        <line num="52" count="6" type="stmt"/>
        <line num="53" count="6" type="cond" truecount="2" falsecount="0"/>
        <line num="54" count="1" type="stmt"/>
        <line num="58" count="5" type="stmt"/>
        <line num="59" count="5" type="stmt"/>
        <line num="62" count="40" type="stmt"/>
        <line num="63" count="5" type="stmt"/>
        <line num="64" count="5" type="stmt"/>
        <line num="67" count="5" type="cond" truecount="4" falsecount="0"/>
        <line num="68" count="4" type="stmt"/>
        <line num="69" count="4" type="stmt"/>
        <line num="70" count="4" type="stmt"/>
        <line num="73" count="1" type="stmt"/>
        <line num="74" count="1" type="stmt"/>
        <line num="82" count="6" type="stmt"/>
        <line num="83" count="6" type="stmt"/>
        <line num="85" count="5" type="cond" truecount="4" falsecount="0"/>
        <line num="86" count="4" type="stmt"/>
        <line num="88" count="1" type="stmt"/>
        <line num="91" count="4" type="stmt"/>
        <line num="92" count="4" type="stmt"/>
      </file>
      <file name="ColorUtils.js" path="/Users/tlynch/prog/lasers/src/utils/ColorUtils.js">
        <metrics statements="18" coveredstatements="18" conditionals="4" coveredconditionals="4" methods="5" coveredmethods="5"/>
        <line num="13" count="13" type="stmt"/>
        <line num="14" count="13" type="stmt"/>
        <line num="15" count="13" type="stmt"/>
        <line num="16" count="39" type="stmt"/>
        <line num="17" count="39" type="stmt"/>
        <line num="18" count="39" type="stmt"/>
        <line num="20" count="13" type="stmt"/>
        <line num="28" count="8" type="stmt"/>
        <line num="41" count="4" type="cond" truecount="2" falsecount="0"/>
        <line num="42" count="3" type="stmt"/>
        <line num="43" count="3" type="stmt"/>
        <line num="45" count="1" type="stmt"/>
        <line num="60" count="6" type="cond" truecount="2" falsecount="0"/>
        <line num="61" count="1" type="stmt"/>
        <line num="63" count="6" type="stmt"/>
        <line num="64" count="6" type="stmt"/>
        <line num="65" count="6" type="stmt"/>
        <line num="66" count="6" type="stmt"/>
      </file>
    </package>
  </project>
</coverage>
