{"/Users/tlynch/prog/lasers/src/AudioVisualizer.js": {"path":"/Users/tlynch/prog/lasers/src/AudioVisualizer.js","statementMap":{"0":{"start":{"line":24,"column":8},"end":{"line":24,"column":56}},"1":{"start":{"line":25,"column":8},"end":{"line":25,"column":48}},"2":{"start":{"line":26,"column":8},"end":{"line":26,"column":33}},"3":{"start":{"line":27,"column":8},"end":{"line":27,"column":29}},"4":{"start":{"line":28,"column":8},"end":{"line":28,"column":30}},"5":{"start":{"line":29,"column":8},"end":{"line":29,"column":31}},"6":{"start":{"line":30,"column":8},"end":{"line":30,"column":24}},"7":{"start":{"line":33,"column":8},"end":{"line":41,"column":10}},"8":{"start":{"line":44,"column":8},"end":{"line":44,"column":28}},"9":{"start":{"line":45,"column":8},"end":{"line":45,"column":24}},"10":{"start":{"line":48,"column":8},"end":{"line":48,"column":39}},"11":{"start":{"line":50,"column":8},"end":{"line":50,"column":27}},"12":{"start":{"line":51,"column":8},"end":{"line":51,"column":35}},"13":{"start":{"line":52,"column":8},"end":{"line":52,"column":36}},"14":{"start":{"line":54,"column":8},"end":{"line":54,"column":32}},"15":{"start":{"line":58,"column":8},"end":{"line":58,"column":28}},"16":{"start":{"line":59,"column":8},"end":{"line":59,"column":69}},"17":{"start":{"line":59,"column":48},"end":{"line":59,"column":67}},"18":{"start":{"line":63,"column":8},"end":{"line":63,"column":46}},"19":{"start":{"line":64,"column":8},"end":{"line":64,"column":48}},"20":{"start":{"line":68,"column":8},"end":{"line":84,"column":9}},"21":{"start":{"line":69,"column":12},"end":{"line":71,"column":13}},"22":{"start":{"line":70,"column":16},"end":{"line":70,"column":59}},"23":{"start":{"line":73,"column":26},"end":{"line":73,"column":80}},"24":{"start":{"line":74,"column":12},"end":{"line":74,"column":46}},"25":{"start":{"line":75,"column":12},"end":{"line":75,"column":43}},"26":{"start":{"line":76,"column":12},"end":{"line":76,"column":45}},"27":{"start":{"line":78,"column":12},"end":{"line":78,"column":34}},"28":{"start":{"line":79,"column":12},"end":{"line":79,"column":27}},"29":{"start":{"line":82,"column":12},"end":{"line":82,"column":56}},"30":{"start":{"line":83,"column":12},"end":{"line":83,"column":134}},"31":{"start":{"line":88,"column":8},"end":{"line":92,"column":9}},"32":{"start":{"line":89,"column":12},"end":{"line":89,"column":57}},"33":{"start":{"line":91,"column":12},"end":{"line":91,"column":38}},"34":{"start":{"line":95,"column":14},"end":{"line":140,"column":5}},"35":{"start":{"line":96,"column":8},"end":{"line":96,"column":36}},"36":{"start":{"line":96,"column":29},"end":{"line":96,"column":36}},"37":{"start":{"line":99,"column":8},"end":{"line":99,"column":59}},"38":{"start":{"line":100,"column":21},"end":{"line":100,"column":86}},"39":{"start":{"line":103,"column":8},"end":{"line":105,"column":9}},"40":{"start":{"line":104,"column":12},"end":{"line":104,"column":66}},"41":{"start":{"line":108,"column":26},"end":{"line":108,"column":42}},"42":{"start":{"line":109,"column":8},"end":{"line":109,"column":59}},"43":{"start":{"line":110,"column":8},"end":{"line":110,"column":71}},"44":{"start":{"line":112,"column":27},"end":{"line":115,"column":9}},"45":{"start":{"line":118,"column":8},"end":{"line":122,"column":9}},"46":{"start":{"line":119,"column":12},"end":{"line":119,"column":91}},"47":{"start":{"line":121,"column":12},"end":{"line":121,"column":87}},"48":{"start":{"line":125,"column":8},"end":{"line":128,"column":9}},"49":{"start":{"line":126,"column":12},"end":{"line":126,"column":52}},"50":{"start":{"line":126,"column":22},"end":{"line":126,"column":52}},"51":{"start":{"line":127,"column":12},"end":{"line":127,"column":86}},"52":{"start":{"line":130,"column":8},"end":{"line":133,"column":9}},"53":{"start":{"line":131,"column":12},"end":{"line":131,"column":89}},"54":{"start":{"line":131,"column":22},"end":{"line":131,"column":89}},"55":{"start":{"line":132,"column":12},"end":{"line":132,"column":86}},"56":{"start":{"line":135,"column":8},"end":{"line":137,"column":9}},"57":{"start":{"line":136,"column":12},"end":{"line":136,"column":83}},"58":{"start":{"line":139,"column":8},"end":{"line":139,"column":44}},"59":{"start":{"line":144,"column":30},"end":{"line":144,"column":67}},"60":{"start":{"line":145,"column":8},"end":{"line":147,"column":9}},"61":{"start":{"line":146,"column":12},"end":{"line":146,"column":77}},"62":{"start":{"line":146,"column":58},"end":{"line":146,"column":75}},"63":{"start":{"line":150,"column":30},"end":{"line":150,"column":70}},"64":{"start":{"line":151,"column":8},"end":{"line":159,"column":9}},"65":{"start":{"line":152,"column":12},"end":{"line":158,"column":15}},"66":{"start":{"line":153,"column":16},"end":{"line":157,"column":17}},"67":{"start":{"line":154,"column":20},"end":{"line":154,"column":65}},"68":{"start":{"line":156,"column":20},"end":{"line":156,"column":46}},"69":{"start":{"line":162,"column":31},"end":{"line":162,"column":72}},"70":{"start":{"line":163,"column":8},"end":{"line":170,"column":9}},"71":{"start":{"line":164,"column":12},"end":{"line":169,"column":15}},"72":{"start":{"line":165,"column":38},"end":{"line":165,"column":78}},"73":{"start":{"line":166,"column":16},"end":{"line":168,"column":17}},"74":{"start":{"line":167,"column":20},"end":{"line":167,"column":62}},"75":{"start":{"line":173,"column":28},"end":{"line":173,"column":66}},"76":{"start":{"line":174,"column":8},"end":{"line":179,"column":9}},"77":{"start":{"line":175,"column":12},"end":{"line":178,"column":15}},"78":{"start":{"line":176,"column":16},"end":{"line":176,"column":53}},"79":{"start":{"line":177,"column":16},"end":{"line":177,"column":36}},"80":{"start":{"line":182,"column":28},"end":{"line":182,"column":66}},"81":{"start":{"line":183,"column":8},"end":{"line":188,"column":9}},"82":{"start":{"line":184,"column":12},"end":{"line":187,"column":15}},"83":{"start":{"line":185,"column":16},"end":{"line":185,"column":69}},"84":{"start":{"line":186,"column":16},"end":{"line":186,"column":36}},"85":{"start":{"line":191,"column":26},"end":{"line":191,"column":62}},"86":{"start":{"line":192,"column":8},"end":{"line":197,"column":9}},"87":{"start":{"line":193,"column":12},"end":{"line":196,"column":15}},"88":{"start":{"line":194,"column":16},"end":{"line":194,"column":67}},"89":{"start":{"line":195,"column":16},"end":{"line":195,"column":36}},"90":{"start":{"line":200,"column":32},"end":{"line":200,"column":74}},"91":{"start":{"line":201,"column":8},"end":{"line":206,"column":9}},"92":{"start":{"line":202,"column":12},"end":{"line":205,"column":15}},"93":{"start":{"line":203,"column":16},"end":{"line":203,"column":75}},"94":{"start":{"line":204,"column":16},"end":{"line":204,"column":36}},"95":{"start":{"line":209,"column":28},"end":{"line":209,"column":66}},"96":{"start":{"line":210,"column":8},"end":{"line":216,"column":9}},"97":{"start":{"line":211,"column":12},"end":{"line":215,"column":15}},"98":{"start":{"line":212,"column":16},"end":{"line":212,"column":59}},"99":{"start":{"line":213,"column":16},"end":{"line":213,"column":44}},"100":{"start":{"line":214,"column":16},"end":{"line":214,"column":36}},"101":{"start":{"line":219,"column":26},"end":{"line":219,"column":62}},"102":{"start":{"line":220,"column":8},"end":{"line":226,"column":9}},"103":{"start":{"line":221,"column":12},"end":{"line":225,"column":15}},"104":{"start":{"line":222,"column":16},"end":{"line":222,"column":57}},"105":{"start":{"line":223,"column":16},"end":{"line":223,"column":44}},"106":{"start":{"line":224,"column":16},"end":{"line":224,"column":36}},"107":{"start":{"line":229,"column":32},"end":{"line":229,"column":74}},"108":{"start":{"line":230,"column":8},"end":{"line":235,"column":9}},"109":{"start":{"line":231,"column":12},"end":{"line":234,"column":15}},"110":{"start":{"line":232,"column":16},"end":{"line":232,"column":73}},"111":{"start":{"line":233,"column":16},"end":{"line":233,"column":36}},"112":{"start":{"line":238,"column":36},"end":{"line":238,"column":82}},"113":{"start":{"line":239,"column":8},"end":{"line":244,"column":9}},"114":{"start":{"line":240,"column":12},"end":{"line":243,"column":15}},"115":{"start":{"line":241,"column":16},"end":{"line":241,"column":77}},"116":{"start":{"line":242,"column":16},"end":{"line":242,"column":36}},"117":{"start":{"line":247,"column":38},"end":{"line":247,"column":86}},"118":{"start":{"line":248,"column":8},"end":{"line":253,"column":9}},"119":{"start":{"line":249,"column":12},"end":{"line":252,"column":15}},"120":{"start":{"line":250,"column":16},"end":{"line":250,"column":79}},"121":{"start":{"line":251,"column":16},"end":{"line":251,"column":36}},"122":{"start":{"line":256,"column":30},"end":{"line":256,"column":70}},"123":{"start":{"line":257,"column":8},"end":{"line":262,"column":9}},"124":{"start":{"line":258,"column":12},"end":{"line":261,"column":15}},"125":{"start":{"line":259,"column":16},"end":{"line":259,"column":71}},"126":{"start":{"line":260,"column":16},"end":{"line":260,"column":36}},"127":{"start":{"line":265,"column":26},"end":{"line":265,"column":62}},"128":{"start":{"line":266,"column":8},"end":{"line":271,"column":9}},"129":{"start":{"line":267,"column":12},"end":{"line":270,"column":15}},"130":{"start":{"line":268,"column":16},"end":{"line":268,"column":67}},"131":{"start":{"line":269,"column":16},"end":{"line":269,"column":36}},"132":{"start":{"line":274,"column":33},"end":{"line":274,"column":76}},"133":{"start":{"line":275,"column":8},"end":{"line":280,"column":9}},"134":{"start":{"line":276,"column":12},"end":{"line":279,"column":15}},"135":{"start":{"line":277,"column":16},"end":{"line":277,"column":64}},"136":{"start":{"line":278,"column":16},"end":{"line":278,"column":36}},"137":{"start":{"line":283,"column":30},"end":{"line":283,"column":70}},"138":{"start":{"line":284,"column":8},"end":{"line":290,"column":9}},"139":{"start":{"line":285,"column":12},"end":{"line":289,"column":15}},"140":{"start":{"line":286,"column":16},"end":{"line":286,"column":71}},"141":{"start":{"line":287,"column":16},"end":{"line":287,"column":40}},"142":{"start":{"line":288,"column":16},"end":{"line":288,"column":36}},"143":{"start":{"line":293,"column":28},"end":{"line":293,"column":66}},"144":{"start":{"line":294,"column":8},"end":{"line":300,"column":9}},"145":{"start":{"line":295,"column":12},"end":{"line":299,"column":15}},"146":{"start":{"line":296,"column":16},"end":{"line":296,"column":71}},"147":{"start":{"line":297,"column":16},"end":{"line":297,"column":40}},"148":{"start":{"line":298,"column":16},"end":{"line":298,"column":36}},"149":{"start":{"line":303,"column":29},"end":{"line":303,"column":68}},"150":{"start":{"line":304,"column":8},"end":{"line":308,"column":9}},"151":{"start":{"line":305,"column":12},"end":{"line":307,"column":15}},"152":{"start":{"line":306,"column":16},"end":{"line":306,"column":41}},"153":{"start":{"line":311,"column":30},"end":{"line":311,"column":70}},"154":{"start":{"line":312,"column":8},"end":{"line":316,"column":9}},"155":{"start":{"line":313,"column":12},"end":{"line":315,"column":15}},"156":{"start":{"line":314,"column":16},"end":{"line":314,"column":37}},"157":{"start":{"line":319,"column":29},"end":{"line":319,"column":68}},"158":{"start":{"line":320,"column":8},"end":{"line":324,"column":9}},"159":{"start":{"line":321,"column":12},"end":{"line":323,"column":15}},"160":{"start":{"line":322,"column":16},"end":{"line":322,"column":42}},"161":{"start":{"line":329,"column":35},"end":{"line":329,"column":80}},"162":{"start":{"line":330,"column":8},"end":{"line":336,"column":9}},"163":{"start":{"line":331,"column":12},"end":{"line":335,"column":13}},"164":{"start":{"line":332,"column":16},"end":{"line":332,"column":60}},"165":{"start":{"line":334,"column":16},"end":{"line":334,"column":63}},"166":{"start":{"line":339,"column":30},"end":{"line":339,"column":70}},"167":{"start":{"line":340,"column":8},"end":{"line":346,"column":9}},"168":{"start":{"line":341,"column":12},"end":{"line":345,"column":13}},"169":{"start":{"line":342,"column":16},"end":{"line":342,"column":55}},"170":{"start":{"line":344,"column":16},"end":{"line":344,"column":58}},"171":{"start":{"line":349,"column":25},"end":{"line":365,"column":9}},"172":{"start":{"line":367,"column":8},"end":{"line":378,"column":9}},"173":{"start":{"line":368,"column":28},"end":{"line":368,"column":55}},"174":{"start":{"line":369,"column":12},"end":{"line":377,"column":13}},"175":{"start":{"line":370,"column":16},"end":{"line":376,"column":17}},"176":{"start":{"line":371,"column":20},"end":{"line":371,"column":42}},"177":{"start":{"line":372,"column":23},"end":{"line":376,"column":17}},"178":{"start":{"line":373,"column":20},"end":{"line":373,"column":42}},"179":{"start":{"line":374,"column":23},"end":{"line":376,"column":17}},"180":{"start":{"line":375,"column":20},"end":{"line":375,"column":42}},"181":{"start":{"line":382,"column":8},"end":{"line":385,"column":48}},"182":{"start":{"line":389,"column":8},"end":{"line":392,"column":48}},"183":{"start":{"line":396,"column":8},"end":{"line":396,"column":36}},"184":{"start":{"line":400,"column":8},"end":{"line":400,"column":39}},"185":{"start":{"line":401,"column":8},"end":{"line":401,"column":36}},"186":{"start":{"line":405,"column":8},"end":{"line":405,"column":76}},"187":{"start":{"line":409,"column":8},"end":{"line":409,"column":47}},"188":{"start":{"line":410,"column":8},"end":{"line":410,"column":36}},"189":{"start":{"line":414,"column":8},"end":{"line":414,"column":46}},"190":{"start":{"line":418,"column":8},"end":{"line":423,"column":9}},"191":{"start":{"line":419,"column":12},"end":{"line":422,"column":31}},"192":{"start":{"line":424,"column":8},"end":{"line":424,"column":82}},"193":{"start":{"line":428,"column":8},"end":{"line":430,"column":9}},"194":{"start":{"line":429,"column":12},"end":{"line":429,"column":42}},"195":{"start":{"line":431,"column":8},"end":{"line":434,"column":26}},"196":{"start":{"line":438,"column":8},"end":{"line":443,"column":9}},"197":{"start":{"line":439,"column":12},"end":{"line":442,"column":46}},"198":{"start":{"line":447,"column":8},"end":{"line":447,"column":23}},"199":{"start":{"line":451,"column":30},"end":{"line":451,"column":70}},"200":{"start":{"line":452,"column":8},"end":{"line":454,"column":9}},"201":{"start":{"line":453,"column":12},"end":{"line":453,"column":53}},"202":{"start":{"line":458,"column":27},"end":{"line":458,"column":69}},"203":{"start":{"line":459,"column":8},"end":{"line":475,"column":9}},"204":{"start":{"line":460,"column":30},"end":{"line":460,"column":50}},"205":{"start":{"line":461,"column":12},"end":{"line":461,"column":49}},"206":{"start":{"line":464,"column":33},"end":{"line":464,"column":72}},"207":{"start":{"line":465,"column":12},"end":{"line":471,"column":13}},"208":{"start":{"line":466,"column":31},"end":{"line":466,"column":63}},"209":{"start":{"line":467,"column":16},"end":{"line":467,"column":42}},"210":{"start":{"line":468,"column":16},"end":{"line":468,"column":48}},"211":{"start":{"line":469,"column":16},"end":{"line":469,"column":49}},"212":{"start":{"line":470,"column":16},"end":{"line":470,"column":48}},"213":{"start":{"line":474,"column":12},"end":{"line":474,"column":74}},"214":{"start":{"line":479,"column":29},"end":{"line":479,"column":68}},"215":{"start":{"line":480,"column":8},"end":{"line":500,"column":9}},"216":{"start":{"line":481,"column":35},"end":{"line":481,"column":53}},"217":{"start":{"line":482,"column":12},"end":{"line":496,"column":13}},"218":{"start":{"line":484,"column":16},"end":{"line":492,"column":18}},"219":{"start":{"line":493,"column":19},"end":{"line":496,"column":13}},"220":{"start":{"line":495,"column":16},"end":{"line":495,"column":68}},"221":{"start":{"line":498,"column":12},"end":{"line":498,"column":40}},"222":{"start":{"line":499,"column":12},"end":{"line":499,"column":32}},"223":{"start":{"line":504,"column":8},"end":{"line":507,"column":9}},"224":{"start":{"line":505,"column":12},"end":{"line":505,"column":74}},"225":{"start":{"line":506,"column":12},"end":{"line":506,"column":64}},"226":{"start":{"line":512,"column":8},"end":{"line":512,"column":71}},"227":{"start":{"line":513,"column":8},"end":{"line":513,"column":72}},"228":{"start":{"line":514,"column":8},"end":{"line":514,"column":66}},"229":{"start":{"line":515,"column":8},"end":{"line":515,"column":84}},"230":{"start":{"line":516,"column":8},"end":{"line":516,"column":72}},"231":{"start":{"line":517,"column":8},"end":{"line":517,"column":72}},"232":{"start":{"line":520,"column":8},"end":{"line":520,"column":36}},"233":{"start":{"line":521,"column":8},"end":{"line":521,"column":28}},"234":{"start":{"line":526,"column":0},"end":{"line":574,"column":3}},"235":{"start":{"line":528,"column":29},"end":{"line":562,"column":5}},"236":{"start":{"line":564,"column":28},"end":{"line":564,"column":87}},"237":{"start":{"line":564,"column":58},"end":{"line":564,"column":86}},"238":{"start":{"line":566,"column":4},"end":{"line":569,"column":5}},"239":{"start":{"line":567,"column":8},"end":{"line":567,"column":65}},"240":{"start":{"line":568,"column":8},"end":{"line":568,"column":15}},"241":{"start":{"line":572,"column":23},"end":{"line":572,"column":44}},"242":{"start":{"line":573,"column":4},"end":{"line":573,"column":51}},"243":{"start":{"line":573,"column":21},"end":{"line":573,"column":44}}},"fnMap":{"0":{"name":"(anonymous_0)","decl":{"start":{"line":23,"column":4},"end":{"line":23,"column":5}},"loc":{"start":{"line":23,"column":18},"end":{"line":55,"column":5}},"line":23},"1":{"name":"(anonymous_1)","decl":{"start":{"line":57,"column":4},"end":{"line":57,"column":5}},"loc":{"start":{"line":57,"column":18},"end":{"line":60,"column":5}},"line":57},"2":{"name":"(anonymous_2)","decl":{"start":{"line":59,"column":42},"end":{"line":59,"column":43}},"loc":{"start":{"line":59,"column":48},"end":{"line":59,"column":67}},"line":59},"3":{"name":"(anonymous_3)","decl":{"start":{"line":62,"column":4},"end":{"line":62,"column":5}},"loc":{"start":{"line":62,"column":19},"end":{"line":65,"column":5}},"line":62},"4":{"name":"(anonymous_4)","decl":{"start":{"line":67,"column":4},"end":{"line":67,"column":5}},"loc":{"start":{"line":67,"column":23},"end":{"line":85,"column":5}},"line":67},"5":{"name":"(anonymous_5)","decl":{"start":{"line":87,"column":4},"end":{"line":87,"column":5}},"loc":{"start":{"line":87,"column":23},"end":{"line":93,"column":5}},"line":87},"6":{"name":"(anonymous_6)","decl":{"start":{"line":95,"column":14},"end":{"line":95,"column":15}},"loc":{"start":{"line":95,"column":20},"end":{"line":140,"column":5}},"line":95},"7":{"name":"(anonymous_7)","decl":{"start":{"line":142,"column":4},"end":{"line":142,"column":5}},"loc":{"start":{"line":142,"column":26},"end":{"line":325,"column":5}},"line":142},"8":{"name":"(anonymous_8)","decl":{"start":{"line":146,"column":52},"end":{"line":146,"column":53}},"loc":{"start":{"line":146,"column":58},"end":{"line":146,"column":75}},"line":146},"9":{"name":"(anonymous_9)","decl":{"start":{"line":152,"column":52},"end":{"line":152,"column":53}},"loc":{"start":{"line":152,"column":58},"end":{"line":158,"column":13}},"line":152},"10":{"name":"(anonymous_10)","decl":{"start":{"line":164,"column":53},"end":{"line":164,"column":54}},"loc":{"start":{"line":164,"column":59},"end":{"line":169,"column":13}},"line":164},"11":{"name":"(anonymous_11)","decl":{"start":{"line":175,"column":50},"end":{"line":175,"column":51}},"loc":{"start":{"line":175,"column":57},"end":{"line":178,"column":13}},"line":175},"12":{"name":"(anonymous_12)","decl":{"start":{"line":184,"column":50},"end":{"line":184,"column":51}},"loc":{"start":{"line":184,"column":57},"end":{"line":187,"column":13}},"line":184},"13":{"name":"(anonymous_13)","decl":{"start":{"line":193,"column":48},"end":{"line":193,"column":49}},"loc":{"start":{"line":193,"column":55},"end":{"line":196,"column":13}},"line":193},"14":{"name":"(anonymous_14)","decl":{"start":{"line":202,"column":54},"end":{"line":202,"column":55}},"loc":{"start":{"line":202,"column":61},"end":{"line":205,"column":13}},"line":202},"15":{"name":"(anonymous_15)","decl":{"start":{"line":211,"column":51},"end":{"line":211,"column":52}},"loc":{"start":{"line":211,"column":58},"end":{"line":215,"column":13}},"line":211},"16":{"name":"(anonymous_16)","decl":{"start":{"line":221,"column":49},"end":{"line":221,"column":50}},"loc":{"start":{"line":221,"column":56},"end":{"line":225,"column":13}},"line":221},"17":{"name":"(anonymous_17)","decl":{"start":{"line":231,"column":54},"end":{"line":231,"column":55}},"loc":{"start":{"line":231,"column":61},"end":{"line":234,"column":13}},"line":231},"18":{"name":"(anonymous_18)","decl":{"start":{"line":240,"column":58},"end":{"line":240,"column":59}},"loc":{"start":{"line":240,"column":65},"end":{"line":243,"column":13}},"line":240},"19":{"name":"(anonymous_19)","decl":{"start":{"line":249,"column":60},"end":{"line":249,"column":61}},"loc":{"start":{"line":249,"column":67},"end":{"line":252,"column":13}},"line":249},"20":{"name":"(anonymous_20)","decl":{"start":{"line":258,"column":52},"end":{"line":258,"column":53}},"loc":{"start":{"line":258,"column":59},"end":{"line":261,"column":13}},"line":258},"21":{"name":"(anonymous_21)","decl":{"start":{"line":267,"column":48},"end":{"line":267,"column":49}},"loc":{"start":{"line":267,"column":55},"end":{"line":270,"column":13}},"line":267},"22":{"name":"(anonymous_22)","decl":{"start":{"line":276,"column":56},"end":{"line":276,"column":57}},"loc":{"start":{"line":276,"column":63},"end":{"line":279,"column":13}},"line":276},"23":{"name":"(anonymous_23)","decl":{"start":{"line":285,"column":52},"end":{"line":285,"column":53}},"loc":{"start":{"line":285,"column":59},"end":{"line":289,"column":13}},"line":285},"24":{"name":"(anonymous_24)","decl":{"start":{"line":295,"column":50},"end":{"line":295,"column":51}},"loc":{"start":{"line":295,"column":57},"end":{"line":299,"column":13}},"line":295},"25":{"name":"(anonymous_25)","decl":{"start":{"line":305,"column":51},"end":{"line":305,"column":52}},"loc":{"start":{"line":305,"column":57},"end":{"line":307,"column":13}},"line":305},"26":{"name":"(anonymous_26)","decl":{"start":{"line":313,"column":52},"end":{"line":313,"column":53}},"loc":{"start":{"line":313,"column":58},"end":{"line":315,"column":13}},"line":313},"27":{"name":"(anonymous_27)","decl":{"start":{"line":321,"column":52},"end":{"line":321,"column":53}},"loc":{"start":{"line":321,"column":58},"end":{"line":323,"column":13}},"line":321},"28":{"name":"(anonymous_28)","decl":{"start":{"line":327,"column":4},"end":{"line":327,"column":5}},"loc":{"start":{"line":327,"column":27},"end":{"line":379,"column":5}},"line":327},"29":{"name":"(anonymous_29)","decl":{"start":{"line":381,"column":4},"end":{"line":381,"column":5}},"loc":{"start":{"line":381,"column":20},"end":{"line":386,"column":5}},"line":381},"30":{"name":"(anonymous_30)","decl":{"start":{"line":388,"column":4},"end":{"line":388,"column":5}},"loc":{"start":{"line":388,"column":30},"end":{"line":393,"column":5}},"line":388},"31":{"name":"(anonymous_31)","decl":{"start":{"line":395,"column":4},"end":{"line":395,"column":5}},"loc":{"start":{"line":395,"column":19},"end":{"line":397,"column":5}},"line":395},"32":{"name":"(anonymous_32)","decl":{"start":{"line":399,"column":4},"end":{"line":399,"column":5}},"loc":{"start":{"line":399,"column":24},"end":{"line":402,"column":5}},"line":399},"33":{"name":"(anonymous_33)","decl":{"start":{"line":404,"column":4},"end":{"line":404,"column":5}},"loc":{"start":{"line":404,"column":26},"end":{"line":406,"column":5}},"line":404},"34":{"name":"(anonymous_34)","decl":{"start":{"line":408,"column":4},"end":{"line":408,"column":5}},"loc":{"start":{"line":408,"column":27},"end":{"line":411,"column":5}},"line":408},"35":{"name":"(anonymous_35)","decl":{"start":{"line":413,"column":4},"end":{"line":413,"column":5}},"loc":{"start":{"line":413,"column":36},"end":{"line":415,"column":5}},"line":413},"36":{"name":"(anonymous_36)","decl":{"start":{"line":417,"column":4},"end":{"line":417,"column":5}},"loc":{"start":{"line":417,"column":26},"end":{"line":425,"column":5}},"line":417},"37":{"name":"(anonymous_37)","decl":{"start":{"line":427,"column":4},"end":{"line":427,"column":5}},"loc":{"start":{"line":427,"column":22},"end":{"line":435,"column":5}},"line":427},"38":{"name":"(anonymous_38)","decl":{"start":{"line":437,"column":4},"end":{"line":437,"column":5}},"loc":{"start":{"line":437,"column":24},"end":{"line":444,"column":5}},"line":437},"39":{"name":"(anonymous_39)","decl":{"start":{"line":446,"column":4},"end":{"line":446,"column":5}},"loc":{"start":{"line":446,"column":18},"end":{"line":448,"column":5}},"line":446},"40":{"name":"(anonymous_40)","decl":{"start":{"line":450,"column":4},"end":{"line":450,"column":5}},"loc":{"start":{"line":450,"column":21},"end":{"line":455,"column":5}},"line":450},"41":{"name":"(anonymous_41)","decl":{"start":{"line":457,"column":4},"end":{"line":457,"column":5}},"loc":{"start":{"line":457,"column":20},"end":{"line":476,"column":5}},"line":457},"42":{"name":"(anonymous_42)","decl":{"start":{"line":478,"column":4},"end":{"line":478,"column":5}},"loc":{"start":{"line":478,"column":25},"end":{"line":501,"column":5}},"line":478},"43":{"name":"(anonymous_43)","decl":{"start":{"line":503,"column":4},"end":{"line":503,"column":5}},"loc":{"start":{"line":503,"column":23},"end":{"line":508,"column":5}},"line":503},"44":{"name":"(anonymous_44)","decl":{"start":{"line":510,"column":4},"end":{"line":510,"column":5}},"loc":{"start":{"line":510,"column":24},"end":{"line":522,"column":5}},"line":510},"45":{"name":"(anonymous_45)","decl":{"start":{"line":526,"column":44},"end":{"line":526,"column":45}},"loc":{"start":{"line":526,"column":50},"end":{"line":574,"column":1}},"line":526},"46":{"name":"(anonymous_46)","decl":{"start":{"line":564,"column":52},"end":{"line":564,"column":53}},"loc":{"start":{"line":564,"column":58},"end":{"line":564,"column":86}},"line":564},"47":{"name":"(anonymous_47)","decl":{"start":{"line":573,"column":15},"end":{"line":573,"column":16}},"loc":{"start":{"line":573,"column":21},"end":{"line":573,"column":44}},"line":573}},"branchMap":{"0":{"loc":{"start":{"line":69,"column":12},"end":{"line":71,"column":13}},"type":"if","locations":[{"start":{"line":69,"column":12},"end":{"line":71,"column":13}},{"start":{},"end":{}}],"line":69},"1":{"loc":{"start":{"line":88,"column":8},"end":{"line":92,"column":9}},"type":"if","locations":[{"start":{"line":88,"column":8},"end":{"line":92,"column":9}},{"start":{"line":90,"column":15},"end":{"line":92,"column":9}}],"line":88},"2":{"loc":{"start":{"line":96,"column":8},"end":{"line":96,"column":36}},"type":"if","locations":[{"start":{"line":96,"column":8},"end":{"line":96,"column":36}},{"start":{},"end":{}}],"line":96},"3":{"loc":{"start":{"line":103,"column":8},"end":{"line":105,"column":9}},"type":"if","locations":[{"start":{"line":103,"column":8},"end":{"line":105,"column":9}},{"start":{},"end":{}}],"line":103},"4":{"loc":{"start":{"line":108,"column":26},"end":{"line":108,"column":42}},"type":"cond-expr","locations":[{"start":{"line":108,"column":33},"end":{"line":108,"column":36}},{"start":{"line":108,"column":39},"end":{"line":108,"column":42}}],"line":108},"5":{"loc":{"start":{"line":118,"column":8},"end":{"line":122,"column":9}},"type":"if","locations":[{"start":{"line":118,"column":8},"end":{"line":122,"column":9}},{"start":{"line":120,"column":15},"end":{"line":122,"column":9}}],"line":118},"6":{"loc":{"start":{"line":125,"column":8},"end":{"line":128,"column":9}},"type":"if","locations":[{"start":{"line":125,"column":8},"end":{"line":128,"column":9}},{"start":{},"end":{}}],"line":125},"7":{"loc":{"start":{"line":126,"column":12},"end":{"line":126,"column":52}},"type":"if","locations":[{"start":{"line":126,"column":12},"end":{"line":126,"column":52}},{"start":{},"end":{}}],"line":126},"8":{"loc":{"start":{"line":130,"column":8},"end":{"line":133,"column":9}},"type":"if","locations":[{"start":{"line":130,"column":8},"end":{"line":133,"column":9}},{"start":{},"end":{}}],"line":130},"9":{"loc":{"start":{"line":131,"column":12},"end":{"line":131,"column":89}},"type":"if","locations":[{"start":{"line":131,"column":12},"end":{"line":131,"column":89}},{"start":{},"end":{}}],"line":131},"10":{"loc":{"start":{"line":135,"column":8},"end":{"line":137,"column":9}},"type":"if","locations":[{"start":{"line":135,"column":8},"end":{"line":137,"column":9}},{"start":{},"end":{}}],"line":135},"11":{"loc":{"start":{"line":145,"column":8},"end":{"line":147,"column":9}},"type":"if","locations":[{"start":{"line":145,"column":8},"end":{"line":147,"column":9}},{"start":{},"end":{}}],"line":145},"12":{"loc":{"start":{"line":151,"column":8},"end":{"line":159,"column":9}},"type":"if","locations":[{"start":{"line":151,"column":8},"end":{"line":159,"column":9}},{"start":{},"end":{}}],"line":151},"13":{"loc":{"start":{"line":153,"column":16},"end":{"line":157,"column":17}},"type":"if","locations":[{"start":{"line":153,"column":16},"end":{"line":157,"column":17}},{"start":{"line":155,"column":23},"end":{"line":157,"column":17}}],"line":153},"14":{"loc":{"start":{"line":163,"column":8},"end":{"line":170,"column":9}},"type":"if","locations":[{"start":{"line":163,"column":8},"end":{"line":170,"column":9}},{"start":{},"end":{}}],"line":163},"15":{"loc":{"start":{"line":166,"column":16},"end":{"line":168,"column":17}},"type":"if","locations":[{"start":{"line":166,"column":16},"end":{"line":168,"column":17}},{"start":{},"end":{}}],"line":166},"16":{"loc":{"start":{"line":174,"column":8},"end":{"line":179,"column":9}},"type":"if","locations":[{"start":{"line":174,"column":8},"end":{"line":179,"column":9}},{"start":{},"end":{}}],"line":174},"17":{"loc":{"start":{"line":183,"column":8},"end":{"line":188,"column":9}},"type":"if","locations":[{"start":{"line":183,"column":8},"end":{"line":188,"column":9}},{"start":{},"end":{}}],"line":183},"18":{"loc":{"start":{"line":192,"column":8},"end":{"line":197,"column":9}},"type":"if","locations":[{"start":{"line":192,"column":8},"end":{"line":197,"column":9}},{"start":{},"end":{}}],"line":192},"19":{"loc":{"start":{"line":201,"column":8},"end":{"line":206,"column":9}},"type":"if","locations":[{"start":{"line":201,"column":8},"end":{"line":206,"column":9}},{"start":{},"end":{}}],"line":201},"20":{"loc":{"start":{"line":210,"column":8},"end":{"line":216,"column":9}},"type":"if","locations":[{"start":{"line":210,"column":8},"end":{"line":216,"column":9}},{"start":{},"end":{}}],"line":210},"21":{"loc":{"start":{"line":220,"column":8},"end":{"line":226,"column":9}},"type":"if","locations":[{"start":{"line":220,"column":8},"end":{"line":226,"column":9}},{"start":{},"end":{}}],"line":220},"22":{"loc":{"start":{"line":230,"column":8},"end":{"line":235,"column":9}},"type":"if","locations":[{"start":{"line":230,"column":8},"end":{"line":235,"column":9}},{"start":{},"end":{}}],"line":230},"23":{"loc":{"start":{"line":239,"column":8},"end":{"line":244,"column":9}},"type":"if","locations":[{"start":{"line":239,"column":8},"end":{"line":244,"column":9}},{"start":{},"end":{}}],"line":239},"24":{"loc":{"start":{"line":248,"column":8},"end":{"line":253,"column":9}},"type":"if","locations":[{"start":{"line":248,"column":8},"end":{"line":253,"column":9}},{"start":{},"end":{}}],"line":248},"25":{"loc":{"start":{"line":257,"column":8},"end":{"line":262,"column":9}},"type":"if","locations":[{"start":{"line":257,"column":8},"end":{"line":262,"column":9}},{"start":{},"end":{}}],"line":257},"26":{"loc":{"start":{"line":266,"column":8},"end":{"line":271,"column":9}},"type":"if","locations":[{"start":{"line":266,"column":8},"end":{"line":271,"column":9}},{"start":{},"end":{}}],"line":266},"27":{"loc":{"start":{"line":275,"column":8},"end":{"line":280,"column":9}},"type":"if","locations":[{"start":{"line":275,"column":8},"end":{"line":280,"column":9}},{"start":{},"end":{}}],"line":275},"28":{"loc":{"start":{"line":284,"column":8},"end":{"line":290,"column":9}},"type":"if","locations":[{"start":{"line":284,"column":8},"end":{"line":290,"column":9}},{"start":{},"end":{}}],"line":284},"29":{"loc":{"start":{"line":294,"column":8},"end":{"line":300,"column":9}},"type":"if","locations":[{"start":{"line":294,"column":8},"end":{"line":300,"column":9}},{"start":{},"end":{}}],"line":294},"30":{"loc":{"start":{"line":304,"column":8},"end":{"line":308,"column":9}},"type":"if","locations":[{"start":{"line":304,"column":8},"end":{"line":308,"column":9}},{"start":{},"end":{}}],"line":304},"31":{"loc":{"start":{"line":312,"column":8},"end":{"line":316,"column":9}},"type":"if","locations":[{"start":{"line":312,"column":8},"end":{"line":316,"column":9}},{"start":{},"end":{}}],"line":312},"32":{"loc":{"start":{"line":320,"column":8},"end":{"line":324,"column":9}},"type":"if","locations":[{"start":{"line":320,"column":8},"end":{"line":324,"column":9}},{"start":{},"end":{}}],"line":320},"33":{"loc":{"start":{"line":330,"column":8},"end":{"line":336,"column":9}},"type":"if","locations":[{"start":{"line":330,"column":8},"end":{"line":336,"column":9}},{"start":{},"end":{}}],"line":330},"34":{"loc":{"start":{"line":331,"column":12},"end":{"line":335,"column":13}},"type":"if","locations":[{"start":{"line":331,"column":12},"end":{"line":335,"column":13}},{"start":{"line":333,"column":19},"end":{"line":335,"column":13}}],"line":331},"35":{"loc":{"start":{"line":340,"column":8},"end":{"line":346,"column":9}},"type":"if","locations":[{"start":{"line":340,"column":8},"end":{"line":346,"column":9}},{"start":{},"end":{}}],"line":340},"36":{"loc":{"start":{"line":341,"column":12},"end":{"line":345,"column":13}},"type":"if","locations":[{"start":{"line":341,"column":12},"end":{"line":345,"column":13}},{"start":{"line":343,"column":19},"end":{"line":345,"column":13}}],"line":341},"37":{"loc":{"start":{"line":369,"column":12},"end":{"line":377,"column":13}},"type":"if","locations":[{"start":{"line":369,"column":12},"end":{"line":377,"column":13}},{"start":{},"end":{}}],"line":369},"38":{"loc":{"start":{"line":370,"column":16},"end":{"line":376,"column":17}},"type":"if","locations":[{"start":{"line":370,"column":16},"end":{"line":376,"column":17}},{"start":{"line":372,"column":23},"end":{"line":376,"column":17}}],"line":370},"39":{"loc":{"start":{"line":370,"column":20},"end":{"line":370,"column":73}},"type":"binary-expr","locations":[{"start":{"line":370,"column":20},"end":{"line":370,"column":44}},{"start":{"line":370,"column":48},"end":{"line":370,"column":73}}],"line":370},"40":{"loc":{"start":{"line":372,"column":23},"end":{"line":376,"column":17}},"type":"if","locations":[{"start":{"line":372,"column":23},"end":{"line":376,"column":17}},{"start":{"line":374,"column":23},"end":{"line":376,"column":17}}],"line":372},"41":{"loc":{"start":{"line":374,"column":23},"end":{"line":376,"column":17}},"type":"if","locations":[{"start":{"line":374,"column":23},"end":{"line":376,"column":17}},{"start":{},"end":{}}],"line":374},"42":{"loc":{"start":{"line":418,"column":8},"end":{"line":423,"column":9}},"type":"if","locations":[{"start":{"line":418,"column":8},"end":{"line":423,"column":9}},{"start":{},"end":{}}],"line":418},"43":{"loc":{"start":{"line":418,"column":12},"end":{"line":418,"column":50}},"type":"binary-expr","locations":[{"start":{"line":418,"column":12},"end":{"line":418,"column":16}},{"start":{"line":418,"column":20},"end":{"line":418,"column":50}}],"line":418},"44":{"loc":{"start":{"line":428,"column":8},"end":{"line":430,"column":9}},"type":"if","locations":[{"start":{"line":428,"column":8},"end":{"line":430,"column":9}},{"start":{},"end":{}}],"line":428},"45":{"loc":{"start":{"line":428,"column":12},"end":{"line":428,"column":46}},"type":"binary-expr","locations":[{"start":{"line":428,"column":12},"end":{"line":428,"column":16}},{"start":{"line":428,"column":20},"end":{"line":428,"column":46}}],"line":428},"46":{"loc":{"start":{"line":438,"column":8},"end":{"line":443,"column":9}},"type":"if","locations":[{"start":{"line":438,"column":8},"end":{"line":443,"column":9}},{"start":{},"end":{}}],"line":438},"47":{"loc":{"start":{"line":452,"column":8},"end":{"line":454,"column":9}},"type":"if","locations":[{"start":{"line":452,"column":8},"end":{"line":454,"column":9}},{"start":{},"end":{}}],"line":452},"48":{"loc":{"start":{"line":459,"column":8},"end":{"line":475,"column":9}},"type":"if","locations":[{"start":{"line":459,"column":8},"end":{"line":475,"column":9}},{"start":{},"end":{}}],"line":459},"49":{"loc":{"start":{"line":465,"column":12},"end":{"line":471,"column":13}},"type":"if","locations":[{"start":{"line":465,"column":12},"end":{"line":471,"column":13}},{"start":{},"end":{}}],"line":465},"50":{"loc":{"start":{"line":480,"column":8},"end":{"line":500,"column":9}},"type":"if","locations":[{"start":{"line":480,"column":8},"end":{"line":500,"column":9}},{"start":{},"end":{}}],"line":480},"51":{"loc":{"start":{"line":482,"column":12},"end":{"line":496,"column":13}},"type":"if","locations":[{"start":{"line":482,"column":12},"end":{"line":496,"column":13}},{"start":{"line":493,"column":19},"end":{"line":496,"column":13}}],"line":482},"52":{"loc":{"start":{"line":493,"column":19},"end":{"line":496,"column":13}},"type":"if","locations":[{"start":{"line":493,"column":19},"end":{"line":496,"column":13}},{"start":{},"end":{}}],"line":493},"53":{"loc":{"start":{"line":504,"column":8},"end":{"line":507,"column":9}},"type":"if","locations":[{"start":{"line":504,"column":8},"end":{"line":507,"column":9}},{"start":{},"end":{}}],"line":504},"54":{"loc":{"start":{"line":566,"column":4},"end":{"line":569,"column":5}},"type":"if","locations":[{"start":{"line":566,"column":4},"end":{"line":569,"column":5}},{"start":{},"end":{}}],"line":566}},"s":{"0":49,"1":49,"2":49,"3":49,"4":49,"5":49,"6":49,"7":49,"8":49,"9":49,"10":49,"11":49,"12":49,"13":49,"14":49,"15":49,"16":49,"17":18,"18":67,"19":67,"20":2,"21":2,"22":2,"23":1,"24":1,"25":1,"26":1,"27":1,"28":1,"29":1,"30":1,"31":2,"32":1,"33":1,"34":49,"35":3,"36":2,"37":1,"38":1,"39":1,"40":0,"41":1,"42":1,"43":1,"44":1,"45":1,"46":0,"47":1,"48":1,"49":1,"50":1,"51":1,"52":1,"53":1,"54":1,"55":1,"56":1,"57":0,"58":1,"59":50,"60":50,"61":40,"62":0,"63":50,"64":50,"65":48,"66":0,"67":0,"68":0,"69":50,"70":50,"71":44,"72":2,"73":2,"74":2,"75":50,"76":50,"77":44,"78":0,"79":0,"80":50,"81":50,"82":44,"83":0,"84":0,"85":50,"86":50,"87":44,"88":0,"89":0,"90":50,"91":50,"92":44,"93":0,"94":0,"95":50,"96":50,"97":44,"98":0,"99":0,"100":0,"101":50,"102":50,"103":44,"104":0,"105":0,"106":0,"107":50,"108":50,"109":43,"110":0,"111":0,"112":50,"113":50,"114":43,"115":0,"116":0,"117":50,"118":50,"119":28,"120":0,"121":0,"122":50,"123":50,"124":43,"125":0,"126":0,"127":50,"128":50,"129":43,"130":0,"131":0,"132":50,"133":50,"134":43,"135":0,"136":0,"137":50,"138":50,"139":40,"140":0,"141":0,"142":0,"143":50,"144":50,"145":40,"146":0,"147":0,"148":0,"149":50,"150":50,"151":40,"152":0,"153":50,"154":50,"155":1,"156":0,"157":50,"158":50,"159":41,"160":1,"161":54,"162":54,"163":46,"164":3,"165":43,"166":54,"167":54,"168":46,"169":1,"170":45,"171":54,"172":54,"173":810,"174":810,"175":679,"176":489,"177":190,"178":48,"179":142,"180":142,"181":4,"182":6,"183":2,"184":1,"185":1,"186":0,"187":1,"188":1,"189":1,"190":104,"191":3,"192":104,"193":7,"194":4,"195":7,"196":4,"197":3,"198":2,"199":0,"200":0,"201":0,"202":0,"203":0,"204":0,"205":0,"206":0,"207":0,"208":0,"209":0,"210":0,"211":0,"212":0,"213":0,"214":1,"215":1,"216":1,"217":1,"218":1,"219":0,"220":0,"221":1,"222":1,"223":0,"224":0,"225":0,"226":0,"227":0,"228":0,"229":0,"230":0,"231":0,"232":0,"233":0,"234":3,"235":0,"236":0,"237":0,"238":0,"239":0,"240":0,"241":0,"242":0,"243":0},"f":{"0":49,"1":49,"2":18,"3":67,"4":2,"5":2,"6":3,"7":50,"8":0,"9":0,"10":2,"11":0,"12":0,"13":0,"14":0,"15":0,"16":0,"17":0,"18":0,"19":0,"20":0,"21":0,"22":0,"23":0,"24":0,"25":0,"26":0,"27":1,"28":54,"29":4,"30":6,"31":2,"32":1,"33":0,"34":1,"35":1,"36":104,"37":7,"38":4,"39":2,"40":0,"41":0,"42":1,"43":0,"44":0,"45":0,"46":0,"47":0},"b":{"0":[2,0],"1":[1,1],"2":[2,1],"3":[0,1],"4":[1,0],"5":[0,1],"6":[1,0],"7":[1,0],"8":[1,0],"9":[1,0],"10":[0,1],"11":[40,10],"12":[48,2],"13":[0,0],"14":[44,6],"15":[2,0],"16":[44,6],"17":[44,6],"18":[44,6],"19":[44,6],"20":[44,6],"21":[44,6],"22":[43,7],"23":[43,7],"24":[28,22],"25":[43,7],"26":[43,7],"27":[43,7],"28":[40,10],"29":[40,10],"30":[40,10],"31":[1,49],"32":[41,9],"33":[46,8],"34":[3,43],"35":[46,8],"36":[1,45],"37":[679,131],"38":[489,190],"39":[679,190],"40":[48,142],"41":[142,0],"42":[3,101],"43":[104,4],"44":[4,3],"45":[7,5],"46":[3,1],"47":[0,0],"48":[0,0],"49":[0,0],"50":[1,0],"51":[1,0],"52":[0,0],"53":[0,0],"54":[0,0]},"_coverageSchema":"1a1c01bbd47fc00a2c39e90264f33305004495a9","hash":"cb1ccf9d68ab35bc43671db432ea95ac0d081375"}
,"/Users/tlynch/prog/lasers/src/Settings.js": {"path":"/Users/tlynch/prog/lasers/src/Settings.js","statementMap":{"0":{"start":{"line":10,"column":31},"end":{"line":51,"column":1}},"1":{"start":{"line":56,"column":23},"end":{"line":112,"column":1}},"2":{"start":{"line":119,"column":26},"end":{"line":119,"column":73}},"3":{"start":{"line":120,"column":25},"end":{"line":120,"column":71}},"4":{"start":{"line":122,"column":19},"end":{"line":122,"column":41}},"5":{"start":{"line":124,"column":4},"end":{"line":126,"column":5}},"6":{"start":{"line":125,"column":8},"end":{"line":125,"column":65}},"7":{"start":{"line":128,"column":4},"end":{"line":130,"column":5}},"8":{"start":{"line":129,"column":8},"end":{"line":129,"column":57}},"9":{"start":{"line":132,"column":4},"end":{"line":132,"column":20}},"10":{"start":{"line":140,"column":4},"end":{"line":140,"column":78}},"11":{"start":{"line":141,"column":4},"end":{"line":141,"column":76}},"12":{"start":{"line":150,"column":4},"end":{"line":150,"column":85}},"13":{"start":{"line":159,"column":4},"end":{"line":159,"column":42}},"14":{"start":{"line":160,"column":4},"end":{"line":160,"column":27}},"15":{"start":{"line":168,"column":19},"end":{"line":171,"column":5}},"16":{"start":{"line":169,"column":20},"end":{"line":169,"column":53}},"17":{"start":{"line":170,"column":8},"end":{"line":170,"column":47}},"18":{"start":{"line":173,"column":23},"end":{"line":173,"column":73}},"19":{"start":{"line":173,"column":46},"end":{"line":173,"column":73}},"20":{"start":{"line":175,"column":18},"end":{"line":175,"column":39}},"21":{"start":{"line":177,"column":4},"end":{"line":205,"column":6}}},"fnMap":{"0":{"name":"loadSettings","decl":{"start":{"line":118,"column":16},"end":{"line":118,"column":28}},"loc":{"start":{"line":118,"column":31},"end":{"line":133,"column":1}},"line":118},"1":{"name":"saveSettings","decl":{"start":{"line":139,"column":16},"end":{"line":139,"column":28}},"loc":{"start":{"line":139,"column":39},"end":{"line":142,"column":1}},"line":139},"2":{"name":"loadPreset","decl":{"start":{"line":149,"column":16},"end":{"line":149,"column":26}},"loc":{"start":{"line":149,"column":39},"end":{"line":151,"column":1}},"line":149},"3":{"name":"savePreset","decl":{"start":{"line":158,"column":16},"end":{"line":158,"column":26}},"loc":{"start":{"line":158,"column":49},"end":{"line":161,"column":1}},"line":158},"4":{"name":"randomizeSettings","decl":{"start":{"line":167,"column":16},"end":{"line":167,"column":33}},"loc":{"start":{"line":167,"column":36},"end":{"line":206,"column":1}},"line":167},"5":{"name":"(anonymous_5)","decl":{"start":{"line":168,"column":19},"end":{"line":168,"column":20}},"loc":{"start":{"line":168,"column":50},"end":{"line":171,"column":5}},"line":168},"6":{"name":"(anonymous_6)","decl":{"start":{"line":173,"column":23},"end":{"line":173,"column":24}},"loc":{"start":{"line":173,"column":46},"end":{"line":173,"column":73}},"line":173}},"branchMap":{"0":{"loc":{"start":{"line":124,"column":4},"end":{"line":126,"column":5}},"type":"if","locations":[{"start":{"line":124,"column":4},"end":{"line":126,"column":5}},{"start":{},"end":{}}],"line":124},"1":{"loc":{"start":{"line":128,"column":4},"end":{"line":130,"column":5}},"type":"if","locations":[{"start":{"line":128,"column":4},"end":{"line":130,"column":5}},{"start":{},"end":{}}],"line":128},"2":{"loc":{"start":{"line":150,"column":11},"end":{"line":150,"column":84}},"type":"cond-expr","locations":[{"start":{"line":150,"column":33},"end":{"line":150,"column":59}},{"start":{"line":150,"column":62},"end":{"line":150,"column":84}}],"line":150},"3":{"loc":{"start":{"line":168,"column":30},"end":{"line":168,"column":45}},"type":"default-arg","locations":[{"start":{"line":168,"column":40},"end":{"line":168,"column":45}}],"line":168},"4":{"loc":{"start":{"line":170,"column":15},"end":{"line":170,"column":46}},"type":"cond-expr","locations":[{"start":{"line":170,"column":25},"end":{"line":170,"column":28}},{"start":{"line":170,"column":31},"end":{"line":170,"column":46}}],"line":170},"5":{"loc":{"start":{"line":173,"column":24},"end":{"line":173,"column":41}},"type":"default-arg","locations":[{"start":{"line":173,"column":38},"end":{"line":173,"column":41}}],"line":173},"6":{"loc":{"start":{"line":179,"column":21},"end":{"line":179,"column":59}},"type":"cond-expr","locations":[{"start":{"line":179,"column":36},"end":{"line":179,"column":44}},{"start":{"line":179,"column":47},"end":{"line":179,"column":59}}],"line":179},"7":{"loc":{"start":{"line":180,"column":19},"end":{"line":180,"column":52}},"type":"cond-expr","locations":[{"start":{"line":180,"column":34},"end":{"line":180,"column":42}},{"start":{"line":180,"column":45},"end":{"line":180,"column":52}}],"line":180},"8":{"loc":{"start":{"line":200,"column":26},"end":{"line":200,"column":61}},"type":"cond-expr","locations":[{"start":{"line":200,"column":44},"end":{"line":200,"column":52}},{"start":{"line":200,"column":55},"end":{"line":200,"column":61}}],"line":200}},"s":{"0":4,"1":4,"2":52,"3":52,"4":52,"5":52,"6":2,"7":52,"8":0,"9":52,"10":7,"11":7,"12":3,"13":3,"14":3,"15":5,"16":80,"17":80,"18":5,"19":30,"20":5,"21":5},"f":{"0":52,"1":7,"2":3,"3":3,"4":5,"5":80,"6":30},"b":{"0":[2,50],"1":[0,52],"2":[2,1],"3":[50],"4":[30,50],"5":[10],"6":[2,3],"7":[3,2],"8":[3,2]},"_coverageSchema":"1a1c01bbd47fc00a2c39e90264f33305004495a9","hash":"451bdd3c4d85830df370a563fe01061f30f792b3"}
,"/Users/tlynch/prog/lasers/src/effects/FrequencyBars.js": {"path":"/Users/tlynch/prog/lasers/src/effects/FrequencyBars.js","statementMap":{"0":{"start":{"line":13,"column":21},"end":{"line":13,"column":42}},"1":{"start":{"line":14,"column":23},"end":{"line":14,"column":24}},"2":{"start":{"line":15,"column":22},"end":{"line":15,"column":43}},"3":{"start":{"line":17,"column":4},"end":{"line":24,"column":5}},"4":{"start":{"line":17,"column":17},"end":{"line":17,"column":18}},"5":{"start":{"line":18,"column":23},"end":{"line":18,"column":55}},"6":{"start":{"line":19,"column":18},"end":{"line":19,"column":45}},"7":{"start":{"line":20,"column":18},"end":{"line":20,"column":44}},"8":{"start":{"line":22,"column":8},"end":{"line":22,"column":39}},"9":{"start":{"line":23,"column":8},"end":{"line":23,"column":45}}},"fnMap":{"0":{"name":"drawFrequencyBars","decl":{"start":{"line":12,"column":16},"end":{"line":12,"column":33}},"loc":{"start":{"line":12,"column":72},"end":{"line":25,"column":1}},"line":12}},"branchMap":{},"s":{"0":3,"1":3,"2":3,"3":3,"4":3,"5":192,"6":192,"7":192,"8":192,"9":192},"f":{"0":3},"b":{},"_coverageSchema":"1a1c01bbd47fc00a2c39e90264f33305004495a9","hash":"0aaf62474958f44e26cc091a7ebb65190bf414b6"}
,"/Users/tlynch/prog/lasers/src/effects/ParticleEffect.js": {"path":"/Users/tlynch/prog/lasers/src/effects/ParticleEffect.js","statementMap":{"0":{"start":{"line":12,"column":22},"end":{"line":12,"column":24}},"1":{"start":{"line":13,"column":4},"end":{"line":22,"column":5}},"2":{"start":{"line":13,"column":17},"end":{"line":13,"column":18}},"3":{"start":{"line":14,"column":8},"end":{"line":21,"column":11}},"4":{"start":{"line":23,"column":4},"end":{"line":23,"column":21}},"5":{"start":{"line":34,"column":4},"end":{"line":50,"column":7}},"6":{"start":{"line":35,"column":8},"end":{"line":35,"column":64}},"7":{"start":{"line":36,"column":8},"end":{"line":36,"column":64}},"8":{"start":{"line":37,"column":8},"end":{"line":37,"column":30}},"9":{"start":{"line":39,"column":8},"end":{"line":48,"column":9}},"10":{"start":{"line":40,"column":12},"end":{"line":40,"column":28}},"11":{"start":{"line":41,"column":12},"end":{"line":41,"column":75}},"12":{"start":{"line":42,"column":12},"end":{"line":45,"column":52}},"13":{"start":{"line":46,"column":12},"end":{"line":46,"column":23}},"14":{"start":{"line":47,"column":12},"end":{"line":47,"column":24}},"15":{"start":{"line":49,"column":8},"end":{"line":49,"column":21}}},"fnMap":{"0":{"name":"createParticles","decl":{"start":{"line":11,"column":16},"end":{"line":11,"column":31}},"loc":{"start":{"line":11,"column":54},"end":{"line":24,"column":1}},"line":11},"1":{"name":"updateParticles","decl":{"start":{"line":33,"column":16},"end":{"line":33,"column":31}},"loc":{"start":{"line":33,"column":58},"end":{"line":51,"column":1}},"line":33},"2":{"name":"(anonymous_2)","decl":{"start":{"line":34,"column":28},"end":{"line":34,"column":29}},"loc":{"start":{"line":34,"column":40},"end":{"line":50,"column":5}},"line":34}},"branchMap":{"0":{"loc":{"start":{"line":39,"column":8},"end":{"line":48,"column":9}},"type":"if","locations":[{"start":{"line":39,"column":8},"end":{"line":48,"column":9}},{"start":{},"end":{}}],"line":39}},"s":{"0":4,"1":4,"2":4,"3":20,"4":4,"5":105,"6":265,"7":265,"8":265,"9":265,"10":260,"11":260,"12":260,"13":260,"14":260,"15":5},"f":{"0":4,"1":105,"2":265},"b":{"0":[260,5]},"_coverageSchema":"1a1c01bbd47fc00a2c39e90264f33305004495a9","hash":"b947b4f9a7da2cff3ba6e03d54e5220cda97b516"}
,"/Users/tlynch/prog/lasers/src/effects/WaveEffect.js": {"path":"/Users/tlynch/prog/lasers/src/effects/WaveEffect.js","statementMap":{"0":{"start":{"line":10,"column":4},"end":{"line":13,"column":6}},"1":{"start":{"line":25,"column":4},"end":{"line":41,"column":7}},"2":{"start":{"line":26,"column":8},"end":{"line":26,"column":25}},"3":{"start":{"line":27,"column":8},"end":{"line":27,"column":29}},"4":{"start":{"line":29,"column":8},"end":{"line":39,"column":9}},"5":{"start":{"line":30,"column":12},"end":{"line":30,"column":28}},"6":{"start":{"line":31,"column":12},"end":{"line":31,"column":94}},"7":{"start":{"line":32,"column":12},"end":{"line":32,"column":51}},"8":{"start":{"line":33,"column":12},"end":{"line":36,"column":53}},"9":{"start":{"line":37,"column":12},"end":{"line":37,"column":25}},"10":{"start":{"line":38,"column":12},"end":{"line":38,"column":24}},"11":{"start":{"line":40,"column":8},"end":{"line":40,"column":21}}},"fnMap":{"0":{"name":"createWave","decl":{"start":{"line":9,"column":16},"end":{"line":9,"column":26}},"loc":{"start":{"line":9,"column":29},"end":{"line":14,"column":1}},"line":9},"1":{"name":"updateWaves","decl":{"start":{"line":24,"column":16},"end":{"line":24,"column":27}},"loc":{"start":{"line":24,"column":62},"end":{"line":42,"column":1}},"line":24},"2":{"name":"(anonymous_2)","decl":{"start":{"line":25,"column":24},"end":{"line":25,"column":25}},"loc":{"start":{"line":25,"column":32},"end":{"line":41,"column":5}},"line":25}},"branchMap":{"0":{"loc":{"start":{"line":29,"column":8},"end":{"line":39,"column":9}},"type":"if","locations":[{"start":{"line":29,"column":8},"end":{"line":39,"column":9}},{"start":{},"end":{}}],"line":29}},"s":{"0":8,"1":11,"2":10,"3":10,"4":10,"5":10,"6":10,"7":10,"8":10,"9":10,"10":10,"11":0},"f":{"0":8,"1":11,"2":10},"b":{"0":[10,0]},"_coverageSchema":"1a1c01bbd47fc00a2c39e90264f33305004495a9","hash":"909b704dd7662527a4b6b5f066edaa215a929a8d"}
,"/Users/tlynch/prog/lasers/src/patterns/HorizontalPattern.js": {"path":"/Users/tlynch/prog/lasers/src/patterns/HorizontalPattern.js","statementMap":{"0":{"start":{"line":14,"column":20},"end":{"line":14,"column":41}},"1":{"start":{"line":15,"column":4},"end":{"line":15,"column":37}},"2":{"start":{"line":16,"column":4},"end":{"line":16,"column":43}},"3":{"start":{"line":19,"column":23},"end":{"line":19,"column":47}},"4":{"start":{"line":20,"column":23},"end":{"line":20,"column":54}},"5":{"start":{"line":23,"column":25},"end":{"line":23,"column":26}},"6":{"start":{"line":24,"column":4},"end":{"line":26,"column":5}},"7":{"start":{"line":25,"column":8},"end":{"line":25,"column":96}},"8":{"start":{"line":29,"column":4},"end":{"line":58,"column":5}},"9":{"start":{"line":29,"column":17},"end":{"line":29,"column":18}},"10":{"start":{"line":30,"column":22},"end":{"line":32,"column":35}},"11":{"start":{"line":34,"column":8},"end":{"line":34,"column":24}},"12":{"start":{"line":37,"column":8},"end":{"line":55,"column":9}},"13":{"start":{"line":37,"column":21},"end":{"line":37,"column":22}},"14":{"start":{"line":38,"column":30},"end":{"line":38,"column":69}},"15":{"start":{"line":39,"column":30},"end":{"line":39,"column":58}},"16":{"start":{"line":42,"column":35},"end":{"line":42,"column":57}},"17":{"start":{"line":43,"column":12},"end":{"line":45,"column":13}},"18":{"start":{"line":44,"column":16},"end":{"line":44,"column":59}},"19":{"start":{"line":47,"column":25},"end":{"line":47,"column":87}},"20":{"start":{"line":48,"column":22},"end":{"line":48,"column":76}},"21":{"start":{"line":50,"column":12},"end":{"line":54,"column":13}},"22":{"start":{"line":51,"column":16},"end":{"line":51,"column":33}},"23":{"start":{"line":53,"column":16},"end":{"line":53,"column":33}},"24":{"start":{"line":57,"column":8},"end":{"line":57,"column":21}}},"fnMap":{"0":{"name":"drawHorizontalLines","decl":{"start":{"line":13,"column":16},"end":{"line":13,"column":35}},"loc":{"start":{"line":13,"column":80},"end":{"line":59,"column":1}},"line":13}},"branchMap":{"0":{"loc":{"start":{"line":24,"column":4},"end":{"line":26,"column":5}},"type":"if","locations":[{"start":{"line":24,"column":4},"end":{"line":26,"column":5}},{"start":{},"end":{}}],"line":24},"1":{"loc":{"start":{"line":43,"column":12},"end":{"line":45,"column":13}},"type":"if","locations":[{"start":{"line":43,"column":12},"end":{"line":45,"column":13}},{"start":{},"end":{}}],"line":43},"2":{"loc":{"start":{"line":50,"column":12},"end":{"line":54,"column":13}},"type":"if","locations":[{"start":{"line":50,"column":12},"end":{"line":54,"column":13}},{"start":{"line":52,"column":19},"end":{"line":54,"column":13}}],"line":50}},"s":{"0":15,"1":15,"2":15,"3":15,"4":15,"5":15,"6":15,"7":1,"8":15,"9":15,"10":57,"11":57,"12":57,"13":57,"14":23136,"15":23136,"16":23136,"17":23136,"18":1200,"19":23136,"20":23136,"21":23136,"22":57,"23":23079,"24":57},"f":{"0":15},"b":{"0":[1,14],"1":[1200,21936],"2":[57,23079]},"_coverageSchema":"1a1c01bbd47fc00a2c39e90264f33305004495a9","hash":"3c0bd2c04b77ca5e0c83583cdde908bd5179c5b9"}
,"/Users/tlynch/prog/lasers/src/patterns/RadialPattern.js": {"path":"/Users/tlynch/prog/lasers/src/patterns/RadialPattern.js","statementMap":{"0":{"start":{"line":14,"column":20},"end":{"line":14,"column":40}},"1":{"start":{"line":15,"column":20},"end":{"line":15,"column":41}},"2":{"start":{"line":18,"column":4},"end":{"line":18,"column":37}},"3":{"start":{"line":19,"column":4},"end":{"line":19,"column":43}},"4":{"start":{"line":21,"column":4},"end":{"line":38,"column":5}},"5":{"start":{"line":21,"column":17},"end":{"line":21,"column":18}},"6":{"start":{"line":22,"column":22},"end":{"line":22,"column":60}},"7":{"start":{"line":23,"column":26},"end":{"line":23,"column":48}},"8":{"start":{"line":26,"column":21},"end":{"line":26,"column":86}},"9":{"start":{"line":27,"column":8},"end":{"line":29,"column":9}},"10":{"start":{"line":28,"column":12},"end":{"line":28,"column":45}},"11":{"start":{"line":31,"column":21},"end":{"line":31,"column":55}},"12":{"start":{"line":32,"column":21},"end":{"line":32,"column":55}},"13":{"start":{"line":34,"column":8},"end":{"line":34,"column":24}},"14":{"start":{"line":35,"column":8},"end":{"line":35,"column":37}},"15":{"start":{"line":36,"column":8},"end":{"line":36,"column":31}},"16":{"start":{"line":37,"column":8},"end":{"line":37,"column":21}}},"fnMap":{"0":{"name":"drawRadialLines","decl":{"start":{"line":13,"column":16},"end":{"line":13,"column":31}},"loc":{"start":{"line":13,"column":76},"end":{"line":39,"column":1}},"line":13}},"branchMap":{"0":{"loc":{"start":{"line":27,"column":8},"end":{"line":29,"column":9}},"type":"if","locations":[{"start":{"line":27,"column":8},"end":{"line":29,"column":9}},{"start":{},"end":{}}],"line":27}},"s":{"0":5,"1":5,"2":5,"3":5,"4":5,"5":5,"6":40,"7":40,"8":40,"9":40,"10":16,"11":40,"12":40,"13":40,"14":40,"15":40,"16":40},"f":{"0":5},"b":{"0":[16,24]},"_coverageSchema":"1a1c01bbd47fc00a2c39e90264f33305004495a9","hash":"c30006d8b533d2e35dfc664b8ce7f8d90d7cc8c4"}
,"/Users/tlynch/prog/lasers/src/utils/AudioUtils.js": {"path":"/Users/tlynch/prog/lasers/src/utils/AudioUtils.js","statementMap":{"0":{"start":{"line":12,"column":25},"end":{"line":12,"column":81}},"1":{"start":{"line":13,"column":19},"end":{"line":13,"column":63}},"2":{"start":{"line":16,"column":23},"end":{"line":16,"column":56}},"3":{"start":{"line":17,"column":4},"end":{"line":17,"column":32}},"4":{"start":{"line":18,"column":4},"end":{"line":18,"column":56}},"5":{"start":{"line":19,"column":4},"end":{"line":19,"column":46}},"6":{"start":{"line":21,"column":21},"end":{"line":21,"column":50}},"7":{"start":{"line":22,"column":4},"end":{"line":22,"column":28}},"8":{"start":{"line":23,"column":4},"end":{"line":23,"column":41}},"9":{"start":{"line":26,"column":4},"end":{"line":26,"column":31}},"10":{"start":{"line":27,"column":4},"end":{"line":27,"column":33}},"11":{"start":{"line":29,"column":4},"end":{"line":33,"column":6}},"12":{"start":{"line":45,"column":17},"end":{"line":45,"column":18}},"13":{"start":{"line":46,"column":4},"end":{"line":48,"column":5}},"14":{"start":{"line":46,"column":17},"end":{"line":46,"column":18}},"15":{"start":{"line":47,"column":8},"end":{"line":47,"column":31}},"16":{"start":{"line":49,"column":4},"end":{"line":49,"column":27}},"17":{"start":{"line":52,"column":16},"end":{"line":52,"column":26}},"18":{"start":{"line":53,"column":4},"end":{"line":55,"column":5}},"19":{"start":{"line":54,"column":8},"end":{"line":54,"column":21}},"20":{"start":{"line":58,"column":4},"end":{"line":58,"column":41}},"21":{"start":{"line":59,"column":4},"end":{"line":59,"column":36}},"22":{"start":{"line":62,"column":16},"end":{"line":62,"column":66}},"23":{"start":{"line":62,"column":57},"end":{"line":62,"column":62}},"24":{"start":{"line":63,"column":16},"end":{"line":63,"column":52}},"25":{"start":{"line":64,"column":4},"end":{"line":64,"column":56}},"26":{"start":{"line":67,"column":4},"end":{"line":71,"column":5}},"27":{"start":{"line":68,"column":8},"end":{"line":68,"column":36}},"28":{"start":{"line":69,"column":8},"end":{"line":69,"column":42}},"29":{"start":{"line":70,"column":8},"end":{"line":70,"column":20}},"30":{"start":{"line":73,"column":4},"end":{"line":73,"column":38}},"31":{"start":{"line":74,"column":4},"end":{"line":74,"column":17}},"32":{"start":{"line":82,"column":4},"end":{"line":93,"column":5}},"33":{"start":{"line":83,"column":33},"end":{"line":83,"column":90}},"34":{"start":{"line":85,"column":8},"end":{"line":89,"column":9}},"35":{"start":{"line":86,"column":12},"end":{"line":86,"column":78}},"36":{"start":{"line":88,"column":12},"end":{"line":88,"column":56}},"37":{"start":{"line":91,"column":8},"end":{"line":91,"column":58}},"38":{"start":{"line":92,"column":8},"end":{"line":92,"column":18}}},"fnMap":{"0":{"name":"initializeAudio","decl":{"start":{"line":11,"column":22},"end":{"line":11,"column":37}},"loc":{"start":{"line":11,"column":56},"end":{"line":34,"column":1}},"line":11},"1":{"name":"detectBeat","decl":{"start":{"line":43,"column":16},"end":{"line":43,"column":26}},"loc":{"start":{"line":43,"column":58},"end":{"line":75,"column":1}},"line":43},"2":{"name":"(anonymous_2)","decl":{"start":{"line":62,"column":47},"end":{"line":62,"column":48}},"loc":{"start":{"line":62,"column":57},"end":{"line":62,"column":62}},"line":62},"3":{"name":"setupAudioInput","decl":{"start":{"line":81,"column":22},"end":{"line":81,"column":37}},"loc":{"start":{"line":81,"column":40},"end":{"line":94,"column":1}},"line":81}},"branchMap":{"0":{"loc":{"start":{"line":12,"column":30},"end":{"line":12,"column":78}},"type":"binary-expr","locations":[{"start":{"line":12,"column":30},"end":{"line":12,"column":49}},{"start":{"line":12,"column":53},"end":{"line":12,"column":78}}],"line":12},"1":{"loc":{"start":{"line":53,"column":4},"end":{"line":55,"column":5}},"type":"if","locations":[{"start":{"line":53,"column":4},"end":{"line":55,"column":5}},{"start":{},"end":{}}],"line":53},"2":{"loc":{"start":{"line":67,"column":4},"end":{"line":71,"column":5}},"type":"if","locations":[{"start":{"line":67,"column":4},"end":{"line":71,"column":5}},{"start":{},"end":{}}],"line":67},"3":{"loc":{"start":{"line":67,"column":8},"end":{"line":67,"column":72}},"type":"binary-expr","locations":[{"start":{"line":67,"column":8},"end":{"line":67,"column":35}},{"start":{"line":67,"column":39},"end":{"line":67,"column":72}}],"line":67},"4":{"loc":{"start":{"line":85,"column":8},"end":{"line":89,"column":9}},"type":"if","locations":[{"start":{"line":85,"column":8},"end":{"line":89,"column":9}},{"start":{"line":87,"column":15},"end":{"line":89,"column":9}}],"line":85},"5":{"loc":{"start":{"line":85,"column":12},"end":{"line":85,"column":87}},"type":"binary-expr","locations":[{"start":{"line":85,"column":12},"end":{"line":85,"column":48}},{"start":{"line":85,"column":52},"end":{"line":85,"column":87}}],"line":85}},"s":{"0":4,"1":4,"2":4,"3":4,"4":4,"5":4,"6":4,"7":4,"8":4,"9":4,"10":4,"11":4,"12":6,"13":6,"14":6,"15":60,"16":6,"17":6,"18":6,"19":1,"20":5,"21":5,"22":5,"23":40,"24":5,"25":5,"26":5,"27":4,"28":4,"29":4,"30":1,"31":1,"32":6,"33":6,"34":5,"35":4,"36":1,"37":4,"38":4},"f":{"0":4,"1":6,"2":40,"3":6},"b":{"0":[4,0],"1":[1,5],"2":[4,1],"3":[5,5],"4":[4,1],"5":[5,1]},"_coverageSchema":"1a1c01bbd47fc00a2c39e90264f33305004495a9","hash":"b6b4b01a3d04bb206b9747043a6ca90e7675fe61"}
,"/Users/tlynch/prog/lasers/src/utils/ColorUtils.js": {"path":"/Users/tlynch/prog/lasers/src/utils/ColorUtils.js","statementMap":{"0":{"start":{"line":13,"column":4},"end":{"line":13,"column":13}},"1":{"start":{"line":14,"column":14},"end":{"line":14,"column":42}},"2":{"start":{"line":15,"column":14},"end":{"line":19,"column":5}},"3":{"start":{"line":16,"column":18},"end":{"line":16,"column":35}},"4":{"start":{"line":17,"column":22},"end":{"line":17,"column":69}},"5":{"start":{"line":18,"column":8},"end":{"line":18,"column":69}},"6":{"start":{"line":20,"column":4},"end":{"line":20,"column":36}},"7":{"start":{"line":28,"column":4},"end":{"line":32,"column":6}},"8":{"start":{"line":41,"column":4},"end":{"line":44,"column":5}},"9":{"start":{"line":42,"column":23},"end":{"line":42,"column":81}},"10":{"start":{"line":43,"column":8},"end":{"line":43,"column":83}},"11":{"start":{"line":45,"column":4},"end":{"line":45,"column":26}},"12":{"start":{"line":60,"column":8},"end":{"line":62,"column":9}},"13":{"start":{"line":61,"column":12},"end":{"line":61,"column":111}},"14":{"start":{"line":63,"column":18},"end":{"line":63,"column":52}},"15":{"start":{"line":64,"column":18},"end":{"line":64,"column":52}},"16":{"start":{"line":65,"column":18},"end":{"line":65,"column":52}},"17":{"start":{"line":66,"column":8},"end":{"line":66,"column":52}}},"fnMap":{"0":{"name":"hslToHex","decl":{"start":{"line":12,"column":16},"end":{"line":12,"column":24}},"loc":{"start":{"line":12,"column":34},"end":{"line":21,"column":1}},"line":12},"1":{"name":"(anonymous_1)","decl":{"start":{"line":15,"column":14},"end":{"line":15,"column":15}},"loc":{"start":{"line":15,"column":19},"end":{"line":19,"column":5}},"line":15},"2":{"name":"generateRandomColor","decl":{"start":{"line":27,"column":16},"end":{"line":27,"column":35}},"loc":{"start":{"line":27,"column":38},"end":{"line":33,"column":1}},"line":27},"3":{"name":"updateCycleColor","decl":{"start":{"line":40,"column":16},"end":{"line":40,"column":32}},"loc":{"start":{"line":40,"column":43},"end":{"line":46,"column":1}},"line":40},"4":{"name":"(anonymous_4)","decl":{"start":{"line":58,"column":4},"end":{"line":58,"column":5}},"loc":{"start":{"line":58,"column":47},"end":{"line":67,"column":5}},"line":58}},"branchMap":{"0":{"loc":{"start":{"line":41,"column":4},"end":{"line":44,"column":5}},"type":"if","locations":[{"start":{"line":41,"column":4},"end":{"line":44,"column":5}},{"start":{},"end":{}}],"line":41},"1":{"loc":{"start":{"line":60,"column":8},"end":{"line":62,"column":9}},"type":"if","locations":[{"start":{"line":60,"column":8},"end":{"line":62,"column":9}},{"start":{},"end":{}}],"line":60}},"s":{"0":13,"1":13,"2":13,"3":39,"4":39,"5":39,"6":13,"7":8,"8":4,"9":3,"10":3,"11":1,"12":6,"13":1,"14":6,"15":6,"16":6,"17":6},"f":{"0":13,"1":39,"2":8,"3":4,"4":6},"b":{"0":[3,1],"1":[1,5]},"_coverageSchema":"1a1c01bbd47fc00a2c39e90264f33305004495a9","hash":"df8c78475860f784159777375251bade97684031"}
}
