{"/Users/tlynch/prog/lasers/src/AudioVisualizer.js": {"path":"/Users/tlynch/prog/lasers/src/AudioVisualizer.js","statementMap":{"0":{"start":{"line":24,"column":8},"end":{"line":24,"column":56}},"1":{"start":{"line":25,"column":8},"end":{"line":25,"column":48}},"2":{"start":{"line":26,"column":8},"end":{"line":26,"column":33}},"3":{"start":{"line":27,"column":8},"end":{"line":27,"column":29}},"4":{"start":{"line":28,"column":8},"end":{"line":28,"column":30}},"5":{"start":{"line":29,"column":8},"end":{"line":29,"column":31}},"6":{"start":{"line":30,"column":8},"end":{"line":30,"column":24}},"7":{"start":{"line":33,"column":8},"end":{"line":41,"column":10}},"8":{"start":{"line":44,"column":8},"end":{"line":44,"column":28}},"9":{"start":{"line":45,"column":8},"end":{"line":45,"column":24}},"10":{"start":{"line":48,"column":8},"end":{"line":48,"column":39}},"11":{"start":{"line":50,"column":8},"end":{"line":50,"column":27}},"12":{"start":{"line":51,"column":8},"end":{"line":51,"column":35}},"13":{"start":{"line":52,"column":8},"end":{"line":52,"column":36}},"14":{"start":{"line":55,"column":8},"end":{"line":55,"column":34}},"15":{"start":{"line":57,"column":8},"end":{"line":57,"column":32}},"16":{"start":{"line":60,"column":8},"end":{"line":60,"column":54}},"17":{"start":{"line":60,"column":33},"end":{"line":60,"column":53}},"18":{"start":{"line":64,"column":8},"end":{"line":64,"column":28}},"19":{"start":{"line":65,"column":8},"end":{"line":65,"column":69}},"20":{"start":{"line":65,"column":48},"end":{"line":65,"column":67}},"21":{"start":{"line":69,"column":8},"end":{"line":69,"column":46}},"22":{"start":{"line":70,"column":8},"end":{"line":70,"column":48}},"23":{"start":{"line":74,"column":8},"end":{"line":90,"column":9}},"24":{"start":{"line":75,"column":12},"end":{"line":77,"column":13}},"25":{"start":{"line":76,"column":16},"end":{"line":76,"column":59}},"26":{"start":{"line":79,"column":26},"end":{"line":79,"column":80}},"27":{"start":{"line":80,"column":12},"end":{"line":80,"column":46}},"28":{"start":{"line":81,"column":12},"end":{"line":81,"column":43}},"29":{"start":{"line":82,"column":12},"end":{"line":82,"column":45}},"30":{"start":{"line":84,"column":12},"end":{"line":84,"column":34}},"31":{"start":{"line":85,"column":12},"end":{"line":85,"column":27}},"32":{"start":{"line":88,"column":12},"end":{"line":88,"column":56}},"33":{"start":{"line":89,"column":12},"end":{"line":89,"column":134}},"34":{"start":{"line":94,"column":8},"end":{"line":98,"column":9}},"35":{"start":{"line":95,"column":12},"end":{"line":95,"column":57}},"36":{"start":{"line":97,"column":12},"end":{"line":97,"column":38}},"37":{"start":{"line":101,"column":14},"end":{"line":146,"column":5}},"38":{"start":{"line":102,"column":8},"end":{"line":102,"column":36}},"39":{"start":{"line":102,"column":29},"end":{"line":102,"column":36}},"40":{"start":{"line":105,"column":8},"end":{"line":105,"column":59}},"41":{"start":{"line":106,"column":21},"end":{"line":106,"column":86}},"42":{"start":{"line":109,"column":8},"end":{"line":111,"column":9}},"43":{"start":{"line":110,"column":12},"end":{"line":110,"column":66}},"44":{"start":{"line":114,"column":26},"end":{"line":114,"column":42}},"45":{"start":{"line":115,"column":8},"end":{"line":115,"column":59}},"46":{"start":{"line":116,"column":8},"end":{"line":116,"column":71}},"47":{"start":{"line":118,"column":27},"end":{"line":121,"column":9}},"48":{"start":{"line":124,"column":8},"end":{"line":128,"column":9}},"49":{"start":{"line":125,"column":12},"end":{"line":125,"column":91}},"50":{"start":{"line":127,"column":12},"end":{"line":127,"column":87}},"51":{"start":{"line":131,"column":8},"end":{"line":134,"column":9}},"52":{"start":{"line":132,"column":12},"end":{"line":132,"column":52}},"53":{"start":{"line":132,"column":22},"end":{"line":132,"column":52}},"54":{"start":{"line":133,"column":12},"end":{"line":133,"column":86}},"55":{"start":{"line":136,"column":8},"end":{"line":139,"column":9}},"56":{"start":{"line":137,"column":12},"end":{"line":137,"column":89}},"57":{"start":{"line":137,"column":22},"end":{"line":137,"column":89}},"58":{"start":{"line":138,"column":12},"end":{"line":138,"column":86}},"59":{"start":{"line":141,"column":8},"end":{"line":143,"column":9}},"60":{"start":{"line":142,"column":12},"end":{"line":142,"column":83}},"61":{"start":{"line":145,"column":8},"end":{"line":145,"column":44}},"62":{"start":{"line":150,"column":34},"end":{"line":158,"column":9}},"63":{"start":{"line":151,"column":30},"end":{"line":151,"column":65}},"64":{"start":{"line":152,"column":12},"end":{"line":157,"column":13}},"65":{"start":{"line":153,"column":37},"end":{"line":153,"column":78}},"66":{"start":{"line":154,"column":16},"end":{"line":156,"column":17}},"67":{"start":{"line":155,"column":20},"end":{"line":155,"column":60}},"68":{"start":{"line":161,"column":34},"end":{"line":172,"column":9}},"69":{"start":{"line":162,"column":28},"end":{"line":162,"column":62}},"70":{"start":{"line":163,"column":12},"end":{"line":171,"column":13}},"71":{"start":{"line":164,"column":16},"end":{"line":168,"column":19}},"72":{"start":{"line":165,"column":20},"end":{"line":165,"column":74}},"73":{"start":{"line":166,"column":20},"end":{"line":166,"column":48}},"74":{"start":{"line":167,"column":20},"end":{"line":167,"column":40}},"75":{"start":{"line":170,"column":16},"end":{"line":170,"column":43}},"76":{"start":{"line":175,"column":30},"end":{"line":175,"column":67}},"77":{"start":{"line":176,"column":8},"end":{"line":178,"column":9}},"78":{"start":{"line":177,"column":12},"end":{"line":177,"column":77}},"79":{"start":{"line":177,"column":58},"end":{"line":177,"column":75}},"80":{"start":{"line":181,"column":30},"end":{"line":181,"column":70}},"81":{"start":{"line":182,"column":8},"end":{"line":190,"column":9}},"82":{"start":{"line":183,"column":12},"end":{"line":189,"column":15}},"83":{"start":{"line":184,"column":16},"end":{"line":188,"column":17}},"84":{"start":{"line":185,"column":20},"end":{"line":185,"column":65}},"85":{"start":{"line":187,"column":20},"end":{"line":187,"column":46}},"86":{"start":{"line":193,"column":31},"end":{"line":193,"column":72}},"87":{"start":{"line":194,"column":8},"end":{"line":201,"column":9}},"88":{"start":{"line":195,"column":12},"end":{"line":200,"column":15}},"89":{"start":{"line":196,"column":38},"end":{"line":196,"column":73}},"90":{"start":{"line":197,"column":16},"end":{"line":199,"column":17}},"91":{"start":{"line":198,"column":20},"end":{"line":198,"column":62}},"92":{"start":{"line":204,"column":28},"end":{"line":204,"column":66}},"93":{"start":{"line":205,"column":8},"end":{"line":210,"column":9}},"94":{"start":{"line":206,"column":12},"end":{"line":209,"column":15}},"95":{"start":{"line":207,"column":16},"end":{"line":207,"column":53}},"96":{"start":{"line":208,"column":16},"end":{"line":208,"column":36}},"97":{"start":{"line":213,"column":8},"end":{"line":213,"column":56}},"98":{"start":{"line":214,"column":8},"end":{"line":214,"column":52}},"99":{"start":{"line":215,"column":8},"end":{"line":215,"column":60}},"100":{"start":{"line":216,"column":8},"end":{"line":216,"column":76}},"101":{"start":{"line":217,"column":8},"end":{"line":217,"column":72}},"102":{"start":{"line":218,"column":8},"end":{"line":218,"column":64}},"103":{"start":{"line":219,"column":8},"end":{"line":219,"column":76}},"104":{"start":{"line":220,"column":8},"end":{"line":220,"column":64}},"105":{"start":{"line":221,"column":8},"end":{"line":221,"column":62}},"106":{"start":{"line":222,"column":8},"end":{"line":222,"column":72}},"107":{"start":{"line":223,"column":8},"end":{"line":223,"column":76}},"108":{"start":{"line":224,"column":8},"end":{"line":224,"column":60}},"109":{"start":{"line":225,"column":8},"end":{"line":225,"column":64}},"110":{"start":{"line":226,"column":8},"end":{"line":226,"column":72}},"111":{"start":{"line":227,"column":8},"end":{"line":227,"column":60}},"112":{"start":{"line":228,"column":8},"end":{"line":228,"column":60}},"113":{"start":{"line":229,"column":8},"end":{"line":229,"column":68}},"114":{"start":{"line":230,"column":8},"end":{"line":230,"column":58}},"115":{"start":{"line":233,"column":28},"end":{"line":233,"column":66}},"116":{"start":{"line":234,"column":8},"end":{"line":240,"column":9}},"117":{"start":{"line":235,"column":12},"end":{"line":239,"column":15}},"118":{"start":{"line":236,"column":16},"end":{"line":236,"column":59}},"119":{"start":{"line":237,"column":16},"end":{"line":237,"column":44}},"120":{"start":{"line":238,"column":16},"end":{"line":238,"column":36}},"121":{"start":{"line":243,"column":26},"end":{"line":243,"column":62}},"122":{"start":{"line":244,"column":8},"end":{"line":250,"column":9}},"123":{"start":{"line":245,"column":12},"end":{"line":249,"column":15}},"124":{"start":{"line":246,"column":16},"end":{"line":246,"column":57}},"125":{"start":{"line":247,"column":16},"end":{"line":247,"column":44}},"126":{"start":{"line":248,"column":16},"end":{"line":248,"column":36}},"127":{"start":{"line":253,"column":33},"end":{"line":253,"column":76}},"128":{"start":{"line":254,"column":8},"end":{"line":259,"column":9}},"129":{"start":{"line":255,"column":12},"end":{"line":258,"column":15}},"130":{"start":{"line":256,"column":16},"end":{"line":256,"column":64}},"131":{"start":{"line":257,"column":16},"end":{"line":257,"column":36}},"132":{"start":{"line":262,"column":32},"end":{"line":262,"column":74}},"133":{"start":{"line":263,"column":8},"end":{"line":268,"column":9}},"134":{"start":{"line":264,"column":12},"end":{"line":267,"column":15}},"135":{"start":{"line":265,"column":16},"end":{"line":265,"column":66}},"136":{"start":{"line":266,"column":16},"end":{"line":266,"column":36}},"137":{"start":{"line":270,"column":28},"end":{"line":270,"column":66}},"138":{"start":{"line":271,"column":8},"end":{"line":276,"column":9}},"139":{"start":{"line":272,"column":12},"end":{"line":275,"column":15}},"140":{"start":{"line":273,"column":16},"end":{"line":273,"column":62}},"141":{"start":{"line":274,"column":16},"end":{"line":274,"column":36}},"142":{"start":{"line":278,"column":30},"end":{"line":278,"column":70}},"143":{"start":{"line":279,"column":8},"end":{"line":284,"column":9}},"144":{"start":{"line":280,"column":12},"end":{"line":283,"column":15}},"145":{"start":{"line":281,"column":16},"end":{"line":281,"column":70}},"146":{"start":{"line":282,"column":16},"end":{"line":282,"column":36}},"147":{"start":{"line":287,"column":29},"end":{"line":287,"column":68}},"148":{"start":{"line":288,"column":8},"end":{"line":292,"column":9}},"149":{"start":{"line":289,"column":12},"end":{"line":291,"column":15}},"150":{"start":{"line":290,"column":16},"end":{"line":290,"column":41}},"151":{"start":{"line":295,"column":30},"end":{"line":295,"column":67}},"152":{"start":{"line":296,"column":8},"end":{"line":299,"column":9}},"153":{"start":{"line":297,"column":12},"end":{"line":297,"column":73}},"154":{"start":{"line":298,"column":12},"end":{"line":298,"column":86}},"155":{"start":{"line":302,"column":30},"end":{"line":302,"column":67}},"156":{"start":{"line":303,"column":8},"end":{"line":307,"column":9}},"157":{"start":{"line":304,"column":12},"end":{"line":306,"column":15}},"158":{"start":{"line":305,"column":16},"end":{"line":305,"column":42}},"159":{"start":{"line":310,"column":29},"end":{"line":310,"column":68}},"160":{"start":{"line":311,"column":8},"end":{"line":315,"column":9}},"161":{"start":{"line":312,"column":12},"end":{"line":314,"column":15}},"162":{"start":{"line":313,"column":16},"end":{"line":313,"column":42}},"163":{"start":{"line":320,"column":34},"end":{"line":328,"column":9}},"164":{"start":{"line":321,"column":30},"end":{"line":321,"column":65}},"165":{"start":{"line":322,"column":12},"end":{"line":327,"column":13}},"166":{"start":{"line":323,"column":37},"end":{"line":323,"column":78}},"167":{"start":{"line":324,"column":16},"end":{"line":326,"column":17}},"168":{"start":{"line":325,"column":20},"end":{"line":325,"column":60}},"169":{"start":{"line":331,"column":35},"end":{"line":331,"column":80}},"170":{"start":{"line":332,"column":8},"end":{"line":338,"column":9}},"171":{"start":{"line":333,"column":12},"end":{"line":337,"column":13}},"172":{"start":{"line":334,"column":16},"end":{"line":334,"column":60}},"173":{"start":{"line":336,"column":16},"end":{"line":336,"column":63}},"174":{"start":{"line":341,"column":30},"end":{"line":341,"column":70}},"175":{"start":{"line":342,"column":8},"end":{"line":348,"column":9}},"176":{"start":{"line":343,"column":12},"end":{"line":347,"column":13}},"177":{"start":{"line":344,"column":16},"end":{"line":344,"column":55}},"178":{"start":{"line":346,"column":16},"end":{"line":346,"column":58}},"179":{"start":{"line":351,"column":25},"end":{"line":374,"column":9}},"180":{"start":{"line":377,"column":27},"end":{"line":381,"column":9}},"181":{"start":{"line":384,"column":8},"end":{"line":396,"column":9}},"182":{"start":{"line":385,"column":28},"end":{"line":385,"column":55}},"183":{"start":{"line":386,"column":12},"end":{"line":395,"column":13}},"184":{"start":{"line":387,"column":16},"end":{"line":394,"column":17}},"185":{"start":{"line":388,"column":20},"end":{"line":388,"column":42}},"186":{"start":{"line":389,"column":20},"end":{"line":389,"column":47}},"187":{"start":{"line":390,"column":23},"end":{"line":394,"column":17}},"188":{"start":{"line":391,"column":20},"end":{"line":391,"column":42}},"189":{"start":{"line":392,"column":23},"end":{"line":394,"column":17}},"190":{"start":{"line":393,"column":20},"end":{"line":393,"column":42}},"191":{"start":{"line":399,"column":8},"end":{"line":404,"column":9}},"192":{"start":{"line":400,"column":28},"end":{"line":400,"column":55}},"193":{"start":{"line":401,"column":12},"end":{"line":403,"column":13}},"194":{"start":{"line":402,"column":16},"end":{"line":402,"column":40}},"195":{"start":{"line":408,"column":8},"end":{"line":411,"column":48}},"196":{"start":{"line":415,"column":8},"end":{"line":418,"column":48}},"197":{"start":{"line":422,"column":8},"end":{"line":422,"column":36}},"198":{"start":{"line":426,"column":8},"end":{"line":426,"column":39}},"199":{"start":{"line":427,"column":8},"end":{"line":427,"column":36}},"200":{"start":{"line":431,"column":8},"end":{"line":431,"column":76}},"201":{"start":{"line":435,"column":8},"end":{"line":435,"column":47}},"202":{"start":{"line":436,"column":8},"end":{"line":436,"column":36}},"203":{"start":{"line":440,"column":8},"end":{"line":440,"column":46}},"204":{"start":{"line":444,"column":8},"end":{"line":449,"column":9}},"205":{"start":{"line":445,"column":12},"end":{"line":448,"column":31}},"206":{"start":{"line":450,"column":8},"end":{"line":450,"column":82}},"207":{"start":{"line":454,"column":8},"end":{"line":456,"column":9}},"208":{"start":{"line":455,"column":12},"end":{"line":455,"column":42}},"209":{"start":{"line":457,"column":8},"end":{"line":460,"column":26}},"210":{"start":{"line":464,"column":8},"end":{"line":469,"column":9}},"211":{"start":{"line":465,"column":12},"end":{"line":468,"column":46}},"212":{"start":{"line":473,"column":8},"end":{"line":473,"column":23}},"213":{"start":{"line":477,"column":30},"end":{"line":477,"column":70}},"214":{"start":{"line":478,"column":8},"end":{"line":480,"column":9}},"215":{"start":{"line":479,"column":12},"end":{"line":479,"column":53}},"216":{"start":{"line":484,"column":29},"end":{"line":484,"column":68}},"217":{"start":{"line":485,"column":8},"end":{"line":530,"column":9}},"218":{"start":{"line":487,"column":12},"end":{"line":487,"column":40}},"219":{"start":{"line":490,"column":35},"end":{"line":503,"column":13}},"220":{"start":{"line":505,"column":12},"end":{"line":520,"column":15}},"221":{"start":{"line":506,"column":31},"end":{"line":506,"column":63}},"222":{"start":{"line":507,"column":16},"end":{"line":507,"column":42}},"223":{"start":{"line":508,"column":16},"end":{"line":518,"column":92}},"224":{"start":{"line":519,"column":16},"end":{"line":519,"column":49}},"225":{"start":{"line":523,"column":33},"end":{"line":523,"column":84}},"226":{"start":{"line":524,"column":12},"end":{"line":529,"column":15}},"227":{"start":{"line":525,"column":31},"end":{"line":525,"column":63}},"228":{"start":{"line":526,"column":16},"end":{"line":526,"column":42}},"229":{"start":{"line":527,"column":16},"end":{"line":527,"column":48}},"230":{"start":{"line":528,"column":16},"end":{"line":528,"column":49}},"231":{"start":{"line":534,"column":32},"end":{"line":534,"column":72}},"232":{"start":{"line":535,"column":8},"end":{"line":535,"column":55}},"233":{"start":{"line":536,"column":8},"end":{"line":536,"column":60}},"234":{"start":{"line":538,"column":8},"end":{"line":541,"column":9}},"235":{"start":{"line":539,"column":12},"end":{"line":539,"column":70}},"236":{"start":{"line":540,"column":12},"end":{"line":540,"column":19}},"237":{"start":{"line":543,"column":27},"end":{"line":543,"column":56}},"238":{"start":{"line":544,"column":8},"end":{"line":544,"column":56}},"239":{"start":{"line":546,"column":8},"end":{"line":549,"column":9}},"240":{"start":{"line":547,"column":12},"end":{"line":547,"column":56}},"241":{"start":{"line":548,"column":12},"end":{"line":548,"column":19}},"242":{"start":{"line":552,"column":29},"end":{"line":552,"column":80}},"243":{"start":{"line":555,"column":8},"end":{"line":555,"column":56}},"244":{"start":{"line":558,"column":8},"end":{"line":558,"column":70}},"245":{"start":{"line":561,"column":29},"end":{"line":561,"column":68}},"246":{"start":{"line":562,"column":8},"end":{"line":568,"column":9}},"247":{"start":{"line":563,"column":27},"end":{"line":563,"column":59}},"248":{"start":{"line":564,"column":12},"end":{"line":564,"column":38}},"249":{"start":{"line":565,"column":12},"end":{"line":565,"column":44}},"250":{"start":{"line":566,"column":12},"end":{"line":566,"column":45}},"251":{"start":{"line":567,"column":12},"end":{"line":567,"column":44}},"252":{"start":{"line":571,"column":8},"end":{"line":571,"column":35}},"253":{"start":{"line":575,"column":29},"end":{"line":575,"column":68}},"254":{"start":{"line":576,"column":8},"end":{"line":596,"column":9}},"255":{"start":{"line":577,"column":35},"end":{"line":577,"column":53}},"256":{"start":{"line":580,"column":12},"end":{"line":588,"column":13}},"257":{"start":{"line":581,"column":16},"end":{"line":581,"column":86}},"258":{"start":{"line":584,"column":37},"end":{"line":584,"column":88}},"259":{"start":{"line":585,"column":16},"end":{"line":587,"column":17}},"260":{"start":{"line":586,"column":20},"end":{"line":586,"column":90}},"261":{"start":{"line":591,"column":12},"end":{"line":591,"column":40}},"262":{"start":{"line":592,"column":12},"end":{"line":592,"column":32}},"263":{"start":{"line":595,"column":12},"end":{"line":595,"column":36}},"264":{"start":{"line":600,"column":8},"end":{"line":603,"column":9}},"265":{"start":{"line":601,"column":12},"end":{"line":601,"column":74}},"266":{"start":{"line":602,"column":12},"end":{"line":602,"column":64}},"267":{"start":{"line":608,"column":8},"end":{"line":608,"column":69}},"268":{"start":{"line":609,"column":8},"end":{"line":609,"column":72}},"269":{"start":{"line":610,"column":8},"end":{"line":610,"column":66}},"270":{"start":{"line":613,"column":18},"end":{"line":613,"column":79}},"271":{"start":{"line":614,"column":18},"end":{"line":614,"column":79}},"272":{"start":{"line":615,"column":18},"end":{"line":615,"column":79}},"273":{"start":{"line":616,"column":8},"end":{"line":616,"column":46}},"274":{"start":{"line":619,"column":8},"end":{"line":619,"column":66}},"275":{"start":{"line":620,"column":8},"end":{"line":620,"column":76}},"276":{"start":{"line":621,"column":8},"end":{"line":621,"column":64}},"277":{"start":{"line":622,"column":8},"end":{"line":622,"column":62}},"278":{"start":{"line":625,"column":8},"end":{"line":625,"column":78}},"279":{"start":{"line":626,"column":8},"end":{"line":626,"column":83}},"280":{"start":{"line":627,"column":8},"end":{"line":627,"column":74}},"281":{"start":{"line":628,"column":8},"end":{"line":628,"column":56}},"282":{"start":{"line":631,"column":8},"end":{"line":631,"column":82}},"283":{"start":{"line":632,"column":8},"end":{"line":632,"column":75}},"284":{"start":{"line":633,"column":8},"end":{"line":633,"column":81}},"285":{"start":{"line":636,"column":8},"end":{"line":636,"column":36}},"286":{"start":{"line":637,"column":8},"end":{"line":637,"column":28}}},"fnMap":{"0":{"name":"(anonymous_0)","decl":{"start":{"line":23,"column":4},"end":{"line":23,"column":5}},"loc":{"start":{"line":23,"column":18},"end":{"line":61,"column":5}},"line":23},"1":{"name":"(anonymous_1)","decl":{"start":{"line":60,"column":27},"end":{"line":60,"column":28}},"loc":{"start":{"line":60,"column":33},"end":{"line":60,"column":53}},"line":60},"2":{"name":"(anonymous_2)","decl":{"start":{"line":63,"column":4},"end":{"line":63,"column":5}},"loc":{"start":{"line":63,"column":18},"end":{"line":66,"column":5}},"line":63},"3":{"name":"(anonymous_3)","decl":{"start":{"line":65,"column":42},"end":{"line":65,"column":43}},"loc":{"start":{"line":65,"column":48},"end":{"line":65,"column":67}},"line":65},"4":{"name":"(anonymous_4)","decl":{"start":{"line":68,"column":4},"end":{"line":68,"column":5}},"loc":{"start":{"line":68,"column":19},"end":{"line":71,"column":5}},"line":68},"5":{"name":"(anonymous_5)","decl":{"start":{"line":73,"column":4},"end":{"line":73,"column":5}},"loc":{"start":{"line":73,"column":23},"end":{"line":91,"column":5}},"line":73},"6":{"name":"(anonymous_6)","decl":{"start":{"line":93,"column":4},"end":{"line":93,"column":5}},"loc":{"start":{"line":93,"column":23},"end":{"line":99,"column":5}},"line":93},"7":{"name":"(anonymous_7)","decl":{"start":{"line":101,"column":14},"end":{"line":101,"column":15}},"loc":{"start":{"line":101,"column":20},"end":{"line":146,"column":5}},"line":101},"8":{"name":"(anonymous_8)","decl":{"start":{"line":148,"column":4},"end":{"line":148,"column":5}},"loc":{"start":{"line":148,"column":26},"end":{"line":316,"column":5}},"line":148},"9":{"name":"(anonymous_9)","decl":{"start":{"line":150,"column":34},"end":{"line":150,"column":35}},"loc":{"start":{"line":150,"column":46},"end":{"line":158,"column":9}},"line":150},"10":{"name":"(anonymous_10)","decl":{"start":{"line":161,"column":34},"end":{"line":161,"column":35}},"loc":{"start":{"line":161,"column":83},"end":{"line":172,"column":9}},"line":161},"11":{"name":"(anonymous_11)","decl":{"start":{"line":164,"column":50},"end":{"line":164,"column":51}},"loc":{"start":{"line":164,"column":57},"end":{"line":168,"column":17}},"line":164},"12":{"name":"(anonymous_12)","decl":{"start":{"line":177,"column":52},"end":{"line":177,"column":53}},"loc":{"start":{"line":177,"column":58},"end":{"line":177,"column":75}},"line":177},"13":{"name":"(anonymous_13)","decl":{"start":{"line":183,"column":52},"end":{"line":183,"column":53}},"loc":{"start":{"line":183,"column":58},"end":{"line":189,"column":13}},"line":183},"14":{"name":"(anonymous_14)","decl":{"start":{"line":195,"column":53},"end":{"line":195,"column":54}},"loc":{"start":{"line":195,"column":59},"end":{"line":200,"column":13}},"line":195},"15":{"name":"(anonymous_15)","decl":{"start":{"line":206,"column":50},"end":{"line":206,"column":51}},"loc":{"start":{"line":206,"column":57},"end":{"line":209,"column":13}},"line":206},"16":{"name":"(anonymous_16)","decl":{"start":{"line":235,"column":51},"end":{"line":235,"column":52}},"loc":{"start":{"line":235,"column":58},"end":{"line":239,"column":13}},"line":235},"17":{"name":"(anonymous_17)","decl":{"start":{"line":245,"column":49},"end":{"line":245,"column":50}},"loc":{"start":{"line":245,"column":56},"end":{"line":249,"column":13}},"line":245},"18":{"name":"(anonymous_18)","decl":{"start":{"line":255,"column":56},"end":{"line":255,"column":57}},"loc":{"start":{"line":255,"column":63},"end":{"line":258,"column":13}},"line":255},"19":{"name":"(anonymous_19)","decl":{"start":{"line":264,"column":55},"end":{"line":264,"column":56}},"loc":{"start":{"line":264,"column":62},"end":{"line":267,"column":13}},"line":264},"20":{"name":"(anonymous_20)","decl":{"start":{"line":272,"column":51},"end":{"line":272,"column":52}},"loc":{"start":{"line":272,"column":58},"end":{"line":275,"column":13}},"line":272},"21":{"name":"(anonymous_21)","decl":{"start":{"line":280,"column":53},"end":{"line":280,"column":54}},"loc":{"start":{"line":280,"column":60},"end":{"line":283,"column":13}},"line":280},"22":{"name":"(anonymous_22)","decl":{"start":{"line":289,"column":51},"end":{"line":289,"column":52}},"loc":{"start":{"line":289,"column":57},"end":{"line":291,"column":13}},"line":289},"23":{"name":"(anonymous_23)","decl":{"start":{"line":304,"column":52},"end":{"line":304,"column":53}},"loc":{"start":{"line":304,"column":58},"end":{"line":306,"column":13}},"line":304},"24":{"name":"(anonymous_24)","decl":{"start":{"line":312,"column":52},"end":{"line":312,"column":53}},"loc":{"start":{"line":312,"column":58},"end":{"line":314,"column":13}},"line":312},"25":{"name":"(anonymous_25)","decl":{"start":{"line":318,"column":4},"end":{"line":318,"column":5}},"loc":{"start":{"line":318,"column":27},"end":{"line":405,"column":5}},"line":318},"26":{"name":"(anonymous_26)","decl":{"start":{"line":320,"column":34},"end":{"line":320,"column":35}},"loc":{"start":{"line":320,"column":46},"end":{"line":328,"column":9}},"line":320},"27":{"name":"(anonymous_27)","decl":{"start":{"line":407,"column":4},"end":{"line":407,"column":5}},"loc":{"start":{"line":407,"column":20},"end":{"line":412,"column":5}},"line":407},"28":{"name":"(anonymous_28)","decl":{"start":{"line":414,"column":4},"end":{"line":414,"column":5}},"loc":{"start":{"line":414,"column":30},"end":{"line":419,"column":5}},"line":414},"29":{"name":"(anonymous_29)","decl":{"start":{"line":421,"column":4},"end":{"line":421,"column":5}},"loc":{"start":{"line":421,"column":19},"end":{"line":423,"column":5}},"line":421},"30":{"name":"(anonymous_30)","decl":{"start":{"line":425,"column":4},"end":{"line":425,"column":5}},"loc":{"start":{"line":425,"column":24},"end":{"line":428,"column":5}},"line":425},"31":{"name":"(anonymous_31)","decl":{"start":{"line":430,"column":4},"end":{"line":430,"column":5}},"loc":{"start":{"line":430,"column":26},"end":{"line":432,"column":5}},"line":430},"32":{"name":"(anonymous_32)","decl":{"start":{"line":434,"column":4},"end":{"line":434,"column":5}},"loc":{"start":{"line":434,"column":27},"end":{"line":437,"column":5}},"line":434},"33":{"name":"(anonymous_33)","decl":{"start":{"line":439,"column":4},"end":{"line":439,"column":5}},"loc":{"start":{"line":439,"column":36},"end":{"line":441,"column":5}},"line":439},"34":{"name":"(anonymous_34)","decl":{"start":{"line":443,"column":4},"end":{"line":443,"column":5}},"loc":{"start":{"line":443,"column":26},"end":{"line":451,"column":5}},"line":443},"35":{"name":"(anonymous_35)","decl":{"start":{"line":453,"column":4},"end":{"line":453,"column":5}},"loc":{"start":{"line":453,"column":22},"end":{"line":461,"column":5}},"line":453},"36":{"name":"(anonymous_36)","decl":{"start":{"line":463,"column":4},"end":{"line":463,"column":5}},"loc":{"start":{"line":463,"column":24},"end":{"line":470,"column":5}},"line":463},"37":{"name":"(anonymous_37)","decl":{"start":{"line":472,"column":4},"end":{"line":472,"column":5}},"loc":{"start":{"line":472,"column":18},"end":{"line":474,"column":5}},"line":472},"38":{"name":"(anonymous_38)","decl":{"start":{"line":476,"column":4},"end":{"line":476,"column":5}},"loc":{"start":{"line":476,"column":21},"end":{"line":481,"column":5}},"line":476},"39":{"name":"(anonymous_39)","decl":{"start":{"line":483,"column":4},"end":{"line":483,"column":5}},"loc":{"start":{"line":483,"column":25},"end":{"line":531,"column":5}},"line":483},"40":{"name":"(anonymous_40)","decl":{"start":{"line":505,"column":35},"end":{"line":505,"column":36}},"loc":{"start":{"line":505,"column":49},"end":{"line":520,"column":13}},"line":505},"41":{"name":"(anonymous_41)","decl":{"start":{"line":524,"column":46},"end":{"line":524,"column":47}},"loc":{"start":{"line":524,"column":60},"end":{"line":529,"column":13}},"line":524},"42":{"name":"(anonymous_42)","decl":{"start":{"line":533,"column":4},"end":{"line":533,"column":5}},"loc":{"start":{"line":533,"column":20},"end":{"line":572,"column":5}},"line":533},"43":{"name":"(anonymous_43)","decl":{"start":{"line":574,"column":4},"end":{"line":574,"column":5}},"loc":{"start":{"line":574,"column":25},"end":{"line":597,"column":5}},"line":574},"44":{"name":"(anonymous_44)","decl":{"start":{"line":599,"column":4},"end":{"line":599,"column":5}},"loc":{"start":{"line":599,"column":23},"end":{"line":604,"column":5}},"line":599},"45":{"name":"(anonymous_45)","decl":{"start":{"line":606,"column":4},"end":{"line":606,"column":5}},"loc":{"start":{"line":606,"column":24},"end":{"line":638,"column":5}},"line":606}},"branchMap":{"0":{"loc":{"start":{"line":75,"column":12},"end":{"line":77,"column":13}},"type":"if","locations":[{"start":{"line":75,"column":12},"end":{"line":77,"column":13}},{"start":{},"end":{}}],"line":75},"1":{"loc":{"start":{"line":94,"column":8},"end":{"line":98,"column":9}},"type":"if","locations":[{"start":{"line":94,"column":8},"end":{"line":98,"column":9}},{"start":{"line":96,"column":15},"end":{"line":98,"column":9}}],"line":94},"2":{"loc":{"start":{"line":102,"column":8},"end":{"line":102,"column":36}},"type":"if","locations":[{"start":{"line":102,"column":8},"end":{"line":102,"column":36}},{"start":{},"end":{}}],"line":102},"3":{"loc":{"start":{"line":109,"column":8},"end":{"line":111,"column":9}},"type":"if","locations":[{"start":{"line":109,"column":8},"end":{"line":111,"column":9}},{"start":{},"end":{}}],"line":109},"4":{"loc":{"start":{"line":114,"column":26},"end":{"line":114,"column":42}},"type":"cond-expr","locations":[{"start":{"line":114,"column":33},"end":{"line":114,"column":36}},{"start":{"line":114,"column":39},"end":{"line":114,"column":42}}],"line":114},"5":{"loc":{"start":{"line":124,"column":8},"end":{"line":128,"column":9}},"type":"if","locations":[{"start":{"line":124,"column":8},"end":{"line":128,"column":9}},{"start":{"line":126,"column":15},"end":{"line":128,"column":9}}],"line":124},"6":{"loc":{"start":{"line":131,"column":8},"end":{"line":134,"column":9}},"type":"if","locations":[{"start":{"line":131,"column":8},"end":{"line":134,"column":9}},{"start":{},"end":{}}],"line":131},"7":{"loc":{"start":{"line":132,"column":12},"end":{"line":132,"column":52}},"type":"if","locations":[{"start":{"line":132,"column":12},"end":{"line":132,"column":52}},{"start":{},"end":{}}],"line":132},"8":{"loc":{"start":{"line":136,"column":8},"end":{"line":139,"column":9}},"type":"if","locations":[{"start":{"line":136,"column":8},"end":{"line":139,"column":9}},{"start":{},"end":{}}],"line":136},"9":{"loc":{"start":{"line":137,"column":12},"end":{"line":137,"column":89}},"type":"if","locations":[{"start":{"line":137,"column":12},"end":{"line":137,"column":89}},{"start":{},"end":{}}],"line":137},"10":{"loc":{"start":{"line":141,"column":8},"end":{"line":143,"column":9}},"type":"if","locations":[{"start":{"line":141,"column":8},"end":{"line":143,"column":9}},{"start":{},"end":{}}],"line":141},"11":{"loc":{"start":{"line":152,"column":12},"end":{"line":157,"column":13}},"type":"if","locations":[{"start":{"line":152,"column":12},"end":{"line":157,"column":13}},{"start":{},"end":{}}],"line":152},"12":{"loc":{"start":{"line":154,"column":16},"end":{"line":156,"column":17}},"type":"if","locations":[{"start":{"line":154,"column":16},"end":{"line":156,"column":17}},{"start":{},"end":{}}],"line":154},"13":{"loc":{"start":{"line":161,"column":58},"end":{"line":161,"column":78}},"type":"default-arg","locations":[{"start":{"line":161,"column":70},"end":{"line":161,"column":78}}],"line":161},"14":{"loc":{"start":{"line":163,"column":12},"end":{"line":171,"column":13}},"type":"if","locations":[{"start":{"line":163,"column":12},"end":{"line":171,"column":13}},{"start":{},"end":{}}],"line":163},"15":{"loc":{"start":{"line":176,"column":8},"end":{"line":178,"column":9}},"type":"if","locations":[{"start":{"line":176,"column":8},"end":{"line":178,"column":9}},{"start":{},"end":{}}],"line":176},"16":{"loc":{"start":{"line":182,"column":8},"end":{"line":190,"column":9}},"type":"if","locations":[{"start":{"line":182,"column":8},"end":{"line":190,"column":9}},{"start":{},"end":{}}],"line":182},"17":{"loc":{"start":{"line":184,"column":16},"end":{"line":188,"column":17}},"type":"if","locations":[{"start":{"line":184,"column":16},"end":{"line":188,"column":17}},{"start":{"line":186,"column":23},"end":{"line":188,"column":17}}],"line":184},"18":{"loc":{"start":{"line":194,"column":8},"end":{"line":201,"column":9}},"type":"if","locations":[{"start":{"line":194,"column":8},"end":{"line":201,"column":9}},{"start":{},"end":{}}],"line":194},"19":{"loc":{"start":{"line":197,"column":16},"end":{"line":199,"column":17}},"type":"if","locations":[{"start":{"line":197,"column":16},"end":{"line":199,"column":17}},{"start":{},"end":{}}],"line":197},"20":{"loc":{"start":{"line":205,"column":8},"end":{"line":210,"column":9}},"type":"if","locations":[{"start":{"line":205,"column":8},"end":{"line":210,"column":9}},{"start":{},"end":{}}],"line":205},"21":{"loc":{"start":{"line":234,"column":8},"end":{"line":240,"column":9}},"type":"if","locations":[{"start":{"line":234,"column":8},"end":{"line":240,"column":9}},{"start":{},"end":{}}],"line":234},"22":{"loc":{"start":{"line":244,"column":8},"end":{"line":250,"column":9}},"type":"if","locations":[{"start":{"line":244,"column":8},"end":{"line":250,"column":9}},{"start":{},"end":{}}],"line":244},"23":{"loc":{"start":{"line":254,"column":8},"end":{"line":259,"column":9}},"type":"if","locations":[{"start":{"line":254,"column":8},"end":{"line":259,"column":9}},{"start":{},"end":{}}],"line":254},"24":{"loc":{"start":{"line":263,"column":8},"end":{"line":268,"column":9}},"type":"if","locations":[{"start":{"line":263,"column":8},"end":{"line":268,"column":9}},{"start":{},"end":{}}],"line":263},"25":{"loc":{"start":{"line":271,"column":8},"end":{"line":276,"column":9}},"type":"if","locations":[{"start":{"line":271,"column":8},"end":{"line":276,"column":9}},{"start":{},"end":{}}],"line":271},"26":{"loc":{"start":{"line":279,"column":8},"end":{"line":284,"column":9}},"type":"if","locations":[{"start":{"line":279,"column":8},"end":{"line":284,"column":9}},{"start":{},"end":{}}],"line":279},"27":{"loc":{"start":{"line":288,"column":8},"end":{"line":292,"column":9}},"type":"if","locations":[{"start":{"line":288,"column":8},"end":{"line":292,"column":9}},{"start":{},"end":{}}],"line":288},"28":{"loc":{"start":{"line":296,"column":8},"end":{"line":299,"column":9}},"type":"if","locations":[{"start":{"line":296,"column":8},"end":{"line":299,"column":9}},{"start":{},"end":{}}],"line":296},"29":{"loc":{"start":{"line":303,"column":8},"end":{"line":307,"column":9}},"type":"if","locations":[{"start":{"line":303,"column":8},"end":{"line":307,"column":9}},{"start":{},"end":{}}],"line":303},"30":{"loc":{"start":{"line":311,"column":8},"end":{"line":315,"column":9}},"type":"if","locations":[{"start":{"line":311,"column":8},"end":{"line":315,"column":9}},{"start":{},"end":{}}],"line":311},"31":{"loc":{"start":{"line":322,"column":12},"end":{"line":327,"column":13}},"type":"if","locations":[{"start":{"line":322,"column":12},"end":{"line":327,"column":13}},{"start":{},"end":{}}],"line":322},"32":{"loc":{"start":{"line":324,"column":16},"end":{"line":326,"column":17}},"type":"if","locations":[{"start":{"line":324,"column":16},"end":{"line":326,"column":17}},{"start":{},"end":{}}],"line":324},"33":{"loc":{"start":{"line":332,"column":8},"end":{"line":338,"column":9}},"type":"if","locations":[{"start":{"line":332,"column":8},"end":{"line":338,"column":9}},{"start":{},"end":{}}],"line":332},"34":{"loc":{"start":{"line":333,"column":12},"end":{"line":337,"column":13}},"type":"if","locations":[{"start":{"line":333,"column":12},"end":{"line":337,"column":13}},{"start":{"line":335,"column":19},"end":{"line":337,"column":13}}],"line":333},"35":{"loc":{"start":{"line":342,"column":8},"end":{"line":348,"column":9}},"type":"if","locations":[{"start":{"line":342,"column":8},"end":{"line":348,"column":9}},{"start":{},"end":{}}],"line":342},"36":{"loc":{"start":{"line":343,"column":12},"end":{"line":347,"column":13}},"type":"if","locations":[{"start":{"line":343,"column":12},"end":{"line":347,"column":13}},{"start":{"line":345,"column":19},"end":{"line":347,"column":13}}],"line":343},"37":{"loc":{"start":{"line":386,"column":12},"end":{"line":395,"column":13}},"type":"if","locations":[{"start":{"line":386,"column":12},"end":{"line":395,"column":13}},{"start":{},"end":{}}],"line":386},"38":{"loc":{"start":{"line":387,"column":16},"end":{"line":394,"column":17}},"type":"if","locations":[{"start":{"line":387,"column":16},"end":{"line":394,"column":17}},{"start":{"line":390,"column":23},"end":{"line":394,"column":17}}],"line":387},"39":{"loc":{"start":{"line":387,"column":20},"end":{"line":387,"column":73}},"type":"binary-expr","locations":[{"start":{"line":387,"column":20},"end":{"line":387,"column":44}},{"start":{"line":387,"column":48},"end":{"line":387,"column":73}}],"line":387},"40":{"loc":{"start":{"line":390,"column":23},"end":{"line":394,"column":17}},"type":"if","locations":[{"start":{"line":390,"column":23},"end":{"line":394,"column":17}},{"start":{"line":392,"column":23},"end":{"line":394,"column":17}}],"line":390},"41":{"loc":{"start":{"line":392,"column":23},"end":{"line":394,"column":17}},"type":"if","locations":[{"start":{"line":392,"column":23},"end":{"line":394,"column":17}},{"start":{},"end":{}}],"line":392},"42":{"loc":{"start":{"line":401,"column":12},"end":{"line":403,"column":13}},"type":"if","locations":[{"start":{"line":401,"column":12},"end":{"line":403,"column":13}},{"start":{},"end":{}}],"line":401},"43":{"loc":{"start":{"line":401,"column":16},"end":{"line":401,"column":54}},"type":"binary-expr","locations":[{"start":{"line":401,"column":16},"end":{"line":401,"column":23}},{"start":{"line":401,"column":27},"end":{"line":401,"column":54}}],"line":401},"44":{"loc":{"start":{"line":444,"column":8},"end":{"line":449,"column":9}},"type":"if","locations":[{"start":{"line":444,"column":8},"end":{"line":449,"column":9}},{"start":{},"end":{}}],"line":444},"45":{"loc":{"start":{"line":444,"column":12},"end":{"line":444,"column":50}},"type":"binary-expr","locations":[{"start":{"line":444,"column":12},"end":{"line":444,"column":16}},{"start":{"line":444,"column":20},"end":{"line":444,"column":50}}],"line":444},"46":{"loc":{"start":{"line":454,"column":8},"end":{"line":456,"column":9}},"type":"if","locations":[{"start":{"line":454,"column":8},"end":{"line":456,"column":9}},{"start":{},"end":{}}],"line":454},"47":{"loc":{"start":{"line":454,"column":12},"end":{"line":454,"column":46}},"type":"binary-expr","locations":[{"start":{"line":454,"column":12},"end":{"line":454,"column":16}},{"start":{"line":454,"column":20},"end":{"line":454,"column":46}}],"line":454},"48":{"loc":{"start":{"line":464,"column":8},"end":{"line":469,"column":9}},"type":"if","locations":[{"start":{"line":464,"column":8},"end":{"line":469,"column":9}},{"start":{},"end":{}}],"line":464},"49":{"loc":{"start":{"line":478,"column":8},"end":{"line":480,"column":9}},"type":"if","locations":[{"start":{"line":478,"column":8},"end":{"line":480,"column":9}},{"start":{},"end":{}}],"line":478},"50":{"loc":{"start":{"line":485,"column":8},"end":{"line":530,"column":9}},"type":"if","locations":[{"start":{"line":485,"column":8},"end":{"line":530,"column":9}},{"start":{},"end":{}}],"line":485},"51":{"loc":{"start":{"line":508,"column":37},"end":{"line":518,"column":91}},"type":"cond-expr","locations":[{"start":{"line":508,"column":64},"end":{"line":508,"column":73}},{"start":{"line":509,"column":35},"end":{"line":518,"column":91}}],"line":508},"52":{"loc":{"start":{"line":509,"column":35},"end":{"line":518,"column":91}},"type":"cond-expr","locations":[{"start":{"line":509,"column":59},"end":{"line":509,"column":71}},{"start":{"line":510,"column":35},"end":{"line":518,"column":91}}],"line":509},"53":{"loc":{"start":{"line":510,"column":35},"end":{"line":518,"column":91}},"type":"cond-expr","locations":[{"start":{"line":510,"column":61},"end":{"line":510,"column":69}},{"start":{"line":511,"column":35},"end":{"line":518,"column":91}}],"line":510},"54":{"loc":{"start":{"line":511,"column":35},"end":{"line":518,"column":91}},"type":"cond-expr","locations":[{"start":{"line":511,"column":61},"end":{"line":511,"column":75}},{"start":{"line":512,"column":35},"end":{"line":518,"column":91}}],"line":511},"55":{"loc":{"start":{"line":512,"column":35},"end":{"line":518,"column":91}},"type":"cond-expr","locations":[{"start":{"line":512,"column":60},"end":{"line":512,"column":72}},{"start":{"line":513,"column":35},"end":{"line":518,"column":91}}],"line":512},"56":{"loc":{"start":{"line":513,"column":35},"end":{"line":518,"column":91}},"type":"cond-expr","locations":[{"start":{"line":513,"column":59},"end":{"line":513,"column":71}},{"start":{"line":514,"column":35},"end":{"line":518,"column":91}}],"line":513},"57":{"loc":{"start":{"line":514,"column":35},"end":{"line":518,"column":91}},"type":"cond-expr","locations":[{"start":{"line":514,"column":62},"end":{"line":514,"column":76}},{"start":{"line":515,"column":35},"end":{"line":518,"column":91}}],"line":514},"58":{"loc":{"start":{"line":515,"column":35},"end":{"line":518,"column":91}},"type":"cond-expr","locations":[{"start":{"line":515,"column":61},"end":{"line":515,"column":74}},{"start":{"line":516,"column":35},"end":{"line":518,"column":91}}],"line":515},"59":{"loc":{"start":{"line":516,"column":35},"end":{"line":518,"column":91}},"type":"cond-expr","locations":[{"start":{"line":516,"column":60},"end":{"line":516,"column":72}},{"start":{"line":517,"column":35},"end":{"line":518,"column":91}}],"line":516},"60":{"loc":{"start":{"line":517,"column":35},"end":{"line":518,"column":91}},"type":"cond-expr","locations":[{"start":{"line":517,"column":58},"end":{"line":517,"column":70}},{"start":{"line":518,"column":35},"end":{"line":518,"column":91}}],"line":517},"61":{"loc":{"start":{"line":523,"column":44},"end":{"line":523,"column":83}},"type":"binary-expr","locations":[{"start":{"line":523,"column":44},"end":{"line":523,"column":75}},{"start":{"line":523,"column":79},"end":{"line":523,"column":83}}],"line":523},"62":{"loc":{"start":{"line":538,"column":8},"end":{"line":541,"column":9}},"type":"if","locations":[{"start":{"line":538,"column":8},"end":{"line":541,"column":9}},{"start":{},"end":{}}],"line":538},"63":{"loc":{"start":{"line":546,"column":8},"end":{"line":549,"column":9}},"type":"if","locations":[{"start":{"line":546,"column":8},"end":{"line":549,"column":9}},{"start":{},"end":{}}],"line":546},"64":{"loc":{"start":{"line":552,"column":40},"end":{"line":552,"column":79}},"type":"binary-expr","locations":[{"start":{"line":552,"column":40},"end":{"line":552,"column":71}},{"start":{"line":552,"column":75},"end":{"line":552,"column":79}}],"line":552},"65":{"loc":{"start":{"line":562,"column":8},"end":{"line":568,"column":9}},"type":"if","locations":[{"start":{"line":562,"column":8},"end":{"line":568,"column":9}},{"start":{},"end":{}}],"line":562},"66":{"loc":{"start":{"line":576,"column":8},"end":{"line":596,"column":9}},"type":"if","locations":[{"start":{"line":576,"column":8},"end":{"line":596,"column":9}},{"start":{},"end":{}}],"line":576},"67":{"loc":{"start":{"line":580,"column":12},"end":{"line":588,"column":13}},"type":"if","locations":[{"start":{"line":580,"column":12},"end":{"line":588,"column":13}},{"start":{"line":582,"column":19},"end":{"line":588,"column":13}}],"line":580},"68":{"loc":{"start":{"line":584,"column":48},"end":{"line":584,"column":87}},"type":"binary-expr","locations":[{"start":{"line":584,"column":48},"end":{"line":584,"column":79}},{"start":{"line":584,"column":83},"end":{"line":584,"column":87}}],"line":584},"69":{"loc":{"start":{"line":585,"column":16},"end":{"line":587,"column":17}},"type":"if","locations":[{"start":{"line":585,"column":16},"end":{"line":587,"column":17}},{"start":{},"end":{}}],"line":585},"70":{"loc":{"start":{"line":600,"column":8},"end":{"line":603,"column":9}},"type":"if","locations":[{"start":{"line":600,"column":8},"end":{"line":603,"column":9}},{"start":{},"end":{}}],"line":600},"71":{"loc":{"start":{"line":631,"column":36},"end":{"line":631,"column":81}},"type":"cond-expr","locations":[{"start":{"line":631,"column":58},"end":{"line":631,"column":66}},{"start":{"line":631,"column":69},"end":{"line":631,"column":81}}],"line":631},"72":{"loc":{"start":{"line":632,"column":34},"end":{"line":632,"column":74}},"type":"cond-expr","locations":[{"start":{"line":632,"column":56},"end":{"line":632,"column":64}},{"start":{"line":632,"column":67},"end":{"line":632,"column":74}}],"line":632},"73":{"loc":{"start":{"line":633,"column":41},"end":{"line":633,"column":80}},"type":"cond-expr","locations":[{"start":{"line":633,"column":63},"end":{"line":633,"column":71}},{"start":{"line":633,"column":74},"end":{"line":633,"column":80}}],"line":633}},"s":{"0":51,"1":51,"2":51,"3":51,"4":51,"5":51,"6":51,"7":51,"8":51,"9":51,"10":51,"11":51,"12":51,"13":51,"14":51,"15":51,"16":51,"17":0,"18":51,"19":51,"20":18,"21":69,"22":69,"23":2,"24":2,"25":2,"26":1,"27":1,"28":1,"29":1,"30":1,"31":1,"32":1,"33":1,"34":2,"35":1,"36":1,"37":51,"38":4,"39":3,"40":1,"41":1,"42":1,"43":0,"44":1,"45":1,"46":1,"47":1,"48":1,"49":0,"50":1,"51":1,"52":1,"53":1,"54":1,"55":1,"56":1,"57":1,"58":1,"59":1,"60":0,"61":1,"62":52,"63":671,"64":671,"65":0,"66":0,"67":0,"68":52,"69":936,"70":936,"71":671,"72":0,"73":0,"74":0,"75":671,"76":52,"77":52,"78":41,"79":0,"80":52,"81":52,"82":49,"83":0,"84":0,"85":0,"86":52,"87":52,"88":45,"89":1,"90":1,"91":0,"92":52,"93":52,"94":45,"95":0,"96":0,"97":52,"98":52,"99":52,"100":52,"101":52,"102":52,"103":52,"104":52,"105":52,"106":52,"107":52,"108":52,"109":52,"110":52,"111":52,"112":52,"113":52,"114":52,"115":52,"116":52,"117":45,"118":0,"119":0,"120":0,"121":52,"122":52,"123":45,"124":0,"125":0,"126":0,"127":52,"128":52,"129":44,"130":0,"131":0,"132":52,"133":52,"134":41,"135":0,"136":0,"137":52,"138":52,"139":41,"140":0,"141":0,"142":52,"143":52,"144":41,"145":0,"146":0,"147":52,"148":52,"149":41,"150":0,"151":52,"152":52,"153":41,"154":41,"155":52,"156":52,"157":41,"158":0,"159":52,"160":52,"161":42,"162":1,"163":56,"164":683,"165":683,"166":0,"167":0,"168":0,"169":56,"170":56,"171":45,"172":1,"173":44,"174":56,"175":56,"176":45,"177":1,"178":44,"179":56,"180":56,"181":56,"182":1232,"183":1232,"184":869,"185":683,"186":683,"187":186,"188":47,"189":139,"190":139,"191":56,"192":168,"193":168,"194":123,"195":4,"196":6,"197":2,"198":1,"199":1,"200":0,"201":1,"202":1,"203":1,"204":104,"205":3,"206":104,"207":7,"208":4,"209":7,"210":4,"211":3,"212":4,"213":0,"214":0,"215":0,"216":51,"217":51,"218":42,"219":42,"220":42,"221":504,"222":504,"223":504,"224":504,"225":42,"226":42,"227":0,"228":0,"229":0,"230":0,"231":0,"232":0,"233":0,"234":0,"235":0,"236":0,"237":0,"238":0,"239":0,"240":0,"241":0,"242":0,"243":0,"244":0,"245":0,"246":0,"247":0,"248":0,"249":0,"250":0,"251":0,"252":0,"253":1,"254":1,"255":1,"256":1,"257":1,"258":0,"259":0,"260":0,"261":1,"262":1,"263":1,"264":1,"265":0,"266":0,"267":0,"268":0,"269":0,"270":0,"271":0,"272":0,"273":0,"274":0,"275":0,"276":0,"277":0,"278":0,"279":0,"280":0,"281":0,"282":0,"283":0,"284":0,"285":0,"286":0},"f":{"0":51,"1":0,"2":51,"3":18,"4":69,"5":2,"6":2,"7":4,"8":52,"9":671,"10":936,"11":0,"12":0,"13":0,"14":1,"15":0,"16":0,"17":0,"18":0,"19":0,"20":0,"21":0,"22":0,"23":0,"24":1,"25":56,"26":683,"27":4,"28":6,"29":2,"30":1,"31":0,"32":1,"33":1,"34":104,"35":7,"36":4,"37":4,"38":0,"39":51,"40":504,"41":0,"42":0,"43":1,"44":1,"45":0},"b":{"0":[2,0],"1":[1,1],"2":[3,1],"3":[0,1],"4":[1,0],"5":[0,1],"6":[1,0],"7":[1,0],"8":[1,0],"9":[1,0],"10":[0,1],"11":[0,671],"12":[0,0],"13":[572],"14":[671,265],"15":[41,11],"16":[49,3],"17":[0,0],"18":[45,7],"19":[0,1],"20":[45,7],"21":[45,7],"22":[45,7],"23":[44,8],"24":[41,11],"25":[41,11],"26":[41,11],"27":[41,11],"28":[41,11],"29":[41,11],"30":[42,10],"31":[0,683],"32":[0,0],"33":[45,11],"34":[1,44],"35":[45,11],"36":[1,44],"37":[869,363],"38":[683,186],"39":[869,186],"40":[47,139],"41":[139,0],"42":[123,45],"43":[168,123],"44":[3,101],"45":[104,4],"46":[4,3],"47":[7,5],"48":[3,1],"49":[0,0],"50":[42,9],"51":[42,462],"52":[42,420],"53":[42,378],"54":[42,336],"55":[42,294],"56":[42,252],"57":[42,210],"58":[42,168],"59":[42,126],"60":[42,84],"61":[42,42],"62":[0,0],"63":[0,0],"64":[0,0],"65":[0,0],"66":[1,0],"67":[1,0],"68":[0,0],"69":[0,0],"70":[0,1],"71":[0,0],"72":[0,0],"73":[0,0]},"_coverageSchema":"1a1c01bbd47fc00a2c39e90264f33305004495a9","hash":"53e68024c87016809667fe5249fc81e654214bbf"}
,"/Users/tlynch/prog/lasers/src/Settings.js": {"path":"/Users/tlynch/prog/lasers/src/Settings.js","statementMap":{"0":{"start":{"line":10,"column":31},"end":{"line":51,"column":1}},"1":{"start":{"line":56,"column":23},"end":{"line":289,"column":1}},"2":{"start":{"line":296,"column":26},"end":{"line":296,"column":73}},"3":{"start":{"line":297,"column":25},"end":{"line":297,"column":71}},"4":{"start":{"line":299,"column":19},"end":{"line":299,"column":41}},"5":{"start":{"line":301,"column":4},"end":{"line":303,"column":5}},"6":{"start":{"line":302,"column":8},"end":{"line":302,"column":65}},"7":{"start":{"line":305,"column":4},"end":{"line":307,"column":5}},"8":{"start":{"line":306,"column":8},"end":{"line":306,"column":57}},"9":{"start":{"line":309,"column":4},"end":{"line":309,"column":20}},"10":{"start":{"line":317,"column":4},"end":{"line":317,"column":78}},"11":{"start":{"line":318,"column":4},"end":{"line":318,"column":76}},"12":{"start":{"line":327,"column":4},"end":{"line":327,"column":85}},"13":{"start":{"line":336,"column":4},"end":{"line":336,"column":42}},"14":{"start":{"line":337,"column":4},"end":{"line":337,"column":27}},"15":{"start":{"line":345,"column":19},"end":{"line":348,"column":5}},"16":{"start":{"line":346,"column":20},"end":{"line":346,"column":53}},"17":{"start":{"line":347,"column":8},"end":{"line":347,"column":47}},"18":{"start":{"line":350,"column":23},"end":{"line":350,"column":73}},"19":{"start":{"line":350,"column":46},"end":{"line":350,"column":73}},"20":{"start":{"line":352,"column":18},"end":{"line":352,"column":39}},"21":{"start":{"line":354,"column":4},"end":{"line":382,"column":6}}},"fnMap":{"0":{"name":"loadSettings","decl":{"start":{"line":295,"column":16},"end":{"line":295,"column":28}},"loc":{"start":{"line":295,"column":31},"end":{"line":310,"column":1}},"line":295},"1":{"name":"saveSettings","decl":{"start":{"line":316,"column":16},"end":{"line":316,"column":28}},"loc":{"start":{"line":316,"column":39},"end":{"line":319,"column":1}},"line":316},"2":{"name":"loadPreset","decl":{"start":{"line":326,"column":16},"end":{"line":326,"column":26}},"loc":{"start":{"line":326,"column":39},"end":{"line":328,"column":1}},"line":326},"3":{"name":"savePreset","decl":{"start":{"line":335,"column":16},"end":{"line":335,"column":26}},"loc":{"start":{"line":335,"column":49},"end":{"line":338,"column":1}},"line":335},"4":{"name":"randomizeSettings","decl":{"start":{"line":344,"column":16},"end":{"line":344,"column":33}},"loc":{"start":{"line":344,"column":36},"end":{"line":383,"column":1}},"line":344},"5":{"name":"(anonymous_5)","decl":{"start":{"line":345,"column":19},"end":{"line":345,"column":20}},"loc":{"start":{"line":345,"column":50},"end":{"line":348,"column":5}},"line":345},"6":{"name":"(anonymous_6)","decl":{"start":{"line":350,"column":23},"end":{"line":350,"column":24}},"loc":{"start":{"line":350,"column":46},"end":{"line":350,"column":73}},"line":350}},"branchMap":{"0":{"loc":{"start":{"line":301,"column":4},"end":{"line":303,"column":5}},"type":"if","locations":[{"start":{"line":301,"column":4},"end":{"line":303,"column":5}},{"start":{},"end":{}}],"line":301},"1":{"loc":{"start":{"line":305,"column":4},"end":{"line":307,"column":5}},"type":"if","locations":[{"start":{"line":305,"column":4},"end":{"line":307,"column":5}},{"start":{},"end":{}}],"line":305},"2":{"loc":{"start":{"line":327,"column":11},"end":{"line":327,"column":84}},"type":"cond-expr","locations":[{"start":{"line":327,"column":33},"end":{"line":327,"column":59}},{"start":{"line":327,"column":62},"end":{"line":327,"column":84}}],"line":327},"3":{"loc":{"start":{"line":345,"column":30},"end":{"line":345,"column":45}},"type":"default-arg","locations":[{"start":{"line":345,"column":40},"end":{"line":345,"column":45}}],"line":345},"4":{"loc":{"start":{"line":347,"column":15},"end":{"line":347,"column":46}},"type":"cond-expr","locations":[{"start":{"line":347,"column":25},"end":{"line":347,"column":28}},{"start":{"line":347,"column":31},"end":{"line":347,"column":46}}],"line":347},"5":{"loc":{"start":{"line":350,"column":24},"end":{"line":350,"column":41}},"type":"default-arg","locations":[{"start":{"line":350,"column":38},"end":{"line":350,"column":41}}],"line":350},"6":{"loc":{"start":{"line":356,"column":21},"end":{"line":356,"column":59}},"type":"cond-expr","locations":[{"start":{"line":356,"column":36},"end":{"line":356,"column":44}},{"start":{"line":356,"column":47},"end":{"line":356,"column":59}}],"line":356},"7":{"loc":{"start":{"line":357,"column":19},"end":{"line":357,"column":52}},"type":"cond-expr","locations":[{"start":{"line":357,"column":34},"end":{"line":357,"column":42}},{"start":{"line":357,"column":45},"end":{"line":357,"column":52}}],"line":357},"8":{"loc":{"start":{"line":377,"column":26},"end":{"line":377,"column":61}},"type":"cond-expr","locations":[{"start":{"line":377,"column":44},"end":{"line":377,"column":52}},{"start":{"line":377,"column":55},"end":{"line":377,"column":61}}],"line":377}},"s":{"0":4,"1":4,"2":54,"3":54,"4":54,"5":54,"6":2,"7":54,"8":0,"9":54,"10":7,"11":7,"12":3,"13":3,"14":3,"15":5,"16":80,"17":80,"18":5,"19":30,"20":5,"21":5},"f":{"0":54,"1":7,"2":3,"3":3,"4":5,"5":80,"6":30},"b":{"0":[2,52],"1":[0,54],"2":[2,1],"3":[50],"4":[30,50],"5":[10],"6":[2,3],"7":[3,2],"8":[3,2]},"_coverageSchema":"1a1c01bbd47fc00a2c39e90264f33305004495a9","hash":"97cb9e4b580ef123c9c44e5d01661362c7feae46"}
,"/Users/tlynch/prog/lasers/src/effects/FrequencyBars.js": {"path":"/Users/tlynch/prog/lasers/src/effects/FrequencyBars.js","statementMap":{"0":{"start":{"line":13,"column":21},"end":{"line":13,"column":42}},"1":{"start":{"line":14,"column":23},"end":{"line":14,"column":24}},"2":{"start":{"line":15,"column":22},"end":{"line":15,"column":43}},"3":{"start":{"line":17,"column":4},"end":{"line":24,"column":5}},"4":{"start":{"line":17,"column":17},"end":{"line":17,"column":18}},"5":{"start":{"line":18,"column":23},"end":{"line":18,"column":55}},"6":{"start":{"line":19,"column":18},"end":{"line":19,"column":45}},"7":{"start":{"line":20,"column":18},"end":{"line":20,"column":44}},"8":{"start":{"line":22,"column":8},"end":{"line":22,"column":39}},"9":{"start":{"line":23,"column":8},"end":{"line":23,"column":45}}},"fnMap":{"0":{"name":"drawFrequencyBars","decl":{"start":{"line":12,"column":16},"end":{"line":12,"column":33}},"loc":{"start":{"line":12,"column":72},"end":{"line":25,"column":1}},"line":12}},"branchMap":{},"s":{"0":3,"1":3,"2":3,"3":3,"4":3,"5":192,"6":192,"7":192,"8":192,"9":192},"f":{"0":3},"b":{},"_coverageSchema":"1a1c01bbd47fc00a2c39e90264f33305004495a9","hash":"0aaf62474958f44e26cc091a7ebb65190bf414b6"}
,"/Users/tlynch/prog/lasers/src/effects/ParticleEffect.js": {"path":"/Users/tlynch/prog/lasers/src/effects/ParticleEffect.js","statementMap":{"0":{"start":{"line":12,"column":22},"end":{"line":12,"column":24}},"1":{"start":{"line":13,"column":4},"end":{"line":22,"column":5}},"2":{"start":{"line":13,"column":17},"end":{"line":13,"column":18}},"3":{"start":{"line":14,"column":8},"end":{"line":21,"column":11}},"4":{"start":{"line":23,"column":4},"end":{"line":23,"column":21}},"5":{"start":{"line":34,"column":4},"end":{"line":50,"column":7}},"6":{"start":{"line":35,"column":8},"end":{"line":35,"column":64}},"7":{"start":{"line":36,"column":8},"end":{"line":36,"column":64}},"8":{"start":{"line":37,"column":8},"end":{"line":37,"column":30}},"9":{"start":{"line":39,"column":8},"end":{"line":48,"column":9}},"10":{"start":{"line":40,"column":12},"end":{"line":40,"column":28}},"11":{"start":{"line":41,"column":12},"end":{"line":41,"column":75}},"12":{"start":{"line":42,"column":12},"end":{"line":45,"column":52}},"13":{"start":{"line":46,"column":12},"end":{"line":46,"column":23}},"14":{"start":{"line":47,"column":12},"end":{"line":47,"column":24}},"15":{"start":{"line":49,"column":8},"end":{"line":49,"column":21}}},"fnMap":{"0":{"name":"createParticles","decl":{"start":{"line":11,"column":16},"end":{"line":11,"column":31}},"loc":{"start":{"line":11,"column":54},"end":{"line":24,"column":1}},"line":11},"1":{"name":"updateParticles","decl":{"start":{"line":33,"column":16},"end":{"line":33,"column":31}},"loc":{"start":{"line":33,"column":58},"end":{"line":51,"column":1}},"line":33},"2":{"name":"(anonymous_2)","decl":{"start":{"line":34,"column":28},"end":{"line":34,"column":29}},"loc":{"start":{"line":34,"column":40},"end":{"line":50,"column":5}},"line":34}},"branchMap":{"0":{"loc":{"start":{"line":39,"column":8},"end":{"line":48,"column":9}},"type":"if","locations":[{"start":{"line":39,"column":8},"end":{"line":48,"column":9}},{"start":{},"end":{}}],"line":39}},"s":{"0":4,"1":4,"2":4,"3":20,"4":4,"5":105,"6":265,"7":265,"8":265,"9":265,"10":260,"11":260,"12":260,"13":260,"14":260,"15":5},"f":{"0":4,"1":105,"2":265},"b":{"0":[260,5]},"_coverageSchema":"1a1c01bbd47fc00a2c39e90264f33305004495a9","hash":"b947b4f9a7da2cff3ba6e03d54e5220cda97b516"}
,"/Users/tlynch/prog/lasers/src/effects/WaveEffect.js": {"path":"/Users/tlynch/prog/lasers/src/effects/WaveEffect.js","statementMap":{"0":{"start":{"line":10,"column":4},"end":{"line":13,"column":6}},"1":{"start":{"line":25,"column":4},"end":{"line":41,"column":7}},"2":{"start":{"line":26,"column":8},"end":{"line":26,"column":25}},"3":{"start":{"line":27,"column":8},"end":{"line":27,"column":29}},"4":{"start":{"line":29,"column":8},"end":{"line":39,"column":9}},"5":{"start":{"line":30,"column":12},"end":{"line":30,"column":28}},"6":{"start":{"line":31,"column":12},"end":{"line":31,"column":94}},"7":{"start":{"line":32,"column":12},"end":{"line":32,"column":51}},"8":{"start":{"line":33,"column":12},"end":{"line":36,"column":53}},"9":{"start":{"line":37,"column":12},"end":{"line":37,"column":25}},"10":{"start":{"line":38,"column":12},"end":{"line":38,"column":24}},"11":{"start":{"line":40,"column":8},"end":{"line":40,"column":21}}},"fnMap":{"0":{"name":"createWave","decl":{"start":{"line":9,"column":16},"end":{"line":9,"column":26}},"loc":{"start":{"line":9,"column":29},"end":{"line":14,"column":1}},"line":9},"1":{"name":"updateWaves","decl":{"start":{"line":24,"column":16},"end":{"line":24,"column":27}},"loc":{"start":{"line":24,"column":62},"end":{"line":42,"column":1}},"line":24},"2":{"name":"(anonymous_2)","decl":{"start":{"line":25,"column":24},"end":{"line":25,"column":25}},"loc":{"start":{"line":25,"column":32},"end":{"line":41,"column":5}},"line":25}},"branchMap":{"0":{"loc":{"start":{"line":29,"column":8},"end":{"line":39,"column":9}},"type":"if","locations":[{"start":{"line":29,"column":8},"end":{"line":39,"column":9}},{"start":{},"end":{}}],"line":29}},"s":{"0":8,"1":11,"2":10,"3":10,"4":10,"5":10,"6":10,"7":10,"8":10,"9":10,"10":10,"11":0},"f":{"0":8,"1":11,"2":10},"b":{"0":[10,0]},"_coverageSchema":"1a1c01bbd47fc00a2c39e90264f33305004495a9","hash":"909b704dd7662527a4b6b5f066edaa215a929a8d"}
,"/Users/tlynch/prog/lasers/src/patterns/HorizontalPattern.js": {"path":"/Users/tlynch/prog/lasers/src/patterns/HorizontalPattern.js","statementMap":{"0":{"start":{"line":14,"column":20},"end":{"line":14,"column":41}},"1":{"start":{"line":15,"column":4},"end":{"line":15,"column":37}},"2":{"start":{"line":16,"column":4},"end":{"line":16,"column":43}},"3":{"start":{"line":19,"column":23},"end":{"line":19,"column":47}},"4":{"start":{"line":20,"column":23},"end":{"line":20,"column":54}},"5":{"start":{"line":23,"column":25},"end":{"line":23,"column":26}},"6":{"start":{"line":24,"column":4},"end":{"line":26,"column":5}},"7":{"start":{"line":25,"column":8},"end":{"line":25,"column":96}},"8":{"start":{"line":29,"column":4},"end":{"line":58,"column":5}},"9":{"start":{"line":29,"column":17},"end":{"line":29,"column":18}},"10":{"start":{"line":30,"column":22},"end":{"line":32,"column":35}},"11":{"start":{"line":34,"column":8},"end":{"line":34,"column":24}},"12":{"start":{"line":37,"column":8},"end":{"line":55,"column":9}},"13":{"start":{"line":37,"column":21},"end":{"line":37,"column":22}},"14":{"start":{"line":38,"column":30},"end":{"line":38,"column":69}},"15":{"start":{"line":39,"column":30},"end":{"line":39,"column":58}},"16":{"start":{"line":42,"column":35},"end":{"line":42,"column":57}},"17":{"start":{"line":43,"column":12},"end":{"line":45,"column":13}},"18":{"start":{"line":44,"column":16},"end":{"line":44,"column":59}},"19":{"start":{"line":47,"column":25},"end":{"line":47,"column":87}},"20":{"start":{"line":48,"column":22},"end":{"line":48,"column":76}},"21":{"start":{"line":50,"column":12},"end":{"line":54,"column":13}},"22":{"start":{"line":51,"column":16},"end":{"line":51,"column":33}},"23":{"start":{"line":53,"column":16},"end":{"line":53,"column":33}},"24":{"start":{"line":57,"column":8},"end":{"line":57,"column":21}}},"fnMap":{"0":{"name":"drawHorizontalLines","decl":{"start":{"line":13,"column":16},"end":{"line":13,"column":35}},"loc":{"start":{"line":13,"column":80},"end":{"line":59,"column":1}},"line":13}},"branchMap":{"0":{"loc":{"start":{"line":24,"column":4},"end":{"line":26,"column":5}},"type":"if","locations":[{"start":{"line":24,"column":4},"end":{"line":26,"column":5}},{"start":{},"end":{}}],"line":24},"1":{"loc":{"start":{"line":43,"column":12},"end":{"line":45,"column":13}},"type":"if","locations":[{"start":{"line":43,"column":12},"end":{"line":45,"column":13}},{"start":{},"end":{}}],"line":43},"2":{"loc":{"start":{"line":50,"column":12},"end":{"line":54,"column":13}},"type":"if","locations":[{"start":{"line":50,"column":12},"end":{"line":54,"column":13}},{"start":{"line":52,"column":19},"end":{"line":54,"column":13}}],"line":50}},"s":{"0":15,"1":15,"2":15,"3":15,"4":15,"5":15,"6":15,"7":1,"8":15,"9":15,"10":57,"11":57,"12":57,"13":57,"14":23136,"15":23136,"16":23136,"17":23136,"18":1200,"19":23136,"20":23136,"21":23136,"22":57,"23":23079,"24":57},"f":{"0":15},"b":{"0":[1,14],"1":[1200,21936],"2":[57,23079]},"_coverageSchema":"1a1c01bbd47fc00a2c39e90264f33305004495a9","hash":"3c0bd2c04b77ca5e0c83583cdde908bd5179c5b9"}
,"/Users/tlynch/prog/lasers/src/patterns/RadialPattern.js": {"path":"/Users/tlynch/prog/lasers/src/patterns/RadialPattern.js","statementMap":{"0":{"start":{"line":14,"column":20},"end":{"line":14,"column":40}},"1":{"start":{"line":15,"column":20},"end":{"line":15,"column":41}},"2":{"start":{"line":18,"column":4},"end":{"line":18,"column":37}},"3":{"start":{"line":19,"column":4},"end":{"line":19,"column":43}},"4":{"start":{"line":21,"column":4},"end":{"line":38,"column":5}},"5":{"start":{"line":21,"column":17},"end":{"line":21,"column":18}},"6":{"start":{"line":22,"column":22},"end":{"line":22,"column":60}},"7":{"start":{"line":23,"column":26},"end":{"line":23,"column":48}},"8":{"start":{"line":26,"column":21},"end":{"line":26,"column":86}},"9":{"start":{"line":27,"column":8},"end":{"line":29,"column":9}},"10":{"start":{"line":28,"column":12},"end":{"line":28,"column":45}},"11":{"start":{"line":31,"column":21},"end":{"line":31,"column":55}},"12":{"start":{"line":32,"column":21},"end":{"line":32,"column":55}},"13":{"start":{"line":34,"column":8},"end":{"line":34,"column":24}},"14":{"start":{"line":35,"column":8},"end":{"line":35,"column":37}},"15":{"start":{"line":36,"column":8},"end":{"line":36,"column":31}},"16":{"start":{"line":37,"column":8},"end":{"line":37,"column":21}}},"fnMap":{"0":{"name":"drawRadialLines","decl":{"start":{"line":13,"column":16},"end":{"line":13,"column":31}},"loc":{"start":{"line":13,"column":76},"end":{"line":39,"column":1}},"line":13}},"branchMap":{"0":{"loc":{"start":{"line":27,"column":8},"end":{"line":29,"column":9}},"type":"if","locations":[{"start":{"line":27,"column":8},"end":{"line":29,"column":9}},{"start":{},"end":{}}],"line":27}},"s":{"0":5,"1":5,"2":5,"3":5,"4":5,"5":5,"6":40,"7":40,"8":40,"9":40,"10":16,"11":40,"12":40,"13":40,"14":40,"15":40,"16":40},"f":{"0":5},"b":{"0":[16,24]},"_coverageSchema":"1a1c01bbd47fc00a2c39e90264f33305004495a9","hash":"c30006d8b533d2e35dfc664b8ce7f8d90d7cc8c4"}
,"/Users/tlynch/prog/lasers/src/utils/AudioUtils.js": {"path":"/Users/tlynch/prog/lasers/src/utils/AudioUtils.js","statementMap":{"0":{"start":{"line":12,"column":25},"end":{"line":12,"column":81}},"1":{"start":{"line":13,"column":19},"end":{"line":13,"column":63}},"2":{"start":{"line":16,"column":23},"end":{"line":16,"column":56}},"3":{"start":{"line":17,"column":4},"end":{"line":17,"column":32}},"4":{"start":{"line":18,"column":4},"end":{"line":18,"column":56}},"5":{"start":{"line":19,"column":4},"end":{"line":19,"column":46}},"6":{"start":{"line":21,"column":21},"end":{"line":21,"column":50}},"7":{"start":{"line":22,"column":4},"end":{"line":22,"column":28}},"8":{"start":{"line":23,"column":4},"end":{"line":23,"column":41}},"9":{"start":{"line":26,"column":4},"end":{"line":26,"column":31}},"10":{"start":{"line":27,"column":4},"end":{"line":27,"column":33}},"11":{"start":{"line":29,"column":4},"end":{"line":33,"column":6}},"12":{"start":{"line":45,"column":17},"end":{"line":45,"column":18}},"13":{"start":{"line":47,"column":4},"end":{"line":47,"column":79}},"14":{"start":{"line":47,"column":63},"end":{"line":47,"column":74}},"15":{"start":{"line":48,"column":4},"end":{"line":48,"column":27}},"16":{"start":{"line":50,"column":23},"end":{"line":50,"column":27}},"17":{"start":{"line":51,"column":4},"end":{"line":53,"column":5}},"18":{"start":{"line":52,"column":8},"end":{"line":52,"column":21}},"19":{"start":{"line":57,"column":16},"end":{"line":57,"column":26}},"20":{"start":{"line":58,"column":4},"end":{"line":60,"column":5}},"21":{"start":{"line":59,"column":8},"end":{"line":59,"column":21}},"22":{"start":{"line":63,"column":4},"end":{"line":63,"column":41}},"23":{"start":{"line":64,"column":4},"end":{"line":64,"column":36}},"24":{"start":{"line":67,"column":16},"end":{"line":67,"column":66}},"25":{"start":{"line":67,"column":57},"end":{"line":67,"column":62}},"26":{"start":{"line":68,"column":16},"end":{"line":68,"column":52}},"27":{"start":{"line":69,"column":26},"end":{"line":69,"column":29}},"28":{"start":{"line":70,"column":4},"end":{"line":70,"column":81}},"29":{"start":{"line":73,"column":4},"end":{"line":88,"column":5}},"30":{"start":{"line":76,"column":8},"end":{"line":76,"column":36}},"31":{"start":{"line":77,"column":8},"end":{"line":77,"column":42}},"32":{"start":{"line":78,"column":8},"end":{"line":78,"column":37}},"33":{"start":{"line":79,"column":8},"end":{"line":79,"column":20}},"34":{"start":{"line":81,"column":8},"end":{"line":87,"column":9}},"35":{"start":{"line":82,"column":12},"end":{"line":82,"column":65}},"36":{"start":{"line":83,"column":15},"end":{"line":87,"column":9}},"37":{"start":{"line":84,"column":12},"end":{"line":84,"column":64}},"38":{"start":{"line":85,"column":15},"end":{"line":87,"column":9}},"39":{"start":{"line":86,"column":12},"end":{"line":86,"column":81}},"40":{"start":{"line":90,"column":4},"end":{"line":90,"column":38}},"41":{"start":{"line":91,"column":4},"end":{"line":91,"column":17}},"42":{"start":{"line":99,"column":4},"end":{"line":110,"column":5}},"43":{"start":{"line":100,"column":33},"end":{"line":100,"column":90}},"44":{"start":{"line":102,"column":8},"end":{"line":106,"column":9}},"45":{"start":{"line":103,"column":12},"end":{"line":103,"column":78}},"46":{"start":{"line":105,"column":12},"end":{"line":105,"column":56}},"47":{"start":{"line":108,"column":8},"end":{"line":108,"column":58}},"48":{"start":{"line":109,"column":8},"end":{"line":109,"column":18}}},"fnMap":{"0":{"name":"initializeAudio","decl":{"start":{"line":11,"column":22},"end":{"line":11,"column":37}},"loc":{"start":{"line":11,"column":56},"end":{"line":34,"column":1}},"line":11},"1":{"name":"detectBeat","decl":{"start":{"line":43,"column":16},"end":{"line":43,"column":26}},"loc":{"start":{"line":43,"column":58},"end":{"line":92,"column":1}},"line":43},"2":{"name":"(anonymous_2)","decl":{"start":{"line":47,"column":47},"end":{"line":47,"column":48}},"loc":{"start":{"line":47,"column":63},"end":{"line":47,"column":74}},"line":47},"3":{"name":"(anonymous_3)","decl":{"start":{"line":67,"column":47},"end":{"line":67,"column":48}},"loc":{"start":{"line":67,"column":57},"end":{"line":67,"column":62}},"line":67},"4":{"name":"setupAudioInput","decl":{"start":{"line":98,"column":22},"end":{"line":98,"column":37}},"loc":{"start":{"line":98,"column":40},"end":{"line":111,"column":1}},"line":98}},"branchMap":{"0":{"loc":{"start":{"line":12,"column":30},"end":{"line":12,"column":78}},"type":"binary-expr","locations":[{"start":{"line":12,"column":30},"end":{"line":12,"column":49}},{"start":{"line":12,"column":53},"end":{"line":12,"column":78}}],"line":12},"1":{"loc":{"start":{"line":51,"column":4},"end":{"line":53,"column":5}},"type":"if","locations":[{"start":{"line":51,"column":4},"end":{"line":53,"column":5}},{"start":{},"end":{}}],"line":51},"2":{"loc":{"start":{"line":58,"column":4},"end":{"line":60,"column":5}},"type":"if","locations":[{"start":{"line":58,"column":4},"end":{"line":60,"column":5}},{"start":{},"end":{}}],"line":58},"3":{"loc":{"start":{"line":73,"column":4},"end":{"line":88,"column":5}},"type":"if","locations":[{"start":{"line":73,"column":4},"end":{"line":88,"column":5}},{"start":{"line":80,"column":11},"end":{"line":88,"column":5}}],"line":73},"4":{"loc":{"start":{"line":73,"column":8},"end":{"line":75,"column":26}},"type":"binary-expr","locations":[{"start":{"line":73,"column":8},"end":{"line":73,"column":35}},{"start":{"line":74,"column":8},"end":{"line":74,"column":41}},{"start":{"line":75,"column":8},"end":{"line":75,"column":26}}],"line":73},"5":{"loc":{"start":{"line":81,"column":8},"end":{"line":87,"column":9}},"type":"if","locations":[{"start":{"line":81,"column":8},"end":{"line":87,"column":9}},{"start":{"line":83,"column":15},"end":{"line":87,"column":9}}],"line":81},"6":{"loc":{"start":{"line":83,"column":15},"end":{"line":87,"column":9}},"type":"if","locations":[{"start":{"line":83,"column":15},"end":{"line":87,"column":9}},{"start":{"line":85,"column":15},"end":{"line":87,"column":9}}],"line":83},"7":{"loc":{"start":{"line":85,"column":15},"end":{"line":87,"column":9}},"type":"if","locations":[{"start":{"line":85,"column":15},"end":{"line":87,"column":9}},{"start":{},"end":{}}],"line":85},"8":{"loc":{"start":{"line":102,"column":8},"end":{"line":106,"column":9}},"type":"if","locations":[{"start":{"line":102,"column":8},"end":{"line":106,"column":9}},{"start":{"line":104,"column":15},"end":{"line":106,"column":9}}],"line":102},"9":{"loc":{"start":{"line":102,"column":12},"end":{"line":102,"column":87}},"type":"binary-expr","locations":[{"start":{"line":102,"column":12},"end":{"line":102,"column":48}},{"start":{"line":102,"column":52},"end":{"line":102,"column":87}}],"line":102}},"s":{"0":4,"1":4,"2":4,"3":4,"4":4,"5":4,"6":4,"7":4,"8":4,"9":4,"10":4,"11":4,"12":4,"13":4,"14":120,"15":4,"16":4,"17":4,"18":3,"19":1,"20":1,"21":0,"22":1,"23":1,"24":1,"25":12,"26":1,"27":1,"28":1,"29":1,"30":1,"31":1,"32":1,"33":1,"34":0,"35":0,"36":0,"37":0,"38":0,"39":0,"40":0,"41":0,"42":6,"43":6,"44":5,"45":4,"46":1,"47":4,"48":4},"f":{"0":4,"1":4,"2":120,"3":12,"4":6},"b":{"0":[4,0],"1":[3,1],"2":[0,1],"3":[1,0],"4":[1,1,1],"5":[0,0],"6":[0,0],"7":[0,0],"8":[4,1],"9":[5,1]},"_coverageSchema":"1a1c01bbd47fc00a2c39e90264f33305004495a9","hash":"059e613ac7b6ee814314afa4453bb7d894834862"}
,"/Users/tlynch/prog/lasers/src/utils/ColorUtils.js": {"path":"/Users/tlynch/prog/lasers/src/utils/ColorUtils.js","statementMap":{"0":{"start":{"line":13,"column":4},"end":{"line":13,"column":13}},"1":{"start":{"line":14,"column":14},"end":{"line":14,"column":42}},"2":{"start":{"line":15,"column":14},"end":{"line":19,"column":5}},"3":{"start":{"line":16,"column":18},"end":{"line":16,"column":35}},"4":{"start":{"line":17,"column":22},"end":{"line":17,"column":69}},"5":{"start":{"line":18,"column":8},"end":{"line":18,"column":69}},"6":{"start":{"line":20,"column":4},"end":{"line":20,"column":36}},"7":{"start":{"line":28,"column":4},"end":{"line":32,"column":6}},"8":{"start":{"line":41,"column":4},"end":{"line":44,"column":5}},"9":{"start":{"line":42,"column":23},"end":{"line":42,"column":81}},"10":{"start":{"line":43,"column":8},"end":{"line":43,"column":83}},"11":{"start":{"line":45,"column":4},"end":{"line":45,"column":26}},"12":{"start":{"line":60,"column":8},"end":{"line":62,"column":9}},"13":{"start":{"line":61,"column":12},"end":{"line":61,"column":111}},"14":{"start":{"line":63,"column":18},"end":{"line":63,"column":52}},"15":{"start":{"line":64,"column":18},"end":{"line":64,"column":52}},"16":{"start":{"line":65,"column":18},"end":{"line":65,"column":52}},"17":{"start":{"line":66,"column":8},"end":{"line":66,"column":52}}},"fnMap":{"0":{"name":"hslToHex","decl":{"start":{"line":12,"column":16},"end":{"line":12,"column":24}},"loc":{"start":{"line":12,"column":34},"end":{"line":21,"column":1}},"line":12},"1":{"name":"(anonymous_1)","decl":{"start":{"line":15,"column":14},"end":{"line":15,"column":15}},"loc":{"start":{"line":15,"column":19},"end":{"line":19,"column":5}},"line":15},"2":{"name":"generateRandomColor","decl":{"start":{"line":27,"column":16},"end":{"line":27,"column":35}},"loc":{"start":{"line":27,"column":38},"end":{"line":33,"column":1}},"line":27},"3":{"name":"updateCycleColor","decl":{"start":{"line":40,"column":16},"end":{"line":40,"column":32}},"loc":{"start":{"line":40,"column":43},"end":{"line":46,"column":1}},"line":40},"4":{"name":"(anonymous_4)","decl":{"start":{"line":58,"column":4},"end":{"line":58,"column":5}},"loc":{"start":{"line":58,"column":47},"end":{"line":67,"column":5}},"line":58}},"branchMap":{"0":{"loc":{"start":{"line":41,"column":4},"end":{"line":44,"column":5}},"type":"if","locations":[{"start":{"line":41,"column":4},"end":{"line":44,"column":5}},{"start":{},"end":{}}],"line":41},"1":{"loc":{"start":{"line":60,"column":8},"end":{"line":62,"column":9}},"type":"if","locations":[{"start":{"line":60,"column":8},"end":{"line":62,"column":9}},{"start":{},"end":{}}],"line":60}},"s":{"0":13,"1":13,"2":13,"3":39,"4":39,"5":39,"6":13,"7":8,"8":4,"9":3,"10":3,"11":1,"12":6,"13":1,"14":6,"15":6,"16":6,"17":6},"f":{"0":13,"1":39,"2":8,"3":4,"4":6},"b":{"0":[3,1],"1":[1,5]},"_coverageSchema":"1a1c01bbd47fc00a2c39e90264f33305004495a9","hash":"df8c78475860f784159777375251bade97684031"}
}
