TN:
SF:src/AudioVisualizer.js
FN:23,(anonymous_0)
FN:57,(anonymous_1)
FN:59,(anonymous_2)
FN:62,(anonymous_3)
FN:67,(anonymous_4)
FN:87,(anonymous_5)
FN:95,(anonymous_6)
FN:142,(anonymous_7)
FN:146,(anonymous_8)
FN:152,(anonymous_9)
FN:164,(anonymous_10)
FN:175,(anonymous_11)
FN:184,(anonymous_12)
FN:193,(anonymous_13)
FN:202,(anonymous_14)
FN:211,(anonymous_15)
FN:221,(anonymous_16)
FN:231,(anonymous_17)
FN:240,(anonymous_18)
FN:249,(anonymous_19)
FN:258,(anonymous_20)
FN:267,(anonymous_21)
FN:276,(anonymous_22)
FN:285,(anonymous_23)
FN:295,(anonymous_24)
FN:305,(anonymous_25)
FN:313,(anonymous_26)
FN:321,(anonymous_27)
FN:327,(anonymous_28)
FN:381,(anonymous_29)
FN:388,(anonymous_30)
FN:395,(anonymous_31)
FN:399,(anonymous_32)
FN:404,(anonymous_33)
FN:408,(anonymous_34)
FN:413,(anonymous_35)
FN:417,(anonymous_36)
FN:427,(anonymous_37)
FN:437,(anonymous_38)
FN:446,(anonymous_39)
FN:450,(anonymous_40)
FN:457,(anonymous_41)
FN:478,(anonymous_42)
FN:503,(anonymous_43)
FN:510,(anonymous_44)
FN:526,(anonymous_45)
FN:564,(anonymous_46)
FN:573,(anonymous_47)
FNF:48
FNH:22
FNDA:49,(anonymous_0)
FNDA:49,(anonymous_1)
FNDA:18,(anonymous_2)
FNDA:67,(anonymous_3)
FNDA:2,(anonymous_4)
FNDA:2,(anonymous_5)
FNDA:3,(anonymous_6)
FNDA:50,(anonymous_7)
FNDA:0,(anonymous_8)
FNDA:0,(anonymous_9)
FNDA:2,(anonymous_10)
FNDA:0,(anonymous_11)
FNDA:0,(anonymous_12)
FNDA:0,(anonymous_13)
FNDA:0,(anonymous_14)
FNDA:0,(anonymous_15)
FNDA:0,(anonymous_16)
FNDA:0,(anonymous_17)
FNDA:0,(anonymous_18)
FNDA:0,(anonymous_19)
FNDA:0,(anonymous_20)
FNDA:0,(anonymous_21)
FNDA:0,(anonymous_22)
FNDA:0,(anonymous_23)
FNDA:0,(anonymous_24)
FNDA:0,(anonymous_25)
FNDA:0,(anonymous_26)
FNDA:1,(anonymous_27)
FNDA:54,(anonymous_28)
FNDA:4,(anonymous_29)
FNDA:6,(anonymous_30)
FNDA:2,(anonymous_31)
FNDA:1,(anonymous_32)
FNDA:0,(anonymous_33)
FNDA:1,(anonymous_34)
FNDA:1,(anonymous_35)
FNDA:104,(anonymous_36)
FNDA:7,(anonymous_37)
FNDA:4,(anonymous_38)
FNDA:2,(anonymous_39)
FNDA:0,(anonymous_40)
FNDA:0,(anonymous_41)
FNDA:1,(anonymous_42)
FNDA:0,(anonymous_43)
FNDA:0,(anonymous_44)
FNDA:0,(anonymous_45)
FNDA:0,(anonymous_46)
FNDA:0,(anonymous_47)
DA:24,49
DA:25,49
DA:26,49
DA:27,49
DA:28,49
DA:29,49
DA:30,49
DA:33,49
DA:44,49
DA:45,49
DA:48,49
DA:50,49
DA:51,49
DA:52,49
DA:54,49
DA:58,49
DA:59,49
DA:63,67
DA:64,67
DA:68,2
DA:69,2
DA:70,2
DA:73,1
DA:74,1
DA:75,1
DA:76,1
DA:78,1
DA:79,1
DA:82,1
DA:83,1
DA:88,2
DA:89,1
DA:91,1
DA:95,49
DA:96,3
DA:99,1
DA:100,1
DA:103,1
DA:104,0
DA:108,1
DA:109,1
DA:110,1
DA:112,1
DA:118,1
DA:119,0
DA:121,1
DA:125,1
DA:126,1
DA:127,1
DA:130,1
DA:131,1
DA:132,1
DA:135,1
DA:136,0
DA:139,1
DA:144,50
DA:145,50
DA:146,40
DA:150,50
DA:151,50
DA:152,48
DA:153,0
DA:154,0
DA:156,0
DA:162,50
DA:163,50
DA:164,44
DA:165,2
DA:166,2
DA:167,2
DA:173,50
DA:174,50
DA:175,44
DA:176,0
DA:177,0
DA:182,50
DA:183,50
DA:184,44
DA:185,0
DA:186,0
DA:191,50
DA:192,50
DA:193,44
DA:194,0
DA:195,0
DA:200,50
DA:201,50
DA:202,44
DA:203,0
DA:204,0
DA:209,50
DA:210,50
DA:211,44
DA:212,0
DA:213,0
DA:214,0
DA:219,50
DA:220,50
DA:221,44
DA:222,0
DA:223,0
DA:224,0
DA:229,50
DA:230,50
DA:231,43
DA:232,0
DA:233,0
DA:238,50
DA:239,50
DA:240,43
DA:241,0
DA:242,0
DA:247,50
DA:248,50
DA:249,28
DA:250,0
DA:251,0
DA:256,50
DA:257,50
DA:258,43
DA:259,0
DA:260,0
DA:265,50
DA:266,50
DA:267,43
DA:268,0
DA:269,0
DA:274,50
DA:275,50
DA:276,43
DA:277,0
DA:278,0
DA:283,50
DA:284,50
DA:285,40
DA:286,0
DA:287,0
DA:288,0
DA:293,50
DA:294,50
DA:295,40
DA:296,0
DA:297,0
DA:298,0
DA:303,50
DA:304,50
DA:305,40
DA:306,0
DA:311,50
DA:312,50
DA:313,1
DA:314,0
DA:319,50
DA:320,50
DA:321,41
DA:322,1
DA:329,54
DA:330,54
DA:331,46
DA:332,3
DA:334,43
DA:339,54
DA:340,54
DA:341,46
DA:342,1
DA:344,45
DA:349,54
DA:367,54
DA:368,810
DA:369,810
DA:370,679
DA:371,489
DA:372,190
DA:373,48
DA:374,142
DA:375,142
DA:382,4
DA:389,6
DA:396,2
DA:400,1
DA:401,1
DA:405,0
DA:409,1
DA:410,1
DA:414,1
DA:418,104
DA:419,3
DA:424,104
DA:428,7
DA:429,4
DA:431,7
DA:438,4
DA:439,3
DA:447,2
DA:451,0
DA:452,0
DA:453,0
DA:458,0
DA:459,0
DA:460,0
DA:461,0
DA:464,0
DA:465,0
DA:466,0
DA:467,0
DA:468,0
DA:469,0
DA:470,0
DA:474,0
DA:479,1
DA:480,1
DA:481,1
DA:482,1
DA:484,1
DA:493,0
DA:495,0
DA:498,1
DA:499,1
DA:504,0
DA:505,0
DA:506,0
DA:512,0
DA:513,0
DA:514,0
DA:515,0
DA:516,0
DA:517,0
DA:520,0
DA:521,0
DA:526,3
DA:528,0
DA:564,0
DA:566,0
DA:567,0
DA:568,0
DA:572,0
DA:573,0
LF:237
LH:161
BRDA:69,0,0,2
BRDA:69,0,1,0
BRDA:88,1,0,1
BRDA:88,1,1,1
BRDA:96,2,0,2
BRDA:96,2,1,1
BRDA:103,3,0,0
BRDA:103,3,1,1
BRDA:108,4,0,1
BRDA:108,4,1,0
BRDA:118,5,0,0
BRDA:118,5,1,1
BRDA:125,6,0,1
BRDA:125,6,1,0
BRDA:126,7,0,1
BRDA:126,7,1,0
BRDA:130,8,0,1
BRDA:130,8,1,0
BRDA:131,9,0,1
BRDA:131,9,1,0
BRDA:135,10,0,0
BRDA:135,10,1,1
BRDA:145,11,0,40
BRDA:145,11,1,10
BRDA:151,12,0,48
BRDA:151,12,1,2
BRDA:153,13,0,0
BRDA:153,13,1,0
BRDA:163,14,0,44
BRDA:163,14,1,6
BRDA:166,15,0,2
BRDA:166,15,1,0
BRDA:174,16,0,44
BRDA:174,16,1,6
BRDA:183,17,0,44
BRDA:183,17,1,6
BRDA:192,18,0,44
BRDA:192,18,1,6
BRDA:201,19,0,44
BRDA:201,19,1,6
BRDA:210,20,0,44
BRDA:210,20,1,6
BRDA:220,21,0,44
BRDA:220,21,1,6
BRDA:230,22,0,43
BRDA:230,22,1,7
BRDA:239,23,0,43
BRDA:239,23,1,7
BRDA:248,24,0,28
BRDA:248,24,1,22
BRDA:257,25,0,43
BRDA:257,25,1,7
BRDA:266,26,0,43
BRDA:266,26,1,7
BRDA:275,27,0,43
BRDA:275,27,1,7
BRDA:284,28,0,40
BRDA:284,28,1,10
BRDA:294,29,0,40
BRDA:294,29,1,10
BRDA:304,30,0,40
BRDA:304,30,1,10
BRDA:312,31,0,1
BRDA:312,31,1,49
BRDA:320,32,0,41
BRDA:320,32,1,9
BRDA:330,33,0,46
BRDA:330,33,1,8
BRDA:331,34,0,3
BRDA:331,34,1,43
BRDA:340,35,0,46
BRDA:340,35,1,8
BRDA:341,36,0,1
BRDA:341,36,1,45
BRDA:369,37,0,679
BRDA:369,37,1,131
BRDA:370,38,0,489
BRDA:370,38,1,190
BRDA:370,39,0,679
BRDA:370,39,1,190
BRDA:372,40,0,48
BRDA:372,40,1,142
BRDA:374,41,0,142
BRDA:374,41,1,0
BRDA:418,42,0,3
BRDA:418,42,1,101
BRDA:418,43,0,104
BRDA:418,43,1,4
BRDA:428,44,0,4
BRDA:428,44,1,3
BRDA:428,45,0,7
BRDA:428,45,1,5
BRDA:438,46,0,3
BRDA:438,46,1,1
BRDA:452,47,0,0
BRDA:452,47,1,0
BRDA:459,48,0,0
BRDA:459,48,1,0
BRDA:465,49,0,0
BRDA:465,49,1,0
BRDA:480,50,0,1
BRDA:480,50,1,0
BRDA:482,51,0,1
BRDA:482,51,1,0
BRDA:493,52,0,0
BRDA:493,52,1,0
BRDA:504,53,0,0
BRDA:504,53,1,0
BRDA:566,54,0,0
BRDA:566,54,1,0
BRF:110
BRH:83
end_of_record
TN:
SF:src/Settings.js
FN:118,loadSettings
FN:139,saveSettings
FN:149,loadPreset
FN:158,savePreset
FN:167,randomizeSettings
FN:168,(anonymous_5)
FN:173,(anonymous_6)
FNF:7
FNH:7
FNDA:52,loadSettings
FNDA:7,saveSettings
FNDA:3,loadPreset
FNDA:3,savePreset
FNDA:5,randomizeSettings
FNDA:80,(anonymous_5)
FNDA:30,(anonymous_6)
DA:10,4
DA:56,4
DA:119,52
DA:120,52
DA:122,52
DA:124,52
DA:125,2
DA:128,52
DA:129,0
DA:132,52
DA:140,7
DA:141,7
DA:150,3
DA:159,3
DA:160,3
DA:168,5
DA:169,80
DA:170,80
DA:173,30
DA:175,5
DA:177,5
LF:21
LH:20
BRDA:124,0,0,2
BRDA:124,0,1,50
BRDA:128,1,0,0
BRDA:128,1,1,52
BRDA:150,2,0,2
BRDA:150,2,1,1
BRDA:168,3,0,50
BRDA:170,4,0,30
BRDA:170,4,1,50
BRDA:173,5,0,10
BRDA:179,6,0,2
BRDA:179,6,1,3
BRDA:180,7,0,3
BRDA:180,7,1,2
BRDA:200,8,0,3
BRDA:200,8,1,2
BRF:16
BRH:15
end_of_record
TN:
SF:src/effects/FrequencyBars.js
FN:12,drawFrequencyBars
FNF:1
FNH:1
FNDA:3,drawFrequencyBars
DA:13,3
DA:14,3
DA:15,3
DA:17,3
DA:18,192
DA:19,192
DA:20,192
DA:22,192
DA:23,192
LF:9
LH:9
BRF:0
BRH:0
end_of_record
TN:
SF:src/effects/ParticleEffect.js
FN:11,createParticles
FN:33,updateParticles
FN:34,(anonymous_2)
FNF:3
FNH:3
FNDA:4,createParticles
FNDA:105,updateParticles
FNDA:265,(anonymous_2)
DA:12,4
DA:13,4
DA:14,20
DA:23,4
DA:34,105
DA:35,265
DA:36,265
DA:37,265
DA:39,265
DA:40,260
DA:41,260
DA:42,260
DA:46,260
DA:47,260
DA:49,5
LF:15
LH:15
BRDA:39,0,0,260
BRDA:39,0,1,5
BRF:2
BRH:2
end_of_record
TN:
SF:src/effects/WaveEffect.js
FN:9,createWave
FN:24,updateWaves
FN:25,(anonymous_2)
FNF:3
FNH:3
FNDA:8,createWave
FNDA:11,updateWaves
FNDA:10,(anonymous_2)
DA:10,8
DA:25,11
DA:26,10
DA:27,10
DA:29,10
DA:30,10
DA:31,10
DA:32,10
DA:33,10
DA:37,10
DA:38,10
DA:40,0
LF:12
LH:11
BRDA:29,0,0,10
BRDA:29,0,1,0
BRF:2
BRH:1
end_of_record
TN:
SF:src/patterns/HorizontalPattern.js
FN:13,drawHorizontalLines
FNF:1
FNH:1
FNDA:15,drawHorizontalLines
DA:14,15
DA:15,15
DA:16,15
DA:19,15
DA:20,15
DA:23,15
DA:24,15
DA:25,1
DA:29,15
DA:30,57
DA:34,57
DA:37,57
DA:38,23136
DA:39,23136
DA:42,23136
DA:43,23136
DA:44,1200
DA:47,23136
DA:48,23136
DA:50,23136
DA:51,57
DA:53,23079
DA:57,57
LF:23
LH:23
BRDA:24,0,0,1
BRDA:24,0,1,14
BRDA:43,1,0,1200
BRDA:43,1,1,21936
BRDA:50,2,0,57
BRDA:50,2,1,23079
BRF:6
BRH:6
end_of_record
TN:
SF:src/patterns/RadialPattern.js
FN:13,drawRadialLines
FNF:1
FNH:1
FNDA:5,drawRadialLines
DA:14,5
DA:15,5
DA:18,5
DA:19,5
DA:21,5
DA:22,40
DA:23,40
DA:26,40
DA:27,40
DA:28,16
DA:31,40
DA:32,40
DA:34,40
DA:35,40
DA:36,40
DA:37,40
LF:16
LH:16
BRDA:27,0,0,16
BRDA:27,0,1,24
BRF:2
BRH:2
end_of_record
TN:
SF:src/utils/AudioUtils.js
FN:11,initializeAudio
FN:43,detectBeat
FN:62,(anonymous_2)
FN:81,setupAudioInput
FNF:4
FNH:4
FNDA:4,initializeAudio
FNDA:6,detectBeat
FNDA:40,(anonymous_2)
FNDA:6,setupAudioInput
DA:12,4
DA:13,4
DA:16,4
DA:17,4
DA:18,4
DA:19,4
DA:21,4
DA:22,4
DA:23,4
DA:26,4
DA:27,4
DA:29,4
DA:45,6
DA:46,6
DA:47,60
DA:49,6
DA:52,6
DA:53,6
DA:54,1
DA:58,5
DA:59,5
DA:62,40
DA:63,5
DA:64,5
DA:67,5
DA:68,4
DA:69,4
DA:70,4
DA:73,1
DA:74,1
DA:82,6
DA:83,6
DA:85,5
DA:86,4
DA:88,1
DA:91,4
DA:92,4
LF:37
LH:37
BRDA:12,0,0,4
BRDA:12,0,1,0
BRDA:53,1,0,1
BRDA:53,1,1,5
BRDA:67,2,0,4
BRDA:67,2,1,1
BRDA:67,3,0,5
BRDA:67,3,1,5
BRDA:85,4,0,4
BRDA:85,4,1,1
BRDA:85,5,0,5
BRDA:85,5,1,1
BRF:12
BRH:11
end_of_record
TN:
SF:src/utils/ColorUtils.js
FN:12,hslToHex
FN:15,(anonymous_1)
FN:27,generateRandomColor
FN:40,updateCycleColor
FN:58,(anonymous_4)
FNF:5
FNH:5
FNDA:13,hslToHex
FNDA:39,(anonymous_1)
FNDA:8,generateRandomColor
FNDA:4,updateCycleColor
FNDA:6,(anonymous_4)
DA:13,13
DA:14,13
DA:15,13
DA:16,39
DA:17,39
DA:18,39
DA:20,13
DA:28,8
DA:41,4
DA:42,3
DA:43,3
DA:45,1
DA:60,6
DA:61,1
DA:63,6
DA:64,6
DA:65,6
DA:66,6
LF:18
LH:18
BRDA:41,0,0,3
BRDA:41,0,1,1
BRDA:60,1,0,1
BRDA:60,1,1,5
BRF:4
BRH:4
end_of_record
