TN:
SF:src/AudioVisualizer.js
FN:23,(anonymous_0)
FN:60,(anonymous_1)
FN:63,(anonymous_2)
FN:65,(anonymous_3)
FN:68,(anonymous_4)
FN:73,(anonymous_5)
FN:93,(anonymous_6)
FN:101,(anonymous_7)
FN:148,(anonymous_8)
FN:150,(anonymous_9)
FN:161,(anonymous_10)
FN:164,(anonymous_11)
FN:177,(anonymous_12)
FN:183,(anonymous_13)
FN:195,(anonymous_14)
FN:206,(anonymous_15)
FN:235,(anonymous_16)
FN:245,(anonymous_17)
FN:255,(anonymous_18)
FN:264,(anonymous_19)
FN:272,(anonymous_20)
FN:280,(anonymous_21)
FN:289,(anonymous_22)
FN:304,(anonymous_23)
FN:312,(anonymous_24)
FN:318,(anonymous_25)
FN:320,(anonymous_26)
FN:407,(anonymous_27)
FN:414,(anonymous_28)
FN:421,(anonymous_29)
FN:425,(anonymous_30)
FN:430,(anonymous_31)
FN:434,(anonymous_32)
FN:439,(anonymous_33)
FN:443,(anonymous_34)
FN:453,(anonymous_35)
FN:463,(anonymous_36)
FN:472,(anonymous_37)
FN:476,(anonymous_38)
FN:483,(anonymous_39)
FN:505,(anonymous_40)
FN:524,(anonymous_41)
FN:533,(anonymous_42)
FN:574,(anonymous_43)
FN:599,(anonymous_44)
FN:606,(anonymous_45)
FNF:46
FNH:28
FNDA:51,(anonymous_0)
FNDA:0,(anonymous_1)
FNDA:51,(anonymous_2)
FNDA:18,(anonymous_3)
FNDA:69,(anonymous_4)
FNDA:2,(anonymous_5)
FNDA:2,(anonymous_6)
FNDA:4,(anonymous_7)
FNDA:52,(anonymous_8)
FNDA:671,(anonymous_9)
FNDA:936,(anonymous_10)
FNDA:0,(anonymous_11)
FNDA:0,(anonymous_12)
FNDA:0,(anonymous_13)
FNDA:1,(anonymous_14)
FNDA:0,(anonymous_15)
FNDA:0,(anonymous_16)
FNDA:0,(anonymous_17)
FNDA:0,(anonymous_18)
FNDA:0,(anonymous_19)
FNDA:0,(anonymous_20)
FNDA:0,(anonymous_21)
FNDA:0,(anonymous_22)
FNDA:0,(anonymous_23)
FNDA:1,(anonymous_24)
FNDA:56,(anonymous_25)
FNDA:683,(anonymous_26)
FNDA:4,(anonymous_27)
FNDA:6,(anonymous_28)
FNDA:2,(anonymous_29)
FNDA:1,(anonymous_30)
FNDA:0,(anonymous_31)
FNDA:1,(anonymous_32)
FNDA:1,(anonymous_33)
FNDA:104,(anonymous_34)
FNDA:7,(anonymous_35)
FNDA:4,(anonymous_36)
FNDA:4,(anonymous_37)
FNDA:0,(anonymous_38)
FNDA:51,(anonymous_39)
FNDA:504,(anonymous_40)
FNDA:0,(anonymous_41)
FNDA:0,(anonymous_42)
FNDA:1,(anonymous_43)
FNDA:1,(anonymous_44)
FNDA:0,(anonymous_45)
DA:24,51
DA:25,51
DA:26,51
DA:27,51
DA:28,51
DA:29,51
DA:30,51
DA:33,51
DA:44,51
DA:45,51
DA:48,51
DA:50,51
DA:51,51
DA:52,51
DA:55,51
DA:57,51
DA:60,51
DA:64,51
DA:65,51
DA:69,69
DA:70,69
DA:74,2
DA:75,2
DA:76,2
DA:79,1
DA:80,1
DA:81,1
DA:82,1
DA:84,1
DA:85,1
DA:88,1
DA:89,1
DA:94,2
DA:95,1
DA:97,1
DA:101,51
DA:102,4
DA:105,1
DA:106,1
DA:109,1
DA:110,0
DA:114,1
DA:115,1
DA:116,1
DA:118,1
DA:124,1
DA:125,0
DA:127,1
DA:131,1
DA:132,1
DA:133,1
DA:136,1
DA:137,1
DA:138,1
DA:141,1
DA:142,0
DA:145,1
DA:150,52
DA:151,671
DA:152,671
DA:153,0
DA:154,0
DA:155,0
DA:161,52
DA:162,936
DA:163,936
DA:164,671
DA:165,0
DA:166,0
DA:167,0
DA:170,671
DA:175,52
DA:176,52
DA:177,41
DA:181,52
DA:182,52
DA:183,49
DA:184,0
DA:185,0
DA:187,0
DA:193,52
DA:194,52
DA:195,45
DA:196,1
DA:197,1
DA:198,0
DA:204,52
DA:205,52
DA:206,45
DA:207,0
DA:208,0
DA:213,52
DA:214,52
DA:215,52
DA:216,52
DA:217,52
DA:218,52
DA:219,52
DA:220,52
DA:221,52
DA:222,52
DA:223,52
DA:224,52
DA:225,52
DA:226,52
DA:227,52
DA:228,52
DA:229,52
DA:230,52
DA:233,52
DA:234,52
DA:235,45
DA:236,0
DA:237,0
DA:238,0
DA:243,52
DA:244,52
DA:245,45
DA:246,0
DA:247,0
DA:248,0
DA:253,52
DA:254,52
DA:255,44
DA:256,0
DA:257,0
DA:262,52
DA:263,52
DA:264,41
DA:265,0
DA:266,0
DA:270,52
DA:271,52
DA:272,41
DA:273,0
DA:274,0
DA:278,52
DA:279,52
DA:280,41
DA:281,0
DA:282,0
DA:287,52
DA:288,52
DA:289,41
DA:290,0
DA:295,52
DA:296,52
DA:297,41
DA:298,41
DA:302,52
DA:303,52
DA:304,41
DA:305,0
DA:310,52
DA:311,52
DA:312,42
DA:313,1
DA:320,56
DA:321,683
DA:322,683
DA:323,0
DA:324,0
DA:325,0
DA:331,56
DA:332,56
DA:333,45
DA:334,1
DA:336,44
DA:341,56
DA:342,56
DA:343,45
DA:344,1
DA:346,44
DA:351,56
DA:377,56
DA:384,56
DA:385,1232
DA:386,1232
DA:387,869
DA:388,683
DA:389,683
DA:390,186
DA:391,47
DA:392,139
DA:393,139
DA:399,56
DA:400,168
DA:401,168
DA:402,123
DA:408,4
DA:415,6
DA:422,2
DA:426,1
DA:427,1
DA:431,0
DA:435,1
DA:436,1
DA:440,1
DA:444,104
DA:445,3
DA:450,104
DA:454,7
DA:455,4
DA:457,7
DA:464,4
DA:465,3
DA:473,4
DA:477,0
DA:478,0
DA:479,0
DA:484,51
DA:485,51
DA:487,42
DA:490,42
DA:505,42
DA:506,504
DA:507,504
DA:508,504
DA:519,504
DA:523,42
DA:524,42
DA:525,0
DA:526,0
DA:527,0
DA:528,0
DA:534,0
DA:535,0
DA:536,0
DA:538,0
DA:539,0
DA:540,0
DA:543,0
DA:544,0
DA:546,0
DA:547,0
DA:548,0
DA:552,0
DA:555,0
DA:558,0
DA:561,0
DA:562,0
DA:563,0
DA:564,0
DA:565,0
DA:566,0
DA:567,0
DA:571,0
DA:575,1
DA:576,1
DA:577,1
DA:580,1
DA:581,1
DA:584,0
DA:585,0
DA:586,0
DA:591,1
DA:592,1
DA:595,1
DA:600,1
DA:601,0
DA:602,0
DA:608,0
DA:609,0
DA:610,0
DA:613,0
DA:614,0
DA:615,0
DA:616,0
DA:619,0
DA:620,0
DA:621,0
DA:622,0
DA:625,0
DA:626,0
DA:627,0
DA:628,0
DA:631,0
DA:632,0
DA:633,0
DA:636,0
DA:637,0
LF:281
LH:192
BRDA:75,0,0,2
BRDA:75,0,1,0
BRDA:94,1,0,1
BRDA:94,1,1,1
BRDA:102,2,0,3
BRDA:102,2,1,1
BRDA:109,3,0,0
BRDA:109,3,1,1
BRDA:114,4,0,1
BRDA:114,4,1,0
BRDA:124,5,0,0
BRDA:124,5,1,1
BRDA:131,6,0,1
BRDA:131,6,1,0
BRDA:132,7,0,1
BRDA:132,7,1,0
BRDA:136,8,0,1
BRDA:136,8,1,0
BRDA:137,9,0,1
BRDA:137,9,1,0
BRDA:141,10,0,0
BRDA:141,10,1,1
BRDA:152,11,0,0
BRDA:152,11,1,671
BRDA:154,12,0,0
BRDA:154,12,1,0
BRDA:161,13,0,572
BRDA:163,14,0,671
BRDA:163,14,1,265
BRDA:176,15,0,41
BRDA:176,15,1,11
BRDA:182,16,0,49
BRDA:182,16,1,3
BRDA:184,17,0,0
BRDA:184,17,1,0
BRDA:194,18,0,45
BRDA:194,18,1,7
BRDA:197,19,0,0
BRDA:197,19,1,1
BRDA:205,20,0,45
BRDA:205,20,1,7
BRDA:234,21,0,45
BRDA:234,21,1,7
BRDA:244,22,0,45
BRDA:244,22,1,7
BRDA:254,23,0,44
BRDA:254,23,1,8
BRDA:263,24,0,41
BRDA:263,24,1,11
BRDA:271,25,0,41
BRDA:271,25,1,11
BRDA:279,26,0,41
BRDA:279,26,1,11
BRDA:288,27,0,41
BRDA:288,27,1,11
BRDA:296,28,0,41
BRDA:296,28,1,11
BRDA:303,29,0,41
BRDA:303,29,1,11
BRDA:311,30,0,42
BRDA:311,30,1,10
BRDA:322,31,0,0
BRDA:322,31,1,683
BRDA:324,32,0,0
BRDA:324,32,1,0
BRDA:332,33,0,45
BRDA:332,33,1,11
BRDA:333,34,0,1
BRDA:333,34,1,44
BRDA:342,35,0,45
BRDA:342,35,1,11
BRDA:343,36,0,1
BRDA:343,36,1,44
BRDA:386,37,0,869
BRDA:386,37,1,363
BRDA:387,38,0,683
BRDA:387,38,1,186
BRDA:387,39,0,869
BRDA:387,39,1,186
BRDA:390,40,0,47
BRDA:390,40,1,139
BRDA:392,41,0,139
BRDA:392,41,1,0
BRDA:401,42,0,123
BRDA:401,42,1,45
BRDA:401,43,0,168
BRDA:401,43,1,123
BRDA:444,44,0,3
BRDA:444,44,1,101
BRDA:444,45,0,104
BRDA:444,45,1,4
BRDA:454,46,0,4
BRDA:454,46,1,3
BRDA:454,47,0,7
BRDA:454,47,1,5
BRDA:464,48,0,3
BRDA:464,48,1,1
BRDA:478,49,0,0
BRDA:478,49,1,0
BRDA:485,50,0,42
BRDA:485,50,1,9
BRDA:508,51,0,42
BRDA:508,51,1,462
BRDA:509,52,0,42
BRDA:509,52,1,420
BRDA:510,53,0,42
BRDA:510,53,1,378
BRDA:511,54,0,42
BRDA:511,54,1,336
BRDA:512,55,0,42
BRDA:512,55,1,294
BRDA:513,56,0,42
BRDA:513,56,1,252
BRDA:514,57,0,42
BRDA:514,57,1,210
BRDA:515,58,0,42
BRDA:515,58,1,168
BRDA:516,59,0,42
BRDA:516,59,1,126
BRDA:517,60,0,42
BRDA:517,60,1,84
BRDA:523,61,0,42
BRDA:523,61,1,42
BRDA:538,62,0,0
BRDA:538,62,1,0
BRDA:546,63,0,0
BRDA:546,63,1,0
BRDA:552,64,0,0
BRDA:552,64,1,0
BRDA:562,65,0,0
BRDA:562,65,1,0
BRDA:576,66,0,1
BRDA:576,66,1,0
BRDA:580,67,0,1
BRDA:580,67,1,0
BRDA:584,68,0,0
BRDA:584,68,1,0
BRDA:585,69,0,0
BRDA:585,69,1,0
BRDA:600,70,0,0
BRDA:600,70,1,1
BRDA:631,71,0,0
BRDA:631,71,1,0
BRDA:632,72,0,0
BRDA:632,72,1,0
BRDA:633,73,0,0
BRDA:633,73,1,0
BRF:147
BRH:105
end_of_record
TN:
SF:src/Settings.js
FN:295,loadSettings
FN:316,saveSettings
FN:326,loadPreset
FN:335,savePreset
FN:344,randomizeSettings
FN:345,(anonymous_5)
FN:350,(anonymous_6)
FNF:7
FNH:7
FNDA:54,loadSettings
FNDA:7,saveSettings
FNDA:3,loadPreset
FNDA:3,savePreset
FNDA:5,randomizeSettings
FNDA:80,(anonymous_5)
FNDA:30,(anonymous_6)
DA:10,4
DA:56,4
DA:296,54
DA:297,54
DA:299,54
DA:301,54
DA:302,2
DA:305,54
DA:306,0
DA:309,54
DA:317,7
DA:318,7
DA:327,3
DA:336,3
DA:337,3
DA:345,5
DA:346,80
DA:347,80
DA:350,30
DA:352,5
DA:354,5
LF:21
LH:20
BRDA:301,0,0,2
BRDA:301,0,1,52
BRDA:305,1,0,0
BRDA:305,1,1,54
BRDA:327,2,0,2
BRDA:327,2,1,1
BRDA:345,3,0,50
BRDA:347,4,0,30
BRDA:347,4,1,50
BRDA:350,5,0,10
BRDA:356,6,0,2
BRDA:356,6,1,3
BRDA:357,7,0,3
BRDA:357,7,1,2
BRDA:377,8,0,3
BRDA:377,8,1,2
BRF:16
BRH:15
end_of_record
TN:
SF:src/effects/FrequencyBars.js
FN:12,drawFrequencyBars
FNF:1
FNH:1
FNDA:3,drawFrequencyBars
DA:13,3
DA:14,3
DA:15,3
DA:17,3
DA:18,192
DA:19,192
DA:20,192
DA:22,192
DA:23,192
LF:9
LH:9
BRF:0
BRH:0
end_of_record
TN:
SF:src/effects/ParticleEffect.js
FN:11,createParticles
FN:33,updateParticles
FN:34,(anonymous_2)
FNF:3
FNH:3
FNDA:4,createParticles
FNDA:105,updateParticles
FNDA:265,(anonymous_2)
DA:12,4
DA:13,4
DA:14,20
DA:23,4
DA:34,105
DA:35,265
DA:36,265
DA:37,265
DA:39,265
DA:40,260
DA:41,260
DA:42,260
DA:46,260
DA:47,260
DA:49,5
LF:15
LH:15
BRDA:39,0,0,260
BRDA:39,0,1,5
BRF:2
BRH:2
end_of_record
TN:
SF:src/effects/WaveEffect.js
FN:9,createWave
FN:24,updateWaves
FN:25,(anonymous_2)
FNF:3
FNH:3
FNDA:8,createWave
FNDA:11,updateWaves
FNDA:10,(anonymous_2)
DA:10,8
DA:25,11
DA:26,10
DA:27,10
DA:29,10
DA:30,10
DA:31,10
DA:32,10
DA:33,10
DA:37,10
DA:38,10
DA:40,0
LF:12
LH:11
BRDA:29,0,0,10
BRDA:29,0,1,0
BRF:2
BRH:1
end_of_record
TN:
SF:src/patterns/HorizontalPattern.js
FN:13,drawHorizontalLines
FNF:1
FNH:1
FNDA:15,drawHorizontalLines
DA:14,15
DA:15,15
DA:16,15
DA:19,15
DA:20,15
DA:23,15
DA:24,15
DA:25,1
DA:29,15
DA:30,57
DA:34,57
DA:37,57
DA:38,23136
DA:39,23136
DA:42,23136
DA:43,23136
DA:44,1200
DA:47,23136
DA:48,23136
DA:50,23136
DA:51,57
DA:53,23079
DA:57,57
LF:23
LH:23
BRDA:24,0,0,1
BRDA:24,0,1,14
BRDA:43,1,0,1200
BRDA:43,1,1,21936
BRDA:50,2,0,57
BRDA:50,2,1,23079
BRF:6
BRH:6
end_of_record
TN:
SF:src/patterns/RadialPattern.js
FN:13,drawRadialLines
FNF:1
FNH:1
FNDA:5,drawRadialLines
DA:14,5
DA:15,5
DA:18,5
DA:19,5
DA:21,5
DA:22,40
DA:23,40
DA:26,40
DA:27,40
DA:28,16
DA:31,40
DA:32,40
DA:34,40
DA:35,40
DA:36,40
DA:37,40
LF:16
LH:16
BRDA:27,0,0,16
BRDA:27,0,1,24
BRF:2
BRH:2
end_of_record
TN:
SF:src/utils/AudioUtils.js
FN:11,initializeAudio
FN:43,detectBeat
FN:47,(anonymous_2)
FN:67,(anonymous_3)
FN:98,setupAudioInput
FNF:5
FNH:5
FNDA:4,initializeAudio
FNDA:4,detectBeat
FNDA:120,(anonymous_2)
FNDA:12,(anonymous_3)
FNDA:6,setupAudioInput
DA:12,4
DA:13,4
DA:16,4
DA:17,4
DA:18,4
DA:19,4
DA:21,4
DA:22,4
DA:23,4
DA:26,4
DA:27,4
DA:29,4
DA:45,4
DA:47,120
DA:48,4
DA:50,4
DA:51,4
DA:52,3
DA:57,1
DA:58,1
DA:59,0
DA:63,1
DA:64,1
DA:67,12
DA:68,1
DA:69,1
DA:70,1
DA:73,1
DA:76,1
DA:77,1
DA:78,1
DA:79,1
DA:81,0
DA:82,0
DA:83,0
DA:84,0
DA:85,0
DA:86,0
DA:90,0
DA:91,0
DA:99,6
DA:100,6
DA:102,5
DA:103,4
DA:105,1
DA:108,4
DA:109,4
LF:47
LH:38
BRDA:12,0,0,4
BRDA:12,0,1,0
BRDA:51,1,0,3
BRDA:51,1,1,1
BRDA:58,2,0,0
BRDA:58,2,1,1
BRDA:73,3,0,1
BRDA:73,3,1,0
BRDA:73,4,0,1
BRDA:73,4,1,1
BRDA:73,4,2,1
BRDA:81,5,0,0
BRDA:81,5,1,0
BRDA:83,6,0,0
BRDA:83,6,1,0
BRDA:85,7,0,0
BRDA:85,7,1,0
BRDA:102,8,0,4
BRDA:102,8,1,1
BRDA:102,9,0,5
BRDA:102,9,1,1
BRF:21
BRH:12
end_of_record
TN:
SF:src/utils/ColorUtils.js
FN:12,hslToHex
FN:15,(anonymous_1)
FN:27,generateRandomColor
FN:40,updateCycleColor
FN:58,(anonymous_4)
FNF:5
FNH:5
FNDA:13,hslToHex
FNDA:39,(anonymous_1)
FNDA:8,generateRandomColor
FNDA:4,updateCycleColor
FNDA:6,(anonymous_4)
DA:13,13
DA:14,13
DA:15,13
DA:16,39
DA:17,39
DA:18,39
DA:20,13
DA:28,8
DA:41,4
DA:42,3
DA:43,3
DA:45,1
DA:60,6
DA:61,1
DA:63,6
DA:64,6
DA:65,6
DA:66,6
LF:18
LH:18
BRDA:41,0,0,3
BRDA:41,0,1,1
BRDA:60,1,0,1
BRDA:60,1,1,5
BRF:4
BRH:4
end_of_record
